0001_0193_0332_0208_0104.jpg 1 193 332 208 104
0002_0081_0136_0216_0108.jpg 1 81 136 216 108
0003_0094_0027_0160_0080.jpg 1 94 27 160 80
0004_0140_0430_0316_0158.jpg 1 140 430 316 158
0005_0081_0031_0123_0061.jpg 1 81 31 123 61
0006_0239_0068_0084_0042.jpg 1 239 68 84 42
0007_0098_0040_0190_0095.jpg 1 98 40 190 95
0008_0187_0520_0086_0043.jpg 1 187 520 86 43
0009_0319_0305_0159_0079.jpg 1 319 305 159 79
0010_0038_0021_0107_0053.jpg 1 38 21 107 53
0011_0212_0194_0336_0168.jpg 1 212 194 336 168
0012_0049_0062_0214_0107.jpg 1 49 62 214 107
0013_0018_0054_0155_0077.jpg 1 18 54 155 77
0014_0109_0204_0280_0140.jpg 1 109 204 280 140
0015_0118_0103_0087_0043.jpg 1 118 103 87 43
0016_0285_0273_0322_0161.jpg 1 285 273 322 161
0017_0121_0043_0169_0084.jpg 1 121 43 169 84
0018_0326_0233_0128_0064.jpg 1 326 233 128 64
0019_0039_0113_0200_0100.jpg 1 39 113 200 100
0020_0060_0041_0315_0157.jpg 1 60 41 315 157
0021_0073_0033_0137_0068.jpg 1 73 33 137 68
0022_0178_0071_0415_0207.jpg 1 178 71 415 207
0023_0040_0055_0112_0056.jpg 1 40 55 112 56
0024_0222_0060_0355_0177.jpg 1 222 60 355 177
0025_0014_0096_0121_0060.jpg 1 14 96 121 60
0026_0097_0123_0270_0135.jpg 1 97 123 270 135
0027_0111_0047_0084_0042.jpg 1 111 47 84 42
0028_0027_0055_0196_0098.jpg 1 27 55 196 98
0029_0044_0097_0105_0052.jpg 1 44 97 105 52
0030_0026_0044_0160_0080.jpg 1 26 44 160 80
0031_0165_0159_0111_0055.jpg 1 165 159 111 55
0032_0342_0214_0133_0066.jpg 1 342 214 133 66
0033_0116_0031_0087_0043.jpg 1 116 31 87 43
0034_0135_0015_0097_0048.jpg 1 135 15 97 48
0035_0056_0059_0184_0092.jpg 1 56 59 184 92
0036_0048_0159_0097_0048.jpg 1 48 159 97 48
0037_0106_0117_0147_0073.jpg 1 106 117 147 73
0038_0021_0049_0108_0054.jpg 1 21 49 108 54
0039_0164_0135_0181_0090.jpg 1 164 135 181 90
0040_0197_0182_0252_0126.jpg 1 197 182 252 126
0041_0185_0141_0426_0213.jpg 1 185 141 426 213
0042_0234_0166_0284_0142.jpg 1 234 166 284 142
0043_0027_0137_0107_0053.jpg 1 27 137 107 53
0044_0060_0066_0444_0222.jpg 1 60 66 444 222
0045_0029_0047_0167_0083.jpg 1 29 47 167 83
0046_0048_0041_0216_0108.jpg 1 48 41 216 108
0047_0130_0058_0103_0051.jpg 1 130 58 103 51
0048_0056_0192_0360_0180.jpg 1 56 192 360 180
0049_0124_0083_0157_0078.jpg 1 124 83 157 78
0050_0031_0042_0109_0054.jpg 1 31 42 109 54
0051_0282_0063_0164_0082.jpg 1 282 63 164 82
0052_0058_0050_0086_0043.jpg 1 58 50 86 43
0053_0196_0195_0158_0079.jpg 1 196 195 158 79
0054_0088_0043_0108_0054.jpg 1 88 43 108 54
0055_0132_0259_0182_0091.jpg 1 132 259 182 91
0056_0104_0066_0347_0173.jpg 1 104 66 347 173
0057_0110_0049_0193_0096.jpg 1 110 49 193 96
0058_0038_0025_0181_0090.jpg 1 38 25 181 90
0059_0429_0298_0128_0064.jpg 1 429 298 128 64
0060_0100_0310_0171_0085.jpg 1 100 310 171 85
0061_0006_0099_0083_0041.jpg 1 6 99 83 41
0062_0034_0075_0082_0041.jpg 1 34 75 82 41
0063_0049_0163_0098_0049.jpg 1 49 163 98 49
0064_0139_0085_0412_0206.jpg 1 139 85 412 206
0065_0132_0119_0259_0129.jpg 1 132 119 259 129
0066_0066_0039_0397_0198.jpg 1 66 39 397 198
0067_0033_0185_0391_0195.jpg 1 33 185 391 195
0068_0317_0402_0114_0057.jpg 1 317 402 114 57
0069_0070_0039_0101_0050.jpg 1 70 39 101 50
0070_0104_0099_0352_0176.jpg 1 104 99 352 176
0071_0130_0114_0327_0163.jpg 1 130 114 327 163
0072_0255_0333_0132_0066.jpg 1 255 333 132 66
0073_0028_0114_0088_0044.jpg 1 28 114 88 44
0074_0037_0205_0394_0197.jpg 1 37 205 394 197
0075_0041_0102_0109_0054.jpg 1 41 102 109 54
0076_0457_0285_0098_0049.jpg 1 457 285 98 49
0077_0352_0264_0185_0092.jpg 1 352 264 185 92
0078_0053_0051_0125_0062.jpg 1 53 51 125 62
0079_0151_0250_0298_0149.jpg 1 151 250 298 149
0080_0034_0026_0091_0045.jpg 1 34 26 91 45
0081_0292_0041_0311_0155.jpg 1 292 41 311 155
0082_0195_0240_0215_0107.jpg 1 195 240 215 107
0083_0044_0130_0122_0061.jpg 1 44 130 122 61
0084_0147_0129_0112_0056.jpg 1 147 129 112 56
0085_0046_0040_0206_0103.jpg 1 46 40 206 103
0086_0029_0099_0130_0065.jpg 1 29 99 130 65
0087_0027_0037_0115_0057.jpg 1 27 37 115 57
0088_0193_0253_0276_0138.jpg 1 193 253 276 138
0089_0356_0220_0112_0056.jpg 1 356 220 112 56
0090_0045_0023_0120_0060.jpg 1 45 23 120 60
0091_0302_0078_0301_0150.jpg 1 302 78 301 150
0092_0038_0021_0086_0043.jpg 1 38 21 86 43
0093_0064_0018_0202_0101.jpg 1 64 18 202 101
0094_0036_0019_0096_0048.jpg 1 36 19 96 48
0095_0017_0097_0101_0050.jpg 1 17 97 101 50
0096_0089_0133_0119_0059.jpg 1 89 133 119 59
0097_0253_0113_0321_0160.jpg 1 253 113 321 160
0098_0315_0260_0123_0061.jpg 1 315 260 123 61
0099_0215_0060_0308_0154.jpg 1 215 60 308 154
0100_0204_0076_0230_0115.jpg 1 204 76 230 115
0101_0339_0115_0223_0111.jpg 1 339 115 223 111
0102_0020_0154_0111_0055.jpg 1 20 154 111 55
0103_0030_0064_0159_0079.jpg 1 30 64 159 79
0104_0094_0150_0093_0046.jpg 1 94 150 93 46
0105_0189_0151_0242_0121.jpg 1 189 151 242 121
0106_0086_0191_0402_0201.jpg 1 86 191 402 201
0107_0047_0054_0098_0049.jpg 1 47 54 98 49
0108_0088_0228_0231_0115.jpg 1 88 228 231 115
0109_0138_0304_0092_0046.jpg 1 138 304 92 46
0110_0230_0060_0374_0187.jpg 1 230 60 374 187
0111_0073_0065_0144_0072.jpg 1 73 65 144 72
0112_0037_0113_0136_0068.jpg 1 37 113 136 68
0113_0030_0115_0427_0213.jpg 1 30 115 427 213
0114_0058_0030_0092_0046.jpg 1 58 30 92 46
0115_0049_0127_0141_0070.jpg 1 49 127 141 70
0116_0230_0285_0263_0131.jpg 1 230 285 263 131
0117_0153_0275_0232_0116.jpg 1 153 275 232 116
0118_0056_0114_0097_0048.jpg 1 56 114 97 48
0119_0083_0013_0176_0088.jpg 1 83 13 176 88
0120_0370_0277_0227_0113.jpg 1 370 277 227 113
0121_0274_0088_0117_0058.jpg 1 274 88 117 58
0122_0278_0242_0219_0109.jpg 1 278 242 219 109
0123_0153_0064_0145_0072.jpg 1 153 64 145 72
0124_0418_0216_0109_0054.jpg 1 418 216 109 54
0125_0338_0197_0222_0111.jpg 1 338 197 222 111
0126_0074_0054_0217_0108.jpg 1 74 54 217 108
0127_0044_0280_0319_0159.jpg 1 44 280 319 159
0128_0032_0051_0130_0065.jpg 1 32 51 130 65
0129_0184_0210_0115_0057.jpg 1 184 210 115 57
0130_0022_0052_0137_0068.jpg 1 22 52 137 68
0131_0247_0307_0169_0084.jpg 1 247 307 169 84
0132_0143_0119_0128_0064.jpg 1 143 119 128 64
0133_0063_0042_0202_0101.jpg 1 63 42 202 101
0134_0088_0070_0148_0074.jpg 1 88 70 148 74
0135_0161_0050_0396_0198.jpg 1 161 50 396 198
0136_0030_0055_0091_0045.jpg 1 30 55 91 45
0137_0152_0120_0086_0043.jpg 1 152 120 86 43
0138_0029_0078_0105_0052.jpg 1 29 78 105 52
0139_0041_0097_0301_0150.jpg 1 41 97 301 150
0140_0033_0034_0327_0163.jpg 1 33 34 327 163
0141_0100_0070_0355_0177.jpg 1 100 70 355 177
0142_0434_0159_0088_0044.jpg 1 434 159 88 44
0143_0099_0033_0201_0100.jpg 1 99 33 201 100
0144_0263_0254_0244_0122.jpg 1 263 254 244 122
0145_0235_0238_0335_0167.jpg 1 235 238 335 167
0146_0046_0073_0114_0057.jpg 1 46 73 114 57
0147_0088_0046_0135_0067.jpg 1 88 46 135 67
0148_0080_0075_0214_0107.jpg 1 80 75 214 107
0149_0026_0076_0108_0054.jpg 1 26 76 108 54
0150_0255_0084_0314_0157.jpg 1 255 84 314 157
0151_0297_0210_0288_0144.jpg 1 297 210 288 144
0152_0172_0293_0120_0060.jpg 1 172 293 120 60
0153_0070_0065_0131_0065.jpg 1 70 65 131 65
0154_0192_0123_0124_0062.jpg 1 192 123 124 62
0155_0258_0466_0102_0051.jpg 1 258 466 102 51
0156_0180_0044_0212_0106.jpg 1 180 44 212 106
0157_0078_0052_0083_0041.jpg 1 78 52 83 41
0158_0208_0061_0375_0187.jpg 1 208 61 375 187
0159_0323_0323_0178_0089.jpg 1 323 323 178 89
0160_0101_0158_0142_0071.jpg 1 101 158 142 71
0161_0142_0190_0389_0194.jpg 1 142 190 389 194
0162_0298_0137_0126_0063.jpg 1 298 137 126 63
0163_0073_0242_0392_0196.jpg 1 73 242 392 196
0164_0249_0213_0307_0153.jpg 1 249 213 307 153
0165_0259_0098_0295_0147.jpg 1 259 98 295 147
0166_0081_0193_0271_0135.jpg 1 81 193 271 135
0167_0031_0061_0217_0108.jpg 1 31 61 217 108
0168_0182_0246_0253_0126.jpg 1 182 246 253 126
0169_0037_0095_0123_0061.jpg 1 37 95 123 61
0170_0088_0043_0168_0084.jpg 1 88 43 168 84
0171_0120_0106_0166_0083.jpg 1 120 106 166 83
0172_0235_0106_0158_0079.jpg 1 235 106 158 79
0173_0031_0017_0173_0086.jpg 1 31 17 173 86
0174_0205_0286_0154_0077.jpg 1 205 286 154 77
0175_0042_0155_0265_0132.jpg 1 42 155 265 132
0176_0060_0120_0131_0065.jpg 1 60 120 131 65
0177_0247_0286_0198_0099.jpg 1 247 286 198 99
0178_0299_0089_0202_0101.jpg 1 299 89 202 101
0179_0072_0261_0374_0187.jpg 1 72 261 374 187
0180_0088_0081_0206_0103.jpg 1 88 81 206 103
0181_0412_0066_0113_0056.jpg 1 412 66 113 56
0182_0035_0049_0088_0044.jpg 1 35 49 88 44
0183_0382_0212_0178_0089.jpg 1 382 212 178 89
0184_0091_0374_0177_0088.jpg 1 91 374 177 88
0185_0046_0122_0104_0052.jpg 1 46 122 104 52
0186_0054_0041_0094_0047.jpg 1 54 41 94 47
0187_0178_0249_0223_0111.jpg 1 178 249 223 111
0188_0043_0046_0089_0044.jpg 1 43 46 89 44
0189_0026_0078_0180_0090.jpg 1 26 78 180 90
0190_0012_0161_0111_0055.jpg 1 12 161 111 55
0191_0033_0164_0243_0121.jpg 1 33 164 243 121
0192_0073_0135_0391_0195.jpg 1 73 135 391 195
0193_0012_0019_0203_0101.jpg 1 12 19 203 101
0194_0052_0023_0175_0087.jpg 1 52 23 175 87
0195_0062_0029_0138_0069.jpg 1 62 29 138 69
0196_0178_0105_0373_0186.jpg 1 178 105 373 186
0197_0214_0168_0235_0117.jpg 1 214 168 235 117
0198_0026_0033_0160_0080.jpg 1 26 33 160 80
0199_0429_0241_0084_0042.jpg 1 429 241 84 42
0200_0041_0038_0165_0082.jpg 1 41 38 165 82
0201_0068_0032_0218_0109.jpg 1 68 32 218 109
0202_0421_0306_0084_0042.jpg 1 421 306 84 42
0203_0448_0260_0124_0062.jpg 1 448 260 124 62
0204_0078_0057_0105_0052.jpg 1 78 57 105 52
0205_0065_0166_0361_0180.jpg 1 65 166 361 180
0206_0068_0092_0214_0107.jpg 1 68 92 214 107
0207_0192_0185_0083_0041.jpg 1 192 185 83 41
0208_0043_0165_0082_0041.jpg 1 43 165 82 41
0209_0146_0174_0437_0218.jpg 1 146 174 437 218
0210_0236_0060_0249_0124.jpg 1 236 60 249 124
0211_0043_0033_0191_0095.jpg 1 43 33 191 95
0212_0101_0045_0208_0104.jpg 1 101 45 208 104
0213_0042_0080_0209_0104.jpg 1 42 80 209 104
0214_0328_0093_0215_0107.jpg 1 328 93 215 107
0215_0400_0289_0142_0071.jpg 1 400 289 142 71
0216_0100_0277_0234_0117.jpg 1 100 277 234 117
0217_0036_0094_0437_0218.jpg 1 36 94 437 218
0218_0082_0077_0152_0076.jpg 1 82 77 152 76
0219_0068_0141_0084_0042.jpg 1 68 141 84 42
0220_0202_0147_0092_0046.jpg 1 202 147 92 46
0221_0210_0238_0222_0111.jpg 1 210 238 222 111
0222_0023_0093_0098_0049.jpg 1 23 93 98 49
0223_0019_0141_0085_0042.jpg 1 19 141 85 42
0224_0054_0078_0254_0127.jpg 1 54 78 254 127
0225_0038_0038_0220_0110.jpg 1 38 38 220 110
0226_0241_0031_0356_0178.jpg 1 241 31 356 178
0227_0077_0163_0091_0045.jpg 1 77 163 91 45
0228_0397_0083_0162_0081.jpg 1 397 83 162 81
0229_0045_0089_0090_0045.jpg 1 45 89 90 45
0230_0091_0115_0175_0087.jpg 1 91 115 175 87
0231_0094_0095_0214_0107.jpg 1 94 95 214 107
0232_0420_0296_0112_0056.jpg 1 420 296 112 56
0233_0107_0132_0124_0062.jpg 1 107 132 124 62
0234_0159_0303_0164_0082.jpg 1 159 303 164 82
0235_0399_0122_0164_0082.jpg 1 399 122 164 82
0236_0033_0081_0099_0049.jpg 1 33 81 99 49
0237_0159_0123_0298_0149.jpg 1 159 123 298 149
0238_0115_0102_0119_0059.jpg 1 115 102 119 59
0239_0322_0445_0095_0047.jpg 1 322 445 95 47
0240_0044_0108_0118_0059.jpg 1 44 108 118 59
0241_0062_0133_0138_0069.jpg 1 62 133 138 69
0242_0175_0463_0091_0045.jpg 1 175 463 91 45
0243_0391_0243_0125_0062.jpg 1 391 243 125 62
0244_0082_0139_0101_0050.jpg 1 82 139 101 50
0245_0174_0141_0128_0064.jpg 1 174 141 128 64
0246_0292_0198_0199_0099.jpg 1 292 198 199 99
0247_0164_0289_0105_0052.jpg 1 164 289 105 52
0248_0244_0148_0275_0137.jpg 1 244 148 275 137
0249_0089_0050_0091_0045.jpg 1 89 50 91 45
0250_0166_0227_0428_0214.jpg 1 166 227 428 214
0251_0039_0126_0123_0061.jpg 1 39 126 123 61
0252_0071_0074_0087_0043.jpg 1 71 74 87 43
0253_0066_0126_0114_0057.jpg 1 66 126 114 57
0254_0032_0020_0131_0065.jpg 1 32 20 131 65
0255_0106_0029_0085_0042.jpg 1 106 29 85 42
0256_0087_0047_0218_0109.jpg 1 87 47 218 109
0257_0202_0063_0330_0165.jpg 1 202 63 330 165
0258_0038_0068_0098_0049.jpg 1 38 68 98 49
0259_0031_0140_0094_0047.jpg 1 31 140 94 47
0260_0103_0113_0152_0076.jpg 1 103 113 152 76
0261_0114_0059_0346_0173.jpg 1 114 59 346 173
0262_0237_0111_0210_0105.jpg 1 237 111 210 105
0263_0063_0129_0095_0047.jpg 1 63 129 95 47
0264_0094_0226_0344_0172.jpg 1 94 226 344 172
0265_0109_0104_0083_0041.jpg 1 109 104 83 41
0266_0380_0267_0188_0094.jpg 1 380 267 188 94
0267_0058_0072_0087_0043.jpg 1 58 72 87 43
0268_0079_0159_0117_0058.jpg 1 79 159 117 58
0269_0360_0102_0177_0088.jpg 1 360 102 177 88
0270_0153_0106_0102_0051.jpg 1 153 106 102 51
0271_0085_0022_0119_0059.jpg 1 85 22 119 59
0272_0099_0094_0214_0107.jpg 1 99 94 214 107
0273_0058_0179_0433_0216.jpg 1 58 179 433 216
0274_0055_0084_0152_0076.jpg 1 55 84 152 76
0275_0056_0084_0215_0107.jpg 1 56 84 215 107
0276_0025_0155_0118_0059.jpg 1 25 155 118 59
0277_0049_0083_0080_0040.jpg 1 49 83 80 40
0278_0034_0042_0211_0105.jpg 1 34 42 211 105
0279_0110_0165_0268_0134.jpg 1 110 165 268 134
0280_0420_0161_0141_0070.jpg 1 420 161 141 70
0281_0055_0022_0118_0059.jpg 1 55 22 118 59
0282_0151_0195_0332_0166.jpg 1 151 195 332 166
0283_0077_0036_0099_0049.jpg 1 77 36 99 49
0284_0297_0248_0286_0143.jpg 1 297 248 286 143
0285_0265_0096_0223_0111.jpg 1 265 96 223 111
0286_0048_0063_0164_0082.jpg 1 48 63 164 82
0287_0116_0057_0187_0093.jpg 1 116 57 187 93
0288_0222_0077_0368_0184.jpg 1 222 77 368 184
0289_0029_0116_0091_0045.jpg 1 29 116 91 45
0290_0069_0083_0161_0080.jpg 1 69 83 161 80
0291_0070_0207_0243_0121.jpg 1 70 207 243 121
0292_0007_0028_0097_0048.jpg 1 7 28 97 48
0293_0044_0129_0138_0069.jpg 1 44 129 138 69
0294_0117_0246_0364_0182.jpg 1 117 246 364 182
0295_0281_0216_0206_0103.jpg 1 281 216 206 103
0296_0038_0078_0182_0091.jpg 1 38 78 182 91
0297_0134_0075_0103_0051.jpg 1 134 75 103 51
0298_0045_0054_0417_0208.jpg 1 45 54 417 208
0299_0014_0103_0113_0056.jpg 1 14 103 113 56
0300_0048_0096_0126_0063.jpg 1 48 96 126 63
0301_0175_0489_0173_0086.jpg 1 175 489 173 86
0302_0044_0161_0440_0220.jpg 1 44 161 440 220
0303_0086_0391_0116_0058.jpg 1 86 391 116 58
0304_0091_0351_0255_0127.jpg 1 91 351 255 127
0305_0053_0106_0086_0043.jpg 1 53 106 86 43
0306_0177_0082_0094_0047.jpg 1 177 82 94 47
0307_0015_0136_0099_0049.jpg 1 15 136 99 49
0308_0075_0104_0097_0048.jpg 1 75 104 97 48
0309_0102_0130_0400_0200.jpg 1 102 130 400 200
0310_0027_0084_0161_0080.jpg 1 27 84 161 80
0311_0242_0183_0124_0062.jpg 1 242 183 124 62
0312_0179_0297_0271_0135.jpg 1 179 297 271 135
0313_0078_0188_0207_0103.jpg 1 78 188 207 103
0314_0089_0105_0122_0061.jpg 1 89 105 122 61
0315_0020_0124_0289_0144.jpg 1 20 124 289 144
0316_0077_0090_0142_0071.jpg 1 77 90 142 71
0317_0175_0053_0347_0173.jpg 1 175 53 347 173
0318_0032_0130_0131_0065.jpg 1 32 130 131 65
0319_0155_0028_0088_0044.jpg 1 155 28 88 44
0320_0125_0135_0107_0053.jpg 1 125 135 107 53
0321_0078_0020_0115_0057.jpg 1 78 20 115 57
0322_0324_0155_0240_0120.jpg 1 324 155 240 120
0323_0192_0107_0082_0041.jpg 1 192 107 82 41
0324_0114_0039_0421_0210.jpg 1 114 39 421 210
0325_0410_0148_0165_0082.jpg 1 410 148 165 82
0326_0035_0077_0187_0093.jpg 1 35 77 187 93
0327_0068_0016_0195_0097.jpg 1 68 16 195 97
0328_0202_0282_0269_0134.jpg 1 202 282 269 134
0329_0265_0191_0339_0169.jpg 1 265 191 339 169
0330_0164_0304_0155_0077.jpg 1 164 304 155 77
0331_0025_0024_0083_0041.jpg 1 25 24 83 41
0332_0028_0104_0095_0047.jpg 1 28 104 95 47
0333_0079_0092_0292_0146.jpg 1 79 92 292 146
0334_0059_0028_0159_0079.jpg 1 59 28 159 79
0335_0111_0085_0135_0067.jpg 1 111 85 135 67
0336_0305_0271_0176_0088.jpg 1 305 271 176 88
0337_0059_0034_0202_0101.jpg 1 59 34 202 101
0338_0124_0057_0439_0219.jpg 1 124 57 439 219
0339_0410_0118_0139_0069.jpg 1 410 118 139 69
0340_0015_0022_0200_0100.jpg 1 15 22 200 100
0341_0040_0110_0170_0085.jpg 1 40 110 170 85
0342_0049_0355_0285_0142.jpg 1 49 355 285 142
0343_0012_0086_0093_0046.jpg 1 12 86 93 46
0344_0035_0144_0123_0061.jpg 1 35 144 123 61
0345_0191_0309_0125_0062.jpg 1 191 309 125 62
0346_0041_0149_0107_0053.jpg 1 41 149 107 53
0347_0134_0037_0296_0148.jpg 1 134 37 296 148
0348_0056_0112_0163_0081.jpg 1 56 112 163 81
0349_0072_0039_0138_0069.jpg 1 72 39 138 69
0350_0175_0032_0085_0042.jpg 1 175 32 85 42
0351_0062_0106_0189_0094.jpg 1 62 106 189 94
0352_0303_0056_0109_0054.jpg 1 303 56 109 54
0353_0128_0064_0129_0064.jpg 1 128 64 129 64
0354_0068_0040_0266_0133.jpg 1 68 40 266 133
0355_0080_0074_0155_0077.jpg 1 80 74 155 77
0356_0028_0136_0119_0059.jpg 1 28 136 119 59
0357_0229_0204_0178_0089.jpg 1 229 204 178 89
0358_0022_0176_0080_0040.jpg 1 22 176 80 40
0359_0032_0019_0100_0050.jpg 1 32 19 100 50
0360_0058_0092_0184_0092.jpg 1 58 92 184 92
0361_0036_0046_0138_0069.jpg 1 36 46 138 69
0362_0151_0334_0126_0063.jpg 1 151 334 126 63
0363_0021_0044_0156_0078.jpg 1 21 44 156 78
0364_0009_0136_0164_0082.jpg 1 9 136 164 82
0365_0161_0057_0114_0057.jpg 1 161 57 114 57
0366_0017_0047_0099_0049.jpg 1 17 47 99 49
0367_0043_0189_0424_0212.jpg 1 43 189 424 212
0368_0190_0268_0230_0115.jpg 1 190 268 230 115
0369_0131_0272_0103_0051.jpg 1 131 272 103 51
0370_0028_0020_0101_0050.jpg 1 28 20 101 50
0371_0074_0158_0091_0045.jpg 1 74 158 91 45
0372_0134_0152_0337_0168.jpg 1 134 152 337 168
0373_0249_0036_0185_0092.jpg 1 249 36 185 92
0374_0038_0047_0157_0078.jpg 1 38 47 157 78
0375_0192_0087_0293_0146.jpg 1 192 87 293 146
0376_0190_0084_0403_0201.jpg 1 190 84 403 201
0377_0047_0079_0102_0051.jpg 1 47 79 102 51
0378_0187_0059_0323_0161.jpg 1 187 59 323 161
0379_0238_0365_0110_0055.jpg 1 238 365 110 55
0380_0011_0079_0090_0045.jpg 1 11 79 90 45
0381_0108_0093_0321_0160.jpg 1 108 93 321 160
0382_0070_0339_0191_0095.jpg 1 70 339 191 95
0383_0130_0358_0112_0056.jpg 1 130 358 112 56
0384_0058_0112_0094_0047.jpg 1 58 112 94 47
0385_0264_0140_0331_0165.jpg 1 264 140 331 165
0386_0020_0061_0180_0090.jpg 1 20 61 180 90
0387_0347_0166_0190_0095.jpg 1 347 166 190 95
0388_0087_0199_0165_0082.jpg 1 87 199 165 82
0389_0058_0068_0182_0091.jpg 1 58 68 182 91
0390_0232_0194_0115_0057.jpg 1 232 194 115 57
0391_0135_0308_0152_0076.jpg 1 135 308 152 76
0392_0307_0131_0235_0117.jpg 1 307 131 235 117
0393_0314_0296_0247_0123.jpg 1 314 296 247 123
0394_0093_0095_0110_0055.jpg 1 93 95 110 55
0395_0195_0076_0084_0042.jpg 1 195 76 84 42
0396_0465_0312_0116_0058.jpg 1 465 312 116 58
0397_0183_0113_0332_0166.jpg 1 183 113 332 166
0398_0113_0104_0254_0127.jpg 1 113 104 254 127
0399_0020_0058_0138_0069.jpg 1 20 58 138 69
0400_0034_0055_0147_0073.jpg 1 34 55 147 73
0401_0033_0029_0135_0067.jpg 1 33 29 135 67
0402_0163_0073_0399_0199.jpg 1 163 73 399 199
0403_0278_0120_0328_0164.jpg 1 278 120 328 164
0404_0190_0098_0301_0150.jpg 1 190 98 301 150
0405_0045_0158_0090_0045.jpg 1 45 158 90 45
0406_0073_0119_0088_0044.jpg 1 73 119 88 44
0407_0056_0133_0113_0056.jpg 1 56 133 113 56
0408_0250_0116_0346_0173.jpg 1 250 116 346 173
0409_0066_0034_0130_0065.jpg 1 66 34 130 65
0410_0052_0026_0087_0043.jpg 1 52 26 87 43
0411_0226_0291_0228_0114.jpg 1 226 291 228 114
0412_0071_0157_0118_0059.jpg 1 71 157 118 59
0413_0222_0502_0131_0065.jpg 1 222 502 131 65
0414_0093_0348_0315_0157.jpg 1 93 348 315 157
0415_0069_0218_0242_0121.jpg 1 69 218 242 121
0416_0076_0080_0193_0096.jpg 1 76 80 193 96
0417_0016_0027_0151_0075.jpg 1 16 27 151 75
0418_0081_0064_0142_0071.jpg 1 81 64 142 71
0419_0222_0304_0276_0138.jpg 1 222 304 276 138
0420_0059_0026_0208_0104.jpg 1 59 26 208 104
0421_0051_0092_0132_0066.jpg 1 51 92 132 66
0422_0051_0377_0272_0136.jpg 1 51 377 272 136
0423_0146_0152_0282_0141.jpg 1 146 152 282 141
0424_0329_0269_0185_0092.jpg 1 329 269 185 92
0425_0442_0172_0109_0054.jpg 1 442 172 109 54
0426_0086_0202_0420_0210.jpg 1 86 202 420 210
0427_0236_0178_0233_0116.jpg 1 236 178 233 116
0428_0022_0136_0115_0057.jpg 1 22 136 115 57
0429_0404_0224_0148_0074.jpg 1 404 224 148 74
0430_0457_0314_0125_0062.jpg 1 457 314 125 62
0431_0256_0086_0281_0140.jpg 1 256 86 281 140
0432_0142_0126_0089_0044.jpg 1 142 126 89 44
0433_0027_0025_0098_0049.jpg 1 27 25 98 49
0434_0209_0248_0357_0178.jpg 1 209 248 357 178
0435_0013_0075_0129_0064.jpg 1 13 75 129 64
0436_0127_0026_0094_0047.jpg 1 127 26 94 47
0437_0040_0127_0084_0042.jpg 1 40 127 84 42
0438_0186_0212_0305_0152.jpg 1 186 212 305 152
0439_0062_0056_0153_0076.jpg 1 62 56 153 76
0440_0399_0080_0080_0040.jpg 1 399 80 80 40
0441_0062_0028_0101_0050.jpg 1 62 28 101 50
0442_0092_0154_0174_0087.jpg 1 92 154 174 87
0443_0065_0023_0155_0077.jpg 1 65 23 155 77
0444_0361_0215_0118_0059.jpg 1 361 215 118 59
0445_0043_0033_0116_0058.jpg 1 43 33 116 58
0446_0156_0044_0383_0191.jpg 1 156 44 383 191
0447_0232_0206_0227_0113.jpg 1 232 206 227 113
0448_0353_0063_0176_0088.jpg 1 353 63 176 88
0449_0218_0064_0201_0100.jpg 1 218 64 201 100
0450_0178_0127_0347_0173.jpg 1 178 127 347 173
0451_0122_0141_0089_0044.jpg 1 122 141 89 44
0452_0064_0094_0094_0047.jpg 1 64 94 94 47
0453_0203_0021_0094_0047.jpg 1 203 21 94 47
0454_0072_0139_0352_0176.jpg 1 72 139 352 176
0455_0018_0043_0175_0087.jpg 1 18 43 175 87
0456_0125_0133_0324_0162.jpg 1 125 133 324 162
0457_0293_0146_0264_0132.jpg 1 293 146 264 132
0458_0081_0108_0135_0067.jpg 1 81 108 135 67
0459_0094_0035_0103_0051.jpg 1 94 35 103 51
0460_0043_0239_0427_0213.jpg 1 43 239 427 213
0461_0290_0153_0127_0063.jpg 1 290 153 127 63
0462_0126_0199_0238_0119.jpg 1 126 199 238 119
0463_0092_0475_0106_0053.jpg 1 92 475 106 53
0464_0295_0052_0087_0043.jpg 1 295 52 87 43
0465_0020_0069_0099_0049.jpg 1 20 69 99 49
0466_0232_0257_0218_0109.jpg 1 232 257 218 109
0467_0071_0145_0106_0053.jpg 1 71 145 106 53
0468_0016_0030_0126_0063.jpg 1 16 30 126 63
0469_0074_0090_0100_0050.jpg 1 74 90 100 50
0470_0106_0180_0236_0118.jpg 1 106 180 236 118
0471_0052_0173_0152_0076.jpg 1 52 173 152 76
0472_0030_0091_0113_0056.jpg 1 30 91 113 56
0473_0058_0110_0132_0066.jpg 1 58 110 132 66
0474_0173_0240_0219_0109.jpg 1 173 240 219 109
0475_0039_0052_0411_0205.jpg 1 39 52 411 205
0476_0129_0105_0146_0073.jpg 1 129 105 146 73
0477_0083_0024_0138_0069.jpg 1 83 24 138 69
0478_0061_0069_0136_0068.jpg 1 61 69 136 68
0479_0046_0099_0431_0215.jpg 1 46 99 431 215
0480_0229_0317_0226_0113.jpg 1 229 317 226 113
0481_0067_0395_0302_0151.jpg 1 67 395 302 151
0482_0088_0130_0337_0168.jpg 1 88 130 337 168
0483_0032_0098_0086_0043.jpg 1 32 98 86 43
0484_0016_0076_0105_0052.jpg 1 16 76 105 52
0485_0329_0108_0212_0106.jpg 1 329 108 212 106
0486_0078_0033_0174_0087.jpg 1 78 33 174 87
0487_0131_0038_0150_0075.jpg 1 131 38 150 75
0488_0025_0141_0104_0052.jpg 1 25 141 104 52
0489_0279_0289_0227_0113.jpg 1 279 289 227 113
0490_0085_0022_0099_0049.jpg 1 85 22 99 49
0491_0227_0270_0168_0084.jpg 1 227 270 168 84
0492_0082_0177_0206_0103.jpg 1 82 177 206 103
0493_0149_0078_0123_0061.jpg 1 149 78 123 61
0494_0117_0107_0256_0128.jpg 1 117 107 256 128
0495_0052_0013_0135_0067.jpg 1 52 13 135 67
0496_0084_0019_0153_0076.jpg 1 84 19 153 76
0497_0259_0168_0298_0149.jpg 1 259 168 298 149
0498_0183_0031_0429_0214.jpg 1 183 31 429 214
0499_0257_0209_0324_0162.jpg 1 257 209 324 162
0500_0114_0342_0270_0135.jpg 1 114 342 270 135
0501_0081_0042_0365_0182.jpg 1 81 42 365 182
0502_0225_0465_0218_0109.jpg 1 225 465 218 109
0503_0145_0044_0368_0184.jpg 1 145 44 368 184
0504_0279_0224_0283_0141.jpg 1 279 224 283 141
0505_0117_0141_0091_0045.jpg 1 117 141 91 45
0506_0192_0117_0216_0108.jpg 1 192 117 216 108
0507_0366_0190_0193_0096.jpg 1 366 190 193 96
0508_0048_0140_0430_0215.jpg 1 48 140 430 215
0509_0251_0103_0354_0177.jpg 1 251 103 354 177
0510_0216_0257_0110_0055.jpg 1 216 257 110 55
0511_0046_0142_0243_0121.jpg 1 46 142 243 121
0512_0081_0257_0235_0117.jpg 1 81 257 235 117
0513_0129_0264_0230_0115.jpg 1 129 264 230 115
0514_0040_0302_0285_0142.jpg 1 40 302 285 142
0515_0335_0082_0233_0116.jpg 1 335 82 233 116
0516_0069_0138_0084_0042.jpg 1 69 138 84 42
0517_0063_0086_0325_0162.jpg 1 63 86 325 162
0518_0108_0106_0199_0099.jpg 1 108 106 199 99
0519_0075_0324_0193_0096.jpg 1 75 324 193 96
0520_0138_0140_0274_0137.jpg 1 138 140 274 137
0521_0207_0157_0116_0058.jpg 1 207 157 116 58
0522_0086_0020_0140_0070.jpg 1 86 20 140 70
0523_0221_0103_0212_0106.jpg 1 221 103 212 106
0524_0031_0108_0154_0077.jpg 1 31 108 154 77
0525_0098_0194_0322_0161.jpg 1 98 194 322 161
0526_0160_0130_0206_0103.jpg 1 160 130 206 103
0527_0040_0219_0429_0214.jpg 1 40 219 429 214
0528_0155_0406_0297_0148.jpg 1 155 406 297 148
0529_0295_0102_0238_0119.jpg 1 295 102 238 119
0530_0245_0138_0337_0168.jpg 1 245 138 337 168
0531_0050_0084_0121_0060.jpg 1 50 84 121 60
0532_0046_0053_0258_0129.jpg 1 46 53 258 129
0533_0116_0085_0294_0147.jpg 1 116 85 294 147
0534_0153_0188_0361_0180.jpg 1 153 188 361 180
0535_0011_0079_0210_0105.jpg 1 11 79 210 105
0536_0343_0261_0247_0123.jpg 1 343 261 247 123
0537_0125_0050_0319_0159.jpg 1 125 50 319 159
0538_0067_0235_0424_0212.jpg 1 67 235 424 212
0539_0070_0048_0095_0047.jpg 1 70 48 95 47
0540_0179_0164_0142_0071.jpg 1 179 164 142 71
0541_0219_0147_0291_0145.jpg 1 219 147 291 145
0542_0118_0026_0105_0052.jpg 1 118 26 105 52
0543_0046_0162_0370_0185.jpg 1 46 162 370 185
0544_0162_0052_0407_0203.jpg 1 162 52 407 203
0545_0183_0096_0396_0198.jpg 1 183 96 396 198
0546_0142_0118_0130_0065.jpg 1 142 118 130 65
0547_0025_0138_0117_0058.jpg 1 25 138 117 58
0548_0015_0090_0162_0081.jpg 1 15 90 162 81
0549_0062_0146_0082_0041.jpg 1 62 146 82 41
0550_0136_0053_0340_0170.jpg 1 136 53 340 170
0551_0107_0226_0329_0164.jpg 1 107 226 329 164
0552_0127_0062_0377_0188.jpg 1 127 62 377 188
0553_0296_0214_0172_0086.jpg 1 296 214 172 86
0554_0202_0176_0165_0082.jpg 1 202 176 165 82
0555_0139_0230_0148_0074.jpg 1 139 230 148 74
0556_0049_0116_0186_0093.jpg 1 49 116 186 93
0557_0289_0108_0185_0092.jpg 1 289 108 185 92
0558_0046_0103_0189_0094.jpg 1 46 103 189 94
0559_0014_0151_0105_0052.jpg 1 14 151 105 52
0560_0223_0112_0295_0147.jpg 1 223 112 295 147
0561_0009_0059_0104_0052.jpg 1 9 59 104 52
0562_0087_0089_0099_0049.jpg 1 87 89 99 49
0563_0081_0075_0107_0053.jpg 1 81 75 107 53
0564_0343_0072_0238_0119.jpg 1 343 72 238 119
0565_0056_0019_0197_0098.jpg 1 56 19 197 98
0566_0102_0245_0251_0125.jpg 1 102 245 251 125
0567_0117_0381_0192_0096.jpg 1 117 381 192 96
0568_0126_0098_0082_0041.jpg 1 126 98 82 41
0569_0051_0123_0115_0057.jpg 1 51 123 115 57
0570_0105_0353_0216_0108.jpg 1 105 353 216 108
0571_0168_0244_0282_0141.jpg 1 168 244 282 141
0572_0299_0225_0158_0079.jpg 1 299 225 158 79
0573_0079_0099_0354_0177.jpg 1 79 99 354 177
0574_0086_0092_0220_0110.jpg 1 86 92 220 110
0575_0025_0104_0104_0052.jpg 1 25 104 104 52
0576_0133_0360_0172_0086.jpg 1 133 360 172 86
0577_0128_0134_0409_0204.jpg 1 128 134 409 204
0578_0137_0096_0144_0072.jpg 1 137 96 144 72
0579_0365_0158_0089_0044.jpg 1 365 158 89 44
0580_0039_0159_0084_0042.jpg 1 39 159 84 42
0581_0118_0096_0148_0074.jpg 1 118 96 148 74
0582_0071_0062_0143_0071.jpg 1 71 62 143 71
0583_0105_0031_0198_0099.jpg 1 105 31 198 99
0584_0051_0067_0163_0081.jpg 1 51 67 163 81
0585_0184_0209_0105_0052.jpg 1 184 209 105 52
0586_0057_0171_0168_0084.jpg 1 57 171 168 84
0587_0023_0125_0124_0062.jpg 1 23 125 124 62
0588_0020_0159_0432_0216.jpg 1 20 159 432 216
0589_0142_0181_0341_0170.jpg 1 142 181 341 170
0590_0032_0045_0134_0067.jpg 1 32 45 134 67
0591_0038_0133_0089_0044.jpg 1 38 133 89 44
0592_0164_0208_0323_0161.jpg 1 164 208 323 161
0593_0418_0130_0116_0058.jpg 1 418 130 116 58
0594_0103_0362_0233_0116.jpg 1 103 362 233 116
0595_0048_0051_0137_0068.jpg 1 48 51 137 68
0596_0123_0210_0218_0109.jpg 1 123 210 218 109
0597_0061_0086_0119_0059.jpg 1 61 86 119 59
0598_0074_0154_0113_0056.jpg 1 74 154 113 56
0599_0093_0047_0209_0104.jpg 1 93 47 209 104
0600_0306_0247_0293_0146.jpg 1 306 247 293 146
0601_0144_0122_0081_0040.jpg 1 144 122 81 40
0602_0074_0055_0150_0075.jpg 1 74 55 150 75
0603_0135_0259_0276_0138.jpg 1 135 259 276 138
0604_0127_0217_0370_0185.jpg 1 127 217 370 185
0605_0155_0087_0424_0212.jpg 1 155 87 424 212
0606_0273_0086_0224_0112.jpg 1 273 86 224 112
0607_0324_0048_0235_0117.jpg 1 324 48 235 117
0608_0035_0103_0219_0109.jpg 1 35 103 219 109
0609_0479_0057_0099_0049.jpg 1 479 57 99 49
0610_0063_0052_0095_0047.jpg 1 63 52 95 47
0611_0156_0311_0118_0059.jpg 1 156 311 118 59
0612_0016_0105_0103_0051.jpg 1 16 105 103 51
0613_0325_0073_0105_0052.jpg 1 325 73 105 52
0614_0069_0069_0226_0113.jpg 1 69 69 226 113
0615_0024_0120_0139_0069.jpg 1 24 120 139 69
0616_0033_0044_0223_0111.jpg 1 33 44 223 111
0617_0267_0186_0305_0152.jpg 1 267 186 305 152
0618_0032_0039_0148_0074.jpg 1 32 39 148 74
0619_0031_0015_0206_0103.jpg 1 31 15 206 103
0620_0025_0071_0219_0109.jpg 1 25 71 219 109
0621_0258_0161_0260_0130.jpg 1 258 161 260 130
0622_0187_0069_0301_0150.jpg 1 187 69 301 150
0623_0042_0146_0278_0139.jpg 1 42 146 278 139
0624_0050_0155_0240_0120.jpg 1 50 155 240 120
0625_0067_0443_0182_0091.jpg 1 67 443 182 91
0626_0057_0134_0097_0048.jpg 1 57 134 97 48
0627_0219_0209_0320_0160.jpg 1 219 209 320 160
0628_0394_0151_0140_0070.jpg 1 394 151 140 70
0629_0174_0152_0408_0204.jpg 1 174 152 408 204
0630_0182_0203_0381_0190.jpg 1 182 203 381 190
0631_0026_0142_0087_0043.jpg 1 26 142 87 43
0632_0147_0022_0145_0072.jpg 1 147 22 145 72
0633_0092_0078_0139_0069.jpg 1 92 78 139 69
0634_0236_0194_0248_0124.jpg 1 236 194 248 124
0635_0025_0144_0083_0041.jpg 1 25 144 83 41
0636_0032_0023_0166_0083.jpg 1 32 23 166 83
0637_0148_0096_0126_0063.jpg 1 148 96 126 63
0638_0059_0187_0198_0099.jpg 1 59 187 198 99
0639_0034_0149_0123_0061.jpg 1 34 149 123 61
0640_0172_0089_0134_0067.jpg 1 172 89 134 67
0641_0299_0210_0230_0115.jpg 1 299 210 230 115
0642_0293_0161_0311_0155.jpg 1 293 161 311 155
0643_0041_0271_0307_0153.jpg 1 41 271 307 153
0644_0050_0039_0122_0061.jpg 1 50 39 122 61
0645_0084_0081_0187_0093.jpg 1 84 81 187 93
0646_0178_0055_0224_0112.jpg 1 178 55 224 112
0647_0094_0113_0271_0135.jpg 1 94 113 271 135
0648_0054_0039_0129_0064.jpg 1 54 39 129 64
0649_0290_0115_0157_0078.jpg 1 290 115 157 78
0650_0029_0041_0197_0098.jpg 1 29 41 197 98
0651_0130_0082_0402_0201.jpg 1 130 82 402 201
0652_0267_0136_0233_0116.jpg 1 267 136 233 116
0653_0134_0187_0436_0218.jpg 1 134 187 436 218
0654_0055_0041_0166_0083.jpg 1 55 41 166 83
0655_0018_0173_0092_0046.jpg 1 18 173 92 46
0656_0211_0042_0084_0042.jpg 1 211 42 84 42
0657_0399_0279_0112_0056.jpg 1 399 279 112 56
0658_0151_0058_0243_0121.jpg 1 151 58 243 121
0659_0268_0269_0192_0096.jpg 1 268 269 192 96
0660_0053_0201_0202_0101.jpg 1 53 201 202 101
0661_0309_0261_0288_0144.jpg 1 309 261 288 144
0662_0015_0093_0084_0042.jpg 1 15 93 84 42
0663_0131_0037_0083_0041.jpg 1 131 37 83 41
0664_0093_0132_0110_0055.jpg 1 93 132 110 55
0665_0132_0046_0382_0191.jpg 1 132 46 382 191
0666_0310_0241_0174_0087.jpg 1 310 241 174 87
0667_0345_0054_0251_0125.jpg 1 345 54 251 125
0668_0058_0201_0396_0198.jpg 1 58 201 396 198
0669_0257_0077_0257_0128.jpg 1 257 77 257 128
0670_0036_0063_0086_0043.jpg 1 36 63 86 43
0671_0059_0089_0375_0187.jpg 1 59 89 375 187
0672_0169_0148_0227_0113.jpg 1 169 148 227 113
0673_0075_0050_0188_0094.jpg 1 75 50 188 94
0674_0170_0073_0090_0045.jpg 1 170 73 90 45
0675_0056_0128_0237_0118.jpg 1 56 128 237 118
0676_0112_0244_0317_0158.jpg 1 112 244 317 158
0677_0061_0102_0382_0191.jpg 1 61 102 382 191
0678_0138_0303_0144_0072.jpg 1 138 303 144 72
0679_0122_0146_0369_0184.jpg 1 122 146 369 184
0680_0238_0250_0252_0126.jpg 1 238 250 252 126
0681_0253_0070_0325_0162.jpg 1 253 70 325 162
0682_0022_0131_0176_0088.jpg 1 22 131 176 88
0683_0148_0135_0111_0055.jpg 1 148 135 111 55
0684_0215_0139_0378_0189.jpg 1 215 139 378 189
0685_0098_0018_0091_0045.jpg 1 98 18 91 45
0686_0077_0080_0145_0072.jpg 1 77 80 145 72
0687_0196_0229_0292_0146.jpg 1 196 229 292 146
0688_0023_0050_0111_0055.jpg 1 23 50 111 55
0689_0045_0249_0238_0119.jpg 1 45 249 238 119
0690_0039_0119_0086_0043.jpg 1 39 119 86 43
0691_0243_0094_0270_0135.jpg 1 243 94 270 135
0692_0123_0050_0118_0059.jpg 1 123 50 118 59
0693_0030_0121_0119_0059.jpg 1 30 121 119 59
0694_0087_0078_0121_0060.jpg 1 87 78 121 60
0695_0133_0081_0103_0051.jpg 1 133 81 103 51
0696_0053_0241_0288_0144.jpg 1 53 241 288 144
0697_0103_0079_0118_0059.jpg 1 103 79 118 59
0698_0097_0082_0145_0072.jpg 1 97 82 145 72
0699_0049_0101_0163_0081.jpg 1 49 101 163 81
0700_0056_0058_0184_0092.jpg 1 56 58 184 92
0701_0034_0043_0122_0061.jpg 1 34 43 122 61
0702_0189_0295_0256_0128.jpg 1 189 295 256 128
0703_0104_0107_0129_0064.jpg 1 104 107 129 64
0704_0123_0290_0187_0093.jpg 1 123 290 187 93
0705_0119_0266_0269_0134.jpg 1 119 266 269 134
0706_0036_0141_0108_0054.jpg 1 36 141 108 54
0707_0136_0037_0161_0080.jpg 1 136 37 161 80
0708_0078_0335_0206_0103.jpg 1 78 335 206 103
0709_0174_0152_0213_0106.jpg 1 174 152 213 106
0710_0046_0085_0112_0056.jpg 1 46 85 112 56
0711_0056_0045_0113_0056.jpg 1 56 45 113 56
0712_0147_0037_0140_0070.jpg 1 147 37 140 70
0713_0179_0204_0273_0136.jpg 1 179 204 273 136
0714_0049_0019_0116_0058.jpg 1 49 19 116 58
0715_0169_0149_0208_0104.jpg 1 169 149 208 104
0716_0079_0138_0105_0052.jpg 1 79 138 105 52
0717_0087_0137_0135_0067.jpg 1 87 137 135 67
0718_0186_0185_0355_0177.jpg 1 186 185 355 177
0719_0074_0440_0268_0134.jpg 1 74 440 268 134
0720_0045_0051_0199_0099.jpg 1 45 51 199 99
0721_0198_0128_0081_0040.jpg 1 198 128 81 40
0722_0030_0094_0157_0078.jpg 1 30 94 157 78
0723_0179_0097_0260_0130.jpg 1 179 97 260 130
0724_0079_0080_0440_0220.jpg 1 79 80 440 220
0725_0064_0160_0353_0176.jpg 1 64 160 353 176
0726_0175_0106_0398_0199.jpg 1 175 106 398 199
0727_0289_0205_0157_0078.jpg 1 289 205 157 78
0728_0200_0096_0253_0126.jpg 1 200 96 253 126
0729_0315_0272_0288_0144.jpg 1 315 272 288 144
0730_0104_0078_0131_0065.jpg 1 104 78 131 65
0731_0023_0031_0106_0053.jpg 1 23 31 106 53
0732_0043_0039_0152_0076.jpg 1 43 39 152 76
0733_0023_0056_0414_0207.jpg 1 23 56 414 207
0734_0052_0019_0105_0052.jpg 1 52 19 105 52
0735_0288_0273_0175_0087.jpg 1 288 273 175 87
0736_0262_0149_0319_0159.jpg 1 262 149 319 159
0737_0137_0238_0304_0152.jpg 1 137 238 304 152
0738_0061_0096_0121_0060.jpg 1 61 96 121 60
0739_0102_0217_0431_0215.jpg 1 102 217 431 215
0740_0122_0056_0150_0075.jpg 1 122 56 150 75
0741_0039_0061_0423_0211.jpg 1 39 61 423 211
0742_0139_0240_0237_0118.jpg 1 139 240 237 118
0743_0066_0014_0222_0111.jpg 1 66 14 222 111
0744_0090_0054_0133_0066.jpg 1 90 54 133 66
0745_0100_0163_0096_0048.jpg 1 100 163 96 48
0746_0211_0200_0176_0088.jpg 1 211 200 176 88
0747_0021_0432_0274_0137.jpg 1 21 432 274 137
0748_0037_0037_0083_0041.jpg 1 37 37 83 41
0749_0332_0290_0189_0094.jpg 1 332 290 189 94
0750_0218_0278_0270_0135.jpg 1 218 278 270 135
0751_0131_0314_0177_0088.jpg 1 131 314 177 88
0752_0076_0013_0223_0111.jpg 1 76 13 223 111
0753_0130_0092_0385_0192.jpg 1 130 92 385 192
0754_0147_0043_0114_0057.jpg 1 147 43 114 57
0755_0039_0031_0155_0077.jpg 1 39 31 155 77
0756_0111_0076_0151_0075.jpg 1 111 76 151 75
0757_0163_0179_0419_0209.jpg 1 163 179 419 209
0758_0140_0041_0112_0056.jpg 1 140 41 112 56
0759_0295_0125_0306_0153.jpg 1 295 125 306 153
0760_0042_0092_0098_0049.jpg 1 42 92 98 49
0761_0063_0034_0187_0093.jpg 1 63 34 187 93
0762_0025_0093_0092_0046.jpg 1 25 93 92 46
0763_0032_0135_0089_0044.jpg 1 32 135 89 44
0764_0155_0161_0305_0152.jpg 1 155 161 305 152
0765_0122_0057_0163_0081.jpg 1 122 57 163 81
0766_0065_0074_0211_0105.jpg 1 65 74 211 105
0767_0021_0067_0156_0078.jpg 1 21 67 156 78
0768_0038_0266_0194_0097.jpg 1 38 266 194 97
0769_0103_0132_0294_0147.jpg 1 103 132 294 147
0770_0028_0075_0097_0048.jpg 1 28 75 97 48
0771_0038_0046_0420_0210.jpg 1 38 46 420 210
0772_0137_0286_0247_0123.jpg 1 137 286 247 123
0773_0011_0117_0081_0040.jpg 1 11 117 81 40
0774_0091_0086_0188_0094.jpg 1 91 86 188 94
0775_0077_0185_0350_0175.jpg 1 77 185 350 175
0776_0036_0027_0136_0068.jpg 1 36 27 136 68
0777_0174_0058_0114_0057.jpg 1 174 58 114 57
0778_0009_0039_0100_0050.jpg 1 9 39 100 50
0779_0305_0209_0104_0052.jpg 1 305 209 104 52
0780_0097_0113_0399_0199.jpg 1 97 113 399 199
0781_0254_0126_0170_0085.jpg 1 254 126 170 85
0782_0012_0110_0117_0058.jpg 1 12 110 117 58
0783_0079_0243_0343_0171.jpg 1 79 243 343 171
0784_0036_0063_0420_0210.jpg 1 36 63 420 210
0785_0122_0021_0090_0045.jpg 1 122 21 90 45
0786_0019_0085_0139_0069.jpg 1 19 85 139 69
0787_0079_0279_0326_0163.jpg 1 79 279 326 163
0788_0129_0104_0144_0072.jpg 1 129 104 144 72
0789_0098_0061_0254_0127.jpg 1 98 61 254 127
0790_0029_0049_0095_0047.jpg 1 29 49 95 47
0791_0039_0070_0189_0094.jpg 1 39 70 189 94
0792_0168_0168_0152_0076.jpg 1 168 168 152 76
0793_0046_0147_0093_0046.jpg 1 46 147 93 46
0794_0124_0171_0403_0201.jpg 1 124 171 403 201
0795_0206_0094_0248_0124.jpg 1 206 94 248 124
0796_0195_0171_0314_0157.jpg 1 195 171 314 157
0797_0122_0017_0155_0077.jpg 1 122 17 155 77
0798_0112_0023_0404_0202.jpg 1 112 23 404 202
0799_0127_0035_0082_0041.jpg 1 127 35 82 41
0800_0163_0054_0081_0040.jpg 1 163 54 81 40
0801_0052_0148_0317_0158.jpg 1 52 148 317 158
0802_0197_0165_0403_0201.jpg 1 197 165 403 201
0803_0131_0055_0364_0182.jpg 1 131 55 364 182
0804_0036_0083_0085_0042.jpg 1 36 83 85 42
0805_0113_0110_0120_0060.jpg 1 113 110 120 60
0806_0161_0071_0343_0171.jpg 1 161 71 343 171
0807_0260_0317_0179_0089.jpg 1 260 317 179 89
0808_0142_0345_0204_0102.jpg 1 142 345 204 102
0809_0139_0400_0212_0106.jpg 1 139 400 212 106
0810_0071_0081_0192_0096.jpg 1 71 81 192 96
0811_0032_0248_0186_0093.jpg 1 32 248 186 93
0812_0048_0126_0099_0049.jpg 1 48 126 99 49
0813_0011_0099_0125_0062.jpg 1 11 99 125 62
0814_0264_0323_0086_0043.jpg 1 264 323 86 43
0815_0214_0228_0135_0067.jpg 1 214 228 135 67
0816_0154_0048_0285_0142.jpg 1 154 48 285 142
0817_0161_0075_0187_0093.jpg 1 161 75 187 93
0818_0053_0072_0155_0077.jpg 1 53 72 155 77
0819_0053_0154_0396_0198.jpg 1 53 154 396 198
0820_0123_0045_0373_0186.jpg 1 123 45 373 186
0821_0125_0142_0305_0152.jpg 1 125 142 305 152
0822_0085_0522_0118_0059.jpg 1 85 522 118 59
0823_0046_0048_0103_0051.jpg 1 46 48 103 51
0824_0412_0135_0112_0056.jpg 1 412 135 112 56
0825_0055_0061_0122_0061.jpg 1 55 61 122 61
0826_0068_0108_0170_0085.jpg 1 68 108 170 85
0827_0164_0146_0336_0168.jpg 1 164 146 336 168
0828_0082_0225_0143_0071.jpg 1 82 225 143 71
0829_0051_0066_0167_0083.jpg 1 51 66 167 83
0830_0120_0114_0085_0042.jpg 1 120 114 85 42
0831_0013_0076_0222_0111.jpg 1 13 76 222 111
0832_0026_0070_0444_0222.jpg 1 26 70 444 222
0833_0059_0068_0111_0055.jpg 1 59 68 111 55
0834_0344_0289_0090_0045.jpg 1 344 289 90 45
0835_0020_0090_0123_0061.jpg 1 20 90 123 61
0836_0153_0089_0417_0208.jpg 1 153 89 417 208
0837_0187_0090_0282_0141.jpg 1 187 90 282 141
0838_0070_0055_0316_0158.jpg 1 70 55 316 158
0839_0175_0229_0381_0190.jpg 1 175 229 381 190
0840_0060_0058_0441_0220.jpg 1 60 58 441 220
0841_0141_0019_0127_0063.jpg 1 141 19 127 63
0842_0038_0079_0157_0078.jpg 1 38 79 157 78
0843_0057_0147_0129_0064.jpg 1 57 147 129 64
0844_0191_0147_0342_0171.jpg 1 191 147 342 171
0845_0087_0049_0392_0196.jpg 1 87 49 392 196
0846_0046_0035_0116_0058.jpg 1 46 35 116 58
0847_0131_0081_0089_0044.jpg 1 131 81 89 44
0848_0040_0128_0394_0197.jpg 1 40 128 394 197
0849_0099_0282_0285_0142.jpg 1 99 282 285 142
0850_0085_0027_0195_0097.jpg 1 85 27 195 97
0851_0192_0181_0260_0130.jpg 1 192 181 260 130
0852_0110_0085_0148_0074.jpg 1 110 85 148 74
0853_0063_0059_0163_0081.jpg 1 63 59 163 81
0854_0086_0040_0406_0203.jpg 1 86 40 406 203
0855_0153_0093_0177_0088.jpg 1 153 93 177 88
0856_0203_0041_0372_0186.jpg 1 203 41 372 186
0857_0107_0090_0115_0057.jpg 1 107 90 115 57
0858_0275_0306_0113_0056.jpg 1 275 306 113 56
0859_0056_0033_0149_0074.jpg 1 56 33 149 74
0860_0094_0222_0424_0212.jpg 1 94 222 424 212
0861_0059_0213_0272_0136.jpg 1 59 213 272 136
0862_0116_0146_0100_0050.jpg 1 116 146 100 50
0863_0080_0149_0119_0059.jpg 1 80 149 119 59
0864_0085_0108_0183_0091.jpg 1 85 108 183 91
0865_0094_0183_0260_0130.jpg 1 94 183 260 130
0866_0115_0109_0084_0042.jpg 1 115 109 84 42
0867_0037_0144_0097_0048.jpg 1 37 144 97 48
0868_0292_0103_0255_0127.jpg 1 292 103 255 127
0869_0052_0105_0118_0059.jpg 1 52 105 118 59
0870_0040_0043_0092_0046.jpg 1 40 43 92 46
0871_0144_0159_0299_0149.jpg 1 144 159 299 149
0872_0144_0236_0350_0175.jpg 1 144 236 350 175
0873_0288_0139_0145_0072.jpg 1 288 139 145 72
0874_0053_0095_0325_0162.jpg 1 53 95 325 162
0875_0280_0174_0117_0058.jpg 1 280 174 117 58
0876_0074_0105_0156_0078.jpg 1 74 105 156 78
0877_0022_0162_0082_0041.jpg 1 22 162 82 41
0878_0149_0103_0446_0223.jpg 1 149 103 446 223
0879_0289_0206_0238_0119.jpg 1 289 206 238 119
0880_0108_0252_0294_0147.jpg 1 108 252 294 147
0881_0046_0053_0126_0063.jpg 1 46 53 126 63
0882_0012_0024_0156_0078.jpg 1 12 24 156 78
0883_0033_0100_0190_0095.jpg 1 33 100 190 95
0884_0254_0437_0164_0082.jpg 1 254 437 164 82
0885_0089_0111_0101_0050.jpg 1 89 111 101 50
0886_0017_0136_0095_0047.jpg 1 17 136 95 47
0887_0178_0340_0164_0082.jpg 1 178 340 164 82
0888_0219_0152_0335_0167.jpg 1 219 152 335 167
0889_0037_0375_0315_0157.jpg 1 37 375 315 157
0890_0128_0048_0340_0170.jpg 1 128 48 340 170
0891_0073_0022_0222_0111.jpg 1 73 22 222 111
0892_0043_0108_0097_0048.jpg 1 43 108 97 48
0893_0043_0093_0087_0043.jpg 1 43 93 87 43
0894_0135_0177_0120_0060.jpg 1 135 177 120 60
0895_0018_0040_0156_0078.jpg 1 18 40 156 78
0896_0055_0054_0361_0180.jpg 1 55 54 361 180
0897_0137_0040_0096_0048.jpg 1 137 40 96 48
0898_0035_0120_0124_0062.jpg 1 35 120 124 62
0899_0103_0042_0105_0052.jpg 1 103 42 105 52
0900_0076_0172_0170_0085.jpg 1 76 172 170 85
0901_0172_0147_0430_0215.jpg 1 172 147 430 215
0902_0387_0263_0165_0082.jpg 1 387 263 165 82
0903_0080_0410_0271_0135.jpg 1 80 410 271 135
0904_0091_0043_0149_0074.jpg 1 91 43 149 74
0905_0041_0252_0398_0199.jpg 1 41 252 398 199
0906_0078_0124_0123_0061.jpg 1 78 124 123 61
0907_0134_0115_0258_0129.jpg 1 134 115 258 129
0908_0178_0302_0146_0073.jpg 1 178 302 146 73
0909_0076_0051_0093_0046.jpg 1 76 51 93 46
0910_0084_0244_0170_0085.jpg 1 84 244 170 85
0911_0049_0045_0445_0222.jpg 1 49 45 445 222
0912_0051_0244_0210_0105.jpg 1 51 244 210 105
0913_0064_0137_0433_0216.jpg 1 64 137 433 216
0914_0102_0114_0102_0051.jpg 1 102 114 102 51
0915_0227_0274_0128_0064.jpg 1 227 274 128 64
0916_0042_0078_0154_0077.jpg 1 42 78 154 77
0917_0149_0113_0098_0049.jpg 1 149 113 98 49
0918_0148_0319_0244_0122.jpg 1 148 319 244 122
0919_0113_0111_0182_0091.jpg 1 113 111 182 91
0920_0138_0130_0083_0041.jpg 1 138 130 83 41
0921_0035_0052_0123_0061.jpg 1 35 52 123 61
0922_0067_0064_0186_0093.jpg 1 67 64 186 93
0923_0235_0136_0349_0174.jpg 1 235 136 349 174
0924_0285_0254_0253_0126.jpg 1 285 254 253 126
0925_0040_0144_0138_0069.jpg 1 40 144 138 69
0926_0019_0064_0151_0075.jpg 1 19 64 151 75
0927_0222_0149_0153_0076.jpg 1 222 149 153 76
0928_0052_0055_0158_0079.jpg 1 52 55 158 79
0929_0033_0060_0214_0107.jpg 1 33 60 214 107
0930_0028_0035_0197_0098.jpg 1 28 35 197 98
0931_0171_0044_0092_0046.jpg 1 171 44 92 46
0932_0083_0194_0151_0075.jpg 1 83 194 151 75
0933_0169_0087_0113_0056.jpg 1 169 87 113 56
0934_0029_0041_0367_0183.jpg 1 29 41 367 183
0935_0075_0090_0392_0196.jpg 1 75 90 392 196
0936_0050_0138_0090_0045.jpg 1 50 138 90 45
0937_0124_0086_0148_0074.jpg 1 124 86 148 74
0938_0192_0076_0395_0197.jpg 1 192 76 395 197
0939_0411_0298_0134_0067.jpg 1 411 298 134 67
0940_0403_0244_0191_0095.jpg 1 403 244 191 95
0941_0351_0273_0117_0058.jpg 1 351 273 117 58
0942_0044_0164_0301_0150.jpg 1 44 164 301 150
0943_0078_0031_0426_0213.jpg 1 78 31 426 213
0944_0201_0415_0166_0083.jpg 1 201 415 166 83
0945_0029_0017_0196_0098.jpg 1 29 17 196 98
0946_0078_0105_0433_0216.jpg 1 78 105 433 216
0947_0081_0017_0189_0094.jpg 1 81 17 189 94
0948_0050_0161_0086_0043.jpg 1 50 161 86 43
0949_0038_0087_0155_0077.jpg 1 38 87 155 77
0950_0144_0154_0336_0168.jpg 1 144 154 336 168
0951_0118_0173_0357_0178.jpg 1 118 173 357 178
0952_0229_0195_0228_0114.jpg 1 229 195 228 114
0953_0464_0222_0094_0047.jpg 1 464 222 94 47
0954_0084_0052_0217_0108.jpg 1 84 52 217 108
0955_0135_0122_0319_0159.jpg 1 135 122 319 159
0956_0246_0126_0302_0151.jpg 1 246 126 302 151
0957_0442_0079_0102_0051.jpg 1 442 79 102 51
0958_0113_0228_0371_0185.jpg 1 113 228 371 185
0959_0127_0059_0167_0083.jpg 1 127 59 167 83
0960_0159_0209_0285_0142.jpg 1 159 209 285 142
0961_0018_0047_0093_0046.jpg 1 18 47 93 46
0962_0230_0088_0176_0088.jpg 1 230 88 176 88
0963_0162_0242_0182_0091.jpg 1 162 242 182 91
0964_0164_0039_0306_0153.jpg 1 164 39 306 153
0965_0107_0132_0443_0221.jpg 1 107 132 443 221
0966_0191_0303_0189_0094.jpg 1 191 303 189 94
0967_0019_0074_0174_0087.jpg 1 19 74 174 87
0968_0017_0024_0107_0053.jpg 1 17 24 107 53
0969_0198_0090_0084_0042.jpg 1 198 90 84 42
0970_0375_0252_0155_0077.jpg 1 375 252 155 77
0971_0164_0120_0204_0102.jpg 1 164 120 204 102
0972_0028_0040_0132_0066.jpg 1 28 40 132 66
0973_0107_0086_0082_0041.jpg 1 107 86 82 41
0974_0065_0169_0089_0044.jpg 1 65 169 89 44
0975_0087_0158_0113_0056.jpg 1 87 158 113 56
0976_0052_0255_0357_0178.jpg 1 52 255 357 178
0977_0163_0207_0356_0178.jpg 1 163 207 356 178
0978_0050_0108_0171_0085.jpg 1 50 108 171 85
0979_0023_0112_0125_0062.jpg 1 23 112 125 62
0980_0150_0131_0230_0115.jpg 1 150 131 230 115
0981_0064_0145_0141_0070.jpg 1 64 145 141 70
0982_0078_0446_0147_0073.jpg 1 78 446 147 73
0983_0104_0040_0169_0084.jpg 1 104 40 169 84
0984_0196_0087_0220_0110.jpg 1 196 87 220 110
0985_0046_0107_0090_0045.jpg 1 46 107 90 45
0986_0091_0232_0416_0208.jpg 1 91 232 416 208
0987_0156_0040_0143_0071.jpg 1 156 40 143 71
0988_0231_0094_0262_0131.jpg 1 231 94 262 131
0989_0160_0183_0311_0155.jpg 1 160 183 311 155
0990_0206_0434_0084_0042.jpg 1 206 434 84 42
0991_0009_0143_0102_0051.jpg 1 9 143 102 51
0992_0158_0212_0167_0083.jpg 1 158 212 167 83
0993_0038_0117_0165_0082.jpg 1 38 117 165 82
0994_0114_0105_0082_0041.jpg 1 114 105 82 41
0995_0168_0299_0186_0093.jpg 1 168 299 186 93
0996_0095_0188_0083_0041.jpg 1 95 188 83 41
0997_0118_0139_0105_0052.jpg 1 118 139 105 52
0998_0011_0071_0160_0080.jpg 1 11 71 160 80
0999_0070_0100_0121_0060.jpg 1 70 100 121 60
1000_0126_0180_0394_0197.jpg 1 126 180 394 197
