0001_0211_0127_0053_0053.jpg 1 211 127 53 53
0002_0199_0073_0030_0030.jpg 1 199 73 30 30
0003_0041_0021_0114_0114.jpg 1 41 21 114 114
0004_0144_0026_0295_0295.jpg 1 144 26 295 295
0005_0183_0197_0202_0202.jpg 1 183 197 202 202
0006_0346_0062_0133_0133.jpg 1 346 62 133 133
0007_0018_0016_0101_0101.jpg 1 18 16 101 101
0008_0070_0098_0304_0304.jpg 1 70 98 304 304
0009_0158_0063_0062_0062.jpg 1 158 63 62 62
0010_0075_0102_0278_0278.jpg 1 75 102 278 278
0011_0125_0328_0051_0051.jpg 1 125 328 51 51
0012_0199_0064_0207_0207.jpg 1 199 64 207 207
0013_0165_0098_0318_0318.jpg 1 165 98 318 318
0014_0065_0052_0149_0149.jpg 1 65 52 149 149
0015_0198_0039_0045_0045.jpg 1 198 39 45 45
0016_0191_0310_0124_0124.jpg 1 191 310 124 124
0017_0151_0031_0047_0047.jpg 1 151 31 47 47
0018_0102_0249_0111_0111.jpg 1 102 249 111 111
0019_0086_0249_0137_0137.jpg 1 86 249 137 137
0020_0123_0022_0045_0045.jpg 1 123 22 45 45
0021_0164_0211_0294_0294.jpg 1 164 211 294 294
0022_0071_0062_0060_0060.jpg 1 71 62 60 60
0023_0093_0284_0131_0131.jpg 1 93 284 131 131
0024_0230_0073_0057_0057.jpg 1 230 73 57 57
0025_0162_0060_0090_0090.jpg 1 162 60 90 90
0026_0021_0032_0054_0054.jpg 1 21 32 54 54
0027_0081_0016_0139_0139.jpg 1 81 16 139 139
0028_0031_0096_0118_0118.jpg 1 31 96 118 118
0029_0141_0111_0309_0309.jpg 1 141 111 309 309
0030_0038_0095_0119_0119.jpg 1 38 95 119 119
0031_0088_0072_0095_0095.jpg 1 88 72 95 95
0032_0167_0104_0080_0080.jpg 1 167 104 80 80
0033_0450_0318_0094_0094.jpg 1 450 318 94 94
0034_0168_0083_0045_0045.jpg 1 168 83 45 45
0035_0224_0086_0043_0043.jpg 1 224 86 43 43
0036_0173_0092_0190_0190.jpg 1 173 92 190 190
0037_0329_0100_0240_0240.jpg 1 329 100 240 240
0038_0037_0019_0154_0154.jpg 1 37 19 154 154
0039_0253_0132_0268_0268.jpg 1 253 132 268 268
0040_0163_0090_0037_0037.jpg 1 163 90 37 37
0041_0112_0071_0141_0141.jpg 1 112 71 141 141
0042_0442_0121_0074_0074.jpg 1 442 121 74 74
0043_0261_0104_0225_0225.jpg 1 261 104 225 225
0044_0059_0029_0138_0138.jpg 1 59 29 138 138
0045_0088_0056_0332_0332.jpg 1 88 56 332 332
0046_0383_0134_0184_0184.jpg 1 383 134 184 184
0047_0316_0178_0207_0207.jpg 1 316 178 207 207
0048_0110_0064_0082_0082.jpg 1 110 64 82 82
0049_0084_0229_0058_0058.jpg 1 84 229 58 58
0050_0026_0045_0103_0103.jpg 1 26 45 103 103
0051_0341_0156_0255_0255.jpg 1 341 156 255 255
0052_0186_0108_0076_0076.jpg 1 186 108 76 76
0053_0060_0036_0139_0139.jpg 1 60 36 139 139
0054_0112_0077_0071_0071.jpg 1 112 77 71 71
0055_0031_0158_0057_0057.jpg 1 31 158 57 57
0056_0381_0196_0206_0206.jpg 1 381 196 206 206
0057_0113_0118_0069_0069.jpg 1 113 118 69 69
0058_0041_0010_0158_0158.jpg 1 41 10 158 158
0059_0049_0023_0117_0117.jpg 1 49 23 117 117
0060_0030_0049_0111_0111.jpg 1 30 49 111 111
0061_0103_0096_0106_0106.jpg 1 103 96 106 106
0062_0100_0050_0120_0120.jpg 1 100 50 120 120
0063_0026_0114_0084_0084.jpg 1 26 114 84 84
0064_0285_0319_0104_0104.jpg 1 285 319 104 104
0065_0057_0056_0322_0322.jpg 1 57 56 322 322
0066_0472_0101_0081_0081.jpg 1 472 101 81 81
0067_0053_0114_0057_0057.jpg 1 53 114 57 57
0068_0294_0188_0268_0268.jpg 1 294 188 268 268
0069_0262_0081_0050_0050.jpg 1 262 81 50 50
0070_0149_0072_0146_0146.jpg 1 149 72 146 146
0071_0135_0496_0062_0062.jpg 1 135 496 62 62
0072_0078_0124_0036_0036.jpg 1 78 124 36 36
0073_0122_0066_0249_0249.jpg 1 122 66 249 249
0074_0124_0126_0026_0026.jpg 1 124 126 26 26
0075_0421_0189_0148_0148.jpg 1 421 189 148 148
0076_0164_0161_0042_0042.jpg 1 164 161 42 42
0077_0251_0059_0033_0033.jpg 1 251 59 33 33
0078_0047_0070_0143_0143.jpg 1 47 70 143 143
0079_0131_0051_0080_0080.jpg 1 131 51 80 80
0080_0093_0073_0041_0041.jpg 1 93 73 41 41
0081_0402_0201_0180_0180.jpg 1 402 201 180 180
0082_0144_0249_0077_0077.jpg 1 144 249 77 77
0083_0284_0050_0319_0319.jpg 1 284 50 319 319
0084_0043_0124_0028_0028.jpg 1 43 124 28 28
0085_0106_0094_0045_0045.jpg 1 106 94 45 45
0086_0063_0096_0098_0098.jpg 1 63 96 98 98
0087_0089_0331_0228_0228.jpg 1 89 331 228 228
0088_0168_0048_0090_0090.jpg 1 168 48 90 90
0089_0506_0091_0033_0033.jpg 1 506 91 33 33
0090_0405_0376_0027_0027.jpg 1 405 376 27 27
0091_0088_0119_0074_0074.jpg 1 88 119 74 74
0092_0067_0019_0054_0054.jpg 1 67 19 54 54
0093_0095_0163_0274_0274.jpg 1 95 163 274 274
0094_0047_0107_0059_0059.jpg 1 47 107 59 59
0095_0413_0149_0163_0163.jpg 1 413 149 163 163
0096_0176_0178_0028_0028.jpg 1 176 178 28 28
0097_0138_0070_0144_0144.jpg 1 138 70 144 144
0098_0493_0120_0065_0065.jpg 1 493 120 65 65
0099_0090_0040_0048_0048.jpg 1 90 40 48 48
0100_0035_0100_0074_0074.jpg 1 35 100 74 74
0101_0051_0107_0113_0113.jpg 1 51 107 113 113
0102_0181_0035_0028_0028.jpg 1 181 35 28 28
0103_0103_0015_0161_0161.jpg 1 103 15 161 161
0104_0266_0218_0095_0095.jpg 1 266 218 95 95
0105_0285_0131_0165_0165.jpg 1 285 131 165 165
0106_0452_0141_0105_0105.jpg 1 452 141 105 105
0107_0086_0064_0128_0128.jpg 1 86 64 128 128
0108_0078_0071_0035_0035.jpg 1 78 71 35 35
0109_0083_0328_0071_0071.jpg 1 83 328 71 71
0110_0512_0284_0049_0049.jpg 1 512 284 49 49
0111_0096_0051_0165_0165.jpg 1 96 51 165 165
0112_0167_0279_0131_0131.jpg 1 167 279 131 131
0113_0091_0405_0126_0126.jpg 1 91 405 126 126
0114_0107_0108_0083_0083.jpg 1 107 108 83 83
0115_0048_0164_0056_0056.jpg 1 48 164 56 56
0116_0055_0156_0291_0291.jpg 1 55 156 291 291
0117_0322_0108_0092_0092.jpg 1 322 108 92 92
0118_0444_0196_0053_0053.jpg 1 444 196 53 53
0119_0106_0070_0145_0145.jpg 1 106 70 145 145
0120_0045_0028_0104_0104.jpg 1 45 28 104 104
0121_0089_0361_0206_0206.jpg 1 89 361 206 206
0122_0132_0123_0295_0295.jpg 1 132 123 295 295
0123_0218_0071_0275_0275.jpg 1 218 71 275 275
0124_0164_0140_0314_0314.jpg 1 164 140 314 314
0125_0039_0128_0034_0034.jpg 1 39 128 34 34
0126_0123_0105_0271_0271.jpg 1 123 105 271 271
0127_0128_0106_0045_0045.jpg 1 128 106 45 45
0128_0026_0042_0061_0061.jpg 1 26 42 61 61
0129_0304_0266_0126_0126.jpg 1 304 266 126 126
0130_0018_0110_0111_0111.jpg 1 18 110 111 111
0131_0031_0223_0219_0219.jpg 1 31 223 219 219
0132_0228_0115_0196_0196.jpg 1 228 115 196 196
0133_0067_0115_0259_0259.jpg 1 67 115 259 259
0134_0320_0104_0046_0046.jpg 1 320 104 46 46
0135_0244_0177_0260_0260.jpg 1 244 177 260 260
0136_0042_0103_0113_0113.jpg 1 42 103 113 113
0137_0277_0250_0152_0152.jpg 1 277 250 152 152
0138_0314_0172_0109_0109.jpg 1 314 172 109 109
0139_0201_0336_0246_0246.jpg 1 201 336 246 246
0140_0084_0017_0094_0094.jpg 1 84 17 94 94
0141_0059_0043_0130_0130.jpg 1 59 43 130 130
0142_0172_0079_0062_0062.jpg 1 172 79 62 62
0143_0087_0270_0146_0146.jpg 1 87 270 146 146
0144_0041_0094_0073_0073.jpg 1 41 94 73 73
0145_0026_0137_0062_0062.jpg 1 26 137 62 62
0146_0048_0112_0048_0048.jpg 1 48 112 48 48
0147_0138_0078_0114_0114.jpg 1 138 78 114 114
0148_0058_0056_0113_0113.jpg 1 58 56 113 113
0149_0065_0124_0066_0066.jpg 1 65 124 66 66
0150_0186_0128_0229_0229.jpg 1 186 128 229 229
0151_0027_0243_0324_0324.jpg 1 27 243 324 324
0152_0104_0033_0151_0151.jpg 1 104 33 151 151
0153_0160_0152_0038_0038.jpg 1 160 152 38 38
0154_0030_0031_0161_0161.jpg 1 30 31 161 161
0155_0113_0041_0121_0121.jpg 1 113 41 121 121
0156_0338_0129_0091_0091.jpg 1 338 129 91 91
0157_0398_0152_0057_0057.jpg 1 398 152 57 57
0158_0126_0055_0084_0084.jpg 1 126 55 84 84
0159_0034_0059_0108_0108.jpg 1 34 59 108 108
0160_0176_0124_0180_0180.jpg 1 176 124 180 180
0161_0118_0196_0243_0243.jpg 1 118 196 243 243
0162_0535_0384_0028_0028.jpg 1 535 384 28 28
0163_0086_0045_0087_0087.jpg 1 86 45 87 87
0164_0015_0059_0154_0154.jpg 1 15 59 154 154
0165_0009_0106_0103_0103.jpg 1 9 106 103 103
0166_0125_0053_0147_0147.jpg 1 125 53 147 147
0167_0283_0102_0190_0190.jpg 1 283 102 190 190
0168_0479_0246_0031_0031.jpg 1 479 246 31 31
0169_0052_0182_0126_0126.jpg 1 52 182 126 126
0170_0075_0086_0079_0079.jpg 1 75 86 79 79
0171_0089_0101_0067_0067.jpg 1 89 101 67 67
0172_0137_0052_0150_0150.jpg 1 137 52 150 150
0173_0117_0113_0068_0068.jpg 1 117 113 68 68
0174_0245_0064_0310_0310.jpg 1 245 64 310 310
0175_0127_0101_0039_0039.jpg 1 127 101 39 39
0176_0094_0086_0131_0131.jpg 1 94 86 131 131
0177_0308_0118_0234_0234.jpg 1 308 118 234 234
0178_0047_0040_0135_0135.jpg 1 47 40 135 135
0179_0037_0078_0144_0144.jpg 1 37 78 144 144
0180_0156_0016_0036_0036.jpg 1 156 16 36 36
0181_0256_0026_0246_0246.jpg 1 256 26 246 246
0182_0415_0220_0122_0122.jpg 1 415 220 122 122
0183_0193_0101_0049_0049.jpg 1 193 101 49 49
0184_0224_0148_0144_0144.jpg 1 224 148 144 144
0185_0083_0105_0039_0039.jpg 1 83 105 39 39
0186_0035_0126_0086_0086.jpg 1 35 126 86 86
0187_0205_0104_0325_0325.jpg 1 205 104 325 325
0188_0188_0088_0063_0063.jpg 1 188 88 63 63
0189_0135_0049_0319_0319.jpg 1 135 49 319 319
0190_0201_0207_0124_0124.jpg 1 201 207 124 124
0191_0013_0084_0038_0038.jpg 1 13 84 38 38
0192_0123_0153_0274_0274.jpg 1 123 153 274 274
0193_0031_0033_0078_0078.jpg 1 31 33 78 78
0194_0277_0027_0268_0268.jpg 1 277 27 268 268
0195_0258_0074_0159_0159.jpg 1 258 74 159 159
0196_0399_0130_0193_0193.jpg 1 399 130 193 193
0197_0139_0210_0242_0242.jpg 1 139 210 242 242
0198_0091_0057_0040_0040.jpg 1 91 57 40 40
0199_0361_0377_0033_0033.jpg 1 361 377 33 33
0200_0127_0101_0190_0190.jpg 1 127 101 190 190
0201_0157_0172_0027_0027.jpg 1 157 172 27 27
0202_0188_0134_0096_0096.jpg 1 188 134 96 96
0203_0245_0201_0051_0051.jpg 1 245 201 51 51
0204_0183_0271_0266_0266.jpg 1 183 271 266 266
0205_0439_0165_0030_0030.jpg 1 439 165 30 30
0206_0072_0069_0099_0099.jpg 1 72 69 99 99
0207_0392_0295_0137_0137.jpg 1 392 295 137 137
0208_0189_0108_0054_0054.jpg 1 189 108 54 54
0209_0202_0050_0293_0293.jpg 1 202 50 293 293
0210_0052_0027_0117_0117.jpg 1 52 27 117 117
0211_0056_0120_0095_0095.jpg 1 56 120 95 95
0212_0044_0068_0161_0161.jpg 1 44 68 161 161
0213_0043_0114_0065_0065.jpg 1 43 114 65 65
0214_0149_0060_0041_0041.jpg 1 149 60 41 41
0215_0083_0154_0054_0054.jpg 1 83 154 54 54
0216_0023_0030_0030_0030.jpg 1 23 30 30 30
0217_0424_0216_0157_0157.jpg 1 424 216 157 157
0218_0107_0123_0034_0034.jpg 1 107 123 34 34
0219_0157_0100_0116_0116.jpg 1 157 100 116 116
0220_0097_0135_0157_0157.jpg 1 97 135 157 157
0221_0084_0069_0051_0051.jpg 1 84 69 51 51
0222_0162_0061_0074_0074.jpg 1 162 61 74 74
0223_0134_0217_0130_0130.jpg 1 134 217 130 130
0224_0068_0091_0117_0117.jpg 1 68 91 117 117
0225_0279_0269_0164_0164.jpg 1 279 269 164 164
0226_0062_0031_0210_0210.jpg 1 62 31 210 210
0227_0313_0253_0161_0161.jpg 1 313 253 161 161
0228_0096_0023_0116_0116.jpg 1 96 23 116 116
0229_0297_0213_0119_0119.jpg 1 297 213 119 119
0230_0024_0134_0080_0080.jpg 1 24 134 80 80
0231_0068_0054_0107_0107.jpg 1 68 54 107 107
0232_0108_0025_0293_0293.jpg 1 108 25 293 293
0233_0157_0148_0215_0215.jpg 1 157 148 215 215
0234_0061_0034_0080_0080.jpg 1 61 34 80 80
0235_0083_0013_0123_0123.jpg 1 83 13 123 123
0236_0105_0155_0169_0169.jpg 1 105 155 169 169
0237_0025_0092_0092_0092.jpg 1 25 92 92 92
0238_0286_0059_0306_0306.jpg 1 286 59 306 306
0239_0310_0190_0167_0167.jpg 1 310 190 167 167
0240_0258_0163_0293_0293.jpg 1 258 163 293 293
0241_0040_0029_0108_0108.jpg 1 40 29 108 108
0242_0389_0227_0034_0034.jpg 1 389 227 34 34
0243_0128_0037_0108_0108.jpg 1 128 37 108 108
0244_0267_0141_0136_0136.jpg 1 267 141 136 136
0245_0316_0117_0277_0277.jpg 1 316 117 277 277
0246_0045_0267_0262_0262.jpg 1 45 267 262 262
0247_0036_0039_0160_0160.jpg 1 36 39 160 160
0248_0026_0032_0039_0039.jpg 1 26 32 39 39
0249_0164_0038_0100_0100.jpg 1 164 38 100 100
0250_0134_0113_0087_0087.jpg 1 134 113 87 87
0251_0062_0064_0103_0103.jpg 1 62 64 103 103
0252_0068_0165_0286_0286.jpg 1 68 165 286 286
0253_0249_0141_0286_0286.jpg 1 249 141 286 286
0254_0039_0113_0108_0108.jpg 1 39 113 108 108
0255_0081_0023_0107_0107.jpg 1 81 23 107 107
0256_0138_0119_0166_0166.jpg 1 138 119 166 166
0257_0042_0057_0136_0136.jpg 1 42 57 136 136
0258_0393_0253_0025_0025.jpg 1 393 253 25 25
0259_0266_0113_0043_0043.jpg 1 266 113 43 43
0260_0108_0063_0026_0026.jpg 1 108 63 26 26
0261_0049_0494_0030_0030.jpg 1 49 494 30 30
0262_0228_0040_0275_0275.jpg 1 228 40 275 275
0263_0330_0029_0198_0198.jpg 1 330 29 198 198
0264_0224_0347_0226_0226.jpg 1 224 347 226 226
0265_0287_0104_0221_0221.jpg 1 287 104 221 221
0266_0138_0070_0071_0071.jpg 1 138 70 71 71
0267_0153_0045_0137_0137.jpg 1 153 45 137 137
0268_0065_0124_0060_0060.jpg 1 65 124 60 60
0269_0036_0052_0134_0134.jpg 1 36 52 134 134
0270_0020_0104_0105_0105.jpg 1 20 104 105 105
0271_0372_0118_0149_0149.jpg 1 372 118 149 149
0272_0174_0117_0135_0135.jpg 1 174 117 135 135
0273_0079_0059_0103_0103.jpg 1 79 59 103 103
0274_0443_0061_0086_0086.jpg 1 443 61 86 86
0275_0054_0106_0109_0109.jpg 1 54 106 109 109
0276_0194_0114_0097_0097.jpg 1 194 114 97 97
0277_0237_0179_0137_0137.jpg 1 237 179 137 137
0278_0176_0156_0057_0057.jpg 1 176 156 57 57
0279_0111_0369_0043_0043.jpg 1 111 369 43 43
0280_0250_0327_0097_0097.jpg 1 250 327 97 97
0281_0034_0039_0056_0056.jpg 1 34 39 56 56
0282_0209_0202_0106_0106.jpg 1 209 202 106 106
0283_0368_0170_0085_0085.jpg 1 368 170 85 85
0284_0030_0070_0115_0115.jpg 1 30 70 115 115
0285_0169_0127_0236_0236.jpg 1 169 127 236 236
0286_0269_0065_0090_0090.jpg 1 269 65 90 90
0287_0116_0074_0024_0024.jpg 1 116 74 24 24
0288_0124_0049_0135_0135.jpg 1 124 49 135 135
0289_0170_0078_0116_0116.jpg 1 170 78 116 116
0290_0050_0048_0153_0153.jpg 1 50 48 153 153
0291_0103_0019_0125_0125.jpg 1 103 19 125 125
0292_0036_0029_0124_0124.jpg 1 36 29 124 124
0293_0081_0029_0054_0054.jpg 1 81 29 54 54
0294_0187_0220_0103_0103.jpg 1 187 220 103 103
0295_0230_0098_0048_0048.jpg 1 230 98 48 48
0296_0071_0048_0100_0100.jpg 1 71 48 100 100
0297_0052_0156_0117_0117.jpg 1 52 156 117 117
0298_0035_0091_0030_0030.jpg 1 35 91 30 30
0299_0160_0104_0138_0138.jpg 1 160 104 138 138
0300_0055_0159_0061_0061.jpg 1 55 159 61 61
0301_0140_0175_0123_0123.jpg 1 140 175 123 123
0302_0208_0150_0112_0112.jpg 1 208 150 112 112
0303_0040_0117_0104_0104.jpg 1 40 117 104 104
0304_0150_0122_0072_0072.jpg 1 150 122 72 72
0305_0131_0040_0290_0290.jpg 1 131 40 290 290
0306_0033_0018_0120_0120.jpg 1 33 18 120 120
0307_0101_0018_0077_0077.jpg 1 101 18 77 77
0308_0130_0022_0112_0112.jpg 1 130 22 112 112
0309_0276_0191_0165_0165.jpg 1 276 191 165 165
0310_0175_0054_0333_0333.jpg 1 175 54 333 333
0311_0095_0141_0078_0078.jpg 1 95 141 78 78
0312_0081_0149_0052_0052.jpg 1 81 149 52 52
0313_0460_0389_0044_0044.jpg 1 460 389 44 44
0314_0065_0146_0042_0042.jpg 1 65 146 42 42
0315_0094_0009_0143_0143.jpg 1 94 9 143 143
0316_0084_0053_0059_0059.jpg 1 84 53 59 59
0317_0172_0303_0210_0210.jpg 1 172 303 210 210
0318_0070_0112_0120_0120.jpg 1 70 112 120 120
0319_0282_0214_0163_0163.jpg 1 282 214 163 163
0320_0072_0123_0264_0264.jpg 1 72 123 264 264
0321_0068_0083_0137_0137.jpg 1 68 83 137 137
0322_0403_0114_0089_0089.jpg 1 403 114 89 89
0323_0310_0155_0193_0193.jpg 1 310 155 193 193
0324_0028_0068_0155_0155.jpg 1 28 68 155 155
0325_0277_0064_0270_0270.jpg 1 277 64 270 270
0326_0075_0092_0123_0123.jpg 1 75 92 123 123
0327_0055_0087_0087_0087.jpg 1 55 87 87 87
0328_0315_0352_0059_0059.jpg 1 315 352 59 59
0329_0389_0236_0079_0079.jpg 1 389 236 79 79
0330_0072_0113_0107_0107.jpg 1 72 113 107 107
0331_0110_0078_0025_0025.jpg 1 110 78 25 25
0332_0093_0012_0122_0122.jpg 1 93 12 122 122
0333_0278_0097_0190_0190.jpg 1 278 97 190 190
0334_0160_0036_0129_0129.jpg 1 160 36 129 129
0335_0075_0108_0101_0101.jpg 1 75 108 101 101
0336_0092_0027_0093_0093.jpg 1 92 27 93 93
0337_0073_0120_0060_0060.jpg 1 73 120 60 60
0338_0160_0223_0054_0054.jpg 1 160 223 54 54
0339_0123_0156_0126_0126.jpg 1 123 156 126 126
0340_0109_0152_0049_0049.jpg 1 109 152 49 49
0341_0061_0047_0134_0134.jpg 1 61 47 134 134
0342_0140_0139_0027_0027.jpg 1 140 139 27 27
0343_0266_0226_0200_0200.jpg 1 266 226 200 200
0344_0332_0076_0032_0032.jpg 1 332 76 32 32
0345_0047_0103_0034_0034.jpg 1 47 103 34 34
0346_0271_0158_0302_0302.jpg 1 271 158 302 302
0347_0117_0041_0133_0133.jpg 1 117 41 133 133
0348_0143_0063_0048_0048.jpg 1 143 63 48 48
0349_0064_0015_0111_0111.jpg 1 64 15 111 111
0350_0464_0281_0086_0086.jpg 1 464 281 86 86
0351_0047_0184_0204_0204.jpg 1 47 184 204 204
0352_0394_0092_0142_0142.jpg 1 394 92 142 142
0353_0214_0078_0251_0251.jpg 1 214 78 251 251
0354_0283_0140_0064_0064.jpg 1 283 140 64 64
0355_0067_0301_0039_0039.jpg 1 67 301 39 39
0356_0060_0016_0097_0097.jpg 1 60 16 97 97
0357_0348_0071_0069_0069.jpg 1 348 71 69 69
0358_0162_0090_0137_0137.jpg 1 162 90 137 137
0359_0062_0028_0029_0029.jpg 1 62 28 29 29
0360_0049_0063_0156_0156.jpg 1 49 63 156 156
0361_0107_0044_0079_0079.jpg 1 107 44 79 79
0362_0159_0075_0035_0035.jpg 1 159 75 35 35
0363_0009_0062_0040_0040.jpg 1 9 62 40 40
0364_0064_0189_0113_0113.jpg 1 64 189 113 113
0365_0033_0035_0078_0078.jpg 1 33 35 78 78
0366_0010_0097_0114_0114.jpg 1 10 97 114 114
0367_0143_0496_0039_0039.jpg 1 143 496 39 39
0368_0204_0046_0069_0069.jpg 1 204 46 69 69
0369_0110_0027_0297_0297.jpg 1 110 27 297 297
0370_0216_0086_0275_0275.jpg 1 216 86 275 275
0371_0055_0100_0241_0241.jpg 1 55 100 241 241
0372_0193_0035_0235_0235.jpg 1 193 35 235 235
0373_0394_0202_0167_0167.jpg 1 394 202 167 167
0374_0011_0061_0100_0100.jpg 1 11 61 100 100
0375_0067_0111_0312_0312.jpg 1 67 111 312 312
0376_0068_0044_0150_0150.jpg 1 68 44 150 150
0377_0293_0125_0220_0220.jpg 1 293 125 220 220
0378_0043_0333_0087_0087.jpg 1 43 333 87 87
0379_0183_0117_0307_0307.jpg 1 183 117 307 307
0380_0236_0131_0083_0083.jpg 1 236 131 83 83
0381_0078_0083_0043_0043.jpg 1 78 83 43 43
0382_0058_0044_0101_0101.jpg 1 58 44 101 101
0383_0229_0090_0326_0326.jpg 1 229 90 326 326
0384_0377_0102_0058_0058.jpg 1 377 102 58 58
0385_0052_0128_0130_0130.jpg 1 52 128 130 130
0386_0022_0028_0121_0121.jpg 1 22 28 121 121
0387_0121_0071_0058_0058.jpg 1 121 71 58 58
0388_0018_0011_0154_0154.jpg 1 18 11 154 154
0389_0180_0017_0116_0116.jpg 1 180 17 116 116
0390_0179_0102_0042_0042.jpg 1 179 102 42 42
0391_0186_0037_0110_0110.jpg 1 186 37 110 110
0392_0316_0284_0035_0035.jpg 1 316 284 35 35
0393_0086_0097_0127_0127.jpg 1 86 97 127 127
0394_0016_0033_0085_0085.jpg 1 16 33 85 85
0395_0153_0031_0147_0147.jpg 1 153 31 147 147
0396_0159_0203_0154_0154.jpg 1 159 203 154 154
0397_0049_0032_0292_0292.jpg 1 49 32 292 292
0398_0124_0413_0070_0070.jpg 1 124 413 70 70
0399_0125_0029_0125_0125.jpg 1 125 29 125 125
0400_0023_0106_0302_0302.jpg 1 23 106 302 302
0401_0129_0055_0324_0324.jpg 1 129 55 324 324
0402_0105_0097_0240_0240.jpg 1 105 97 240 240
0403_0197_0054_0254_0254.jpg 1 197 54 254 254
0404_0230_0147_0051_0051.jpg 1 230 147 51 51
0405_0071_0090_0032_0032.jpg 1 71 90 32 32
0406_0159_0031_0132_0132.jpg 1 159 31 132 132
0407_0136_0021_0040_0040.jpg 1 136 21 40 40
0408_0069_0091_0307_0307.jpg 1 69 91 307 307
0409_0074_0021_0155_0155.jpg 1 74 21 155 155
0410_0151_0153_0280_0280.jpg 1 151 153 280 280
0411_0070_0173_0043_0043.jpg 1 70 173 43 43
0412_0302_0037_0204_0204.jpg 1 302 37 204 204
0413_0495_0166_0065_0065.jpg 1 495 166 65 65
0414_0211_0087_0294_0294.jpg 1 211 87 294 294
0415_0226_0215_0037_0037.jpg 1 226 215 37 37
0416_0144_0065_0129_0129.jpg 1 144 65 129 129
0417_0343_0178_0059_0059.jpg 1 343 178 59 59
0418_0155_0156_0043_0043.jpg 1 155 156 43 43
0419_0190_0027_0294_0294.jpg 1 190 27 294 294
0420_0155_0153_0166_0166.jpg 1 155 153 166 166
0421_0262_0255_0066_0066.jpg 1 262 255 66 66
0422_0060_0142_0029_0029.jpg 1 60 142 29 29
0423_0034_0081_0079_0079.jpg 1 34 81 79 79
0424_0057_0042_0165_0165.jpg 1 57 42 165 165
0425_0039_0109_0112_0112.jpg 1 39 109 112 112
0426_0070_0114_0107_0107.jpg 1 70 114 107 107
0427_0112_0197_0216_0216.jpg 1 112 197 216 216
0428_0115_0041_0098_0098.jpg 1 115 41 98 98
0429_0399_0102_0187_0187.jpg 1 399 102 187 187
0430_0173_0434_0085_0085.jpg 1 173 434 85 85
0431_0097_0075_0128_0128.jpg 1 97 75 128 128
0432_0088_0056_0149_0149.jpg 1 88 56 149 149
0433_0285_0375_0146_0146.jpg 1 285 375 146 146
0434_0391_0044_0166_0166.jpg 1 391 44 166 166
0435_0131_0125_0034_0034.jpg 1 131 125 34 34
0436_0468_0116_0114_0114.jpg 1 468 116 114 114
0437_0192_0090_0226_0226.jpg 1 192 90 226 226
0438_0186_0183_0160_0160.jpg 1 186 183 160 160
0439_0046_0013_0128_0128.jpg 1 46 13 128 128
0440_0039_0096_0099_0099.jpg 1 39 96 99 99
0441_0186_0113_0244_0244.jpg 1 186 113 244 244
0442_0134_0182_0033_0033.jpg 1 134 182 33 33
0443_0212_0225_0066_0066.jpg 1 212 225 66 66
0444_0124_0038_0134_0134.jpg 1 124 38 134 134
0445_0202_0121_0280_0280.jpg 1 202 121 280 280
0446_0239_0034_0330_0330.jpg 1 239 34 330 330
0447_0072_0068_0091_0091.jpg 1 72 68 91 91
0448_0013_0021_0090_0090.jpg 1 13 21 90 90
0449_0117_0022_0121_0121.jpg 1 117 22 121 121
0450_0158_0186_0150_0150.jpg 1 158 186 150 150
0451_0471_0102_0073_0073.jpg 1 471 102 73 73
0452_0155_0158_0036_0036.jpg 1 155 158 36 36
0453_0078_0214_0066_0066.jpg 1 78 214 66 66
0454_0323_0221_0169_0169.jpg 1 323 221 169 169
0455_0128_0022_0111_0111.jpg 1 128 22 111 111
0456_0047_0122_0214_0214.jpg 1 47 122 214 214
0457_0068_0067_0114_0114.jpg 1 68 67 114 114
0458_0079_0053_0142_0142.jpg 1 79 53 142 142
0459_0470_0109_0091_0091.jpg 1 470 109 91 91
0460_0195_0061_0033_0033.jpg 1 195 61 33 33
0461_0294_0059_0226_0226.jpg 1 294 59 226 226
0462_0301_0074_0295_0295.jpg 1 301 74 295 295
0463_0214_0065_0078_0078.jpg 1 214 65 78 78
0464_0079_0039_0084_0084.jpg 1 79 39 84 84
0465_0097_0066_0147_0147.jpg 1 97 66 147 147
0466_0240_0243_0091_0091.jpg 1 240 243 91 91
0467_0115_0052_0176_0176.jpg 1 115 52 176 176
0468_0016_0050_0062_0062.jpg 1 16 50 62 62
0469_0260_0070_0238_0238.jpg 1 260 70 238 238
0470_0328_0102_0210_0210.jpg 1 328 102 210 210
0471_0033_0027_0078_0078.jpg 1 33 27 78 78
0472_0070_0109_0092_0092.jpg 1 70 109 92 92
0473_0186_0136_0027_0027.jpg 1 186 136 27 27
0474_0097_0034_0082_0082.jpg 1 97 34 82 82
0475_0071_0100_0087_0087.jpg 1 71 100 87 87
0476_0198_0101_0199_0199.jpg 1 198 101 199 199
0477_0088_0014_0103_0103.jpg 1 88 14 103 103
0478_0224_0163_0174_0174.jpg 1 224 163 174 174
0479_0203_0071_0316_0316.jpg 1 203 71 316 316
0480_0102_0172_0266_0266.jpg 1 102 172 266 266
0481_0287_0332_0074_0074.jpg 1 287 332 74 74
0482_0346_0206_0232_0232.jpg 1 346 206 232 232
0483_0055_0174_0179_0179.jpg 1 55 174 179 179
0484_0162_0221_0174_0174.jpg 1 162 221 174 174
0485_0184_0162_0036_0036.jpg 1 184 162 36 36
0486_0075_0070_0093_0093.jpg 1 75 70 93 93
0487_0023_0018_0108_0108.jpg 1 23 18 108 108
0488_0188_0092_0187_0187.jpg 1 188 92 187 187
0489_0076_0103_0027_0027.jpg 1 76 103 27 27
0490_0119_0166_0037_0037.jpg 1 119 166 37 37
0491_0438_0131_0026_0026.jpg 1 438 131 26 26
0492_0451_0265_0048_0048.jpg 1 451 265 48 48
0493_0277_0081_0054_0054.jpg 1 277 81 54 54
0494_0123_0014_0136_0136.jpg 1 123 14 136 136
0495_0228_0250_0137_0137.jpg 1 228 250 137 137
0496_0202_0096_0077_0077.jpg 1 202 96 77 77
0497_0401_0037_0129_0129.jpg 1 401 37 129 129
0498_0065_0099_0123_0123.jpg 1 65 99 123 123
0499_0191_0268_0122_0122.jpg 1 191 268 122 122
0500_0101_0180_0024_0024.jpg 1 101 180 24 24
0501_0215_0226_0212_0212.jpg 1 215 226 212 212
0502_0063_0397_0060_0060.jpg 1 63 397 60 60
0503_0102_0092_0192_0192.jpg 1 102 92 192 192
0504_0188_0153_0291_0291.jpg 1 188 153 291 291
0505_0182_0082_0232_0232.jpg 1 182 82 232 232
0506_0078_0122_0075_0075.jpg 1 78 122 75 75
0507_0466_0216_0052_0052.jpg 1 466 216 52 52
0508_0067_0133_0028_0028.jpg 1 67 133 28 28
0509_0074_0047_0161_0161.jpg 1 74 47 161 161
0510_0211_0106_0084_0084.jpg 1 211 106 84 84
0511_0069_0056_0162_0162.jpg 1 69 56 162 162
0512_0050_0032_0077_0077.jpg 1 50 32 77 77
0513_0077_0052_0138_0138.jpg 1 77 52 138 138
0514_0066_0073_0138_0138.jpg 1 66 73 138 138
0515_0204_0312_0046_0046.jpg 1 204 312 46 46
0516_0325_0201_0153_0153.jpg 1 325 201 153 153
0517_0045_0025_0055_0055.jpg 1 45 25 55 55
0518_0158_0228_0049_0049.jpg 1 158 228 49 49
0519_0036_0091_0026_0026.jpg 1 36 91 26 26
0520_0033_0118_0281_0281.jpg 1 33 118 281 281
0521_0143_0107_0098_0098.jpg 1 143 107 98 98
0522_0248_0157_0269_0269.jpg 1 248 157 269 269
0523_0239_0189_0153_0153.jpg 1 239 189 153 153
0524_0411_0142_0161_0161.jpg 1 411 142 161 161
0525_0204_0126_0058_0058.jpg 1 204 126 58 58
0526_0050_0063_0113_0113.jpg 1 50 63 113 113
0527_0389_0132_0187_0187.jpg 1 389 132 187 187
0528_0259_0134_0177_0177.jpg 1 259 134 177 177
0529_0397_0109_0061_0061.jpg 1 397 109 61 61
0530_0152_0125_0088_0088.jpg 1 152 125 88 88
0531_0113_0154_0064_0064.jpg 1 113 154 64 64
0532_0064_0035_0066_0066.jpg 1 64 35 66 66
0533_0179_0044_0066_0066.jpg 1 179 44 66 66
0534_0063_0080_0025_0025.jpg 1 63 80 25 25
0535_0329_0280_0104_0104.jpg 1 329 280 104 104
0536_0105_0031_0094_0094.jpg 1 105 31 94 94
0537_0031_0098_0096_0096.jpg 1 31 98 96 96
0538_0145_0392_0059_0059.jpg 1 145 392 59 59
0539_0245_0053_0201_0201.jpg 1 245 53 201 201
0540_0482_0258_0033_0033.jpg 1 482 258 33 33
0541_0035_0026_0152_0152.jpg 1 35 26 152 152
0542_0130_0070_0041_0041.jpg 1 130 70 41 41
0543_0112_0102_0280_0280.jpg 1 112 102 280 280
0544_0037_0113_0024_0024.jpg 1 37 113 24 24
0545_0153_0089_0098_0098.jpg 1 153 89 98 98
0546_0291_0063_0076_0076.jpg 1 291 63 76 76
0547_0113_0117_0088_0088.jpg 1 113 117 88 88
0548_0145_0122_0211_0211.jpg 1 145 122 211 211
0549_0044_0109_0318_0318.jpg 1 44 109 318 318
0550_0138_0074_0236_0236.jpg 1 138 74 236 236
0551_0029_0048_0146_0146.jpg 1 29 48 146 146
0552_0086_0023_0083_0083.jpg 1 86 23 83 83
0553_0035_0070_0111_0111.jpg 1 35 70 111 111
0554_0057_0121_0027_0027.jpg 1 57 121 27 27
0555_0136_0093_0030_0030.jpg 1 136 93 30 30
0556_0100_0079_0067_0067.jpg 1 100 79 67 67
0557_0066_0084_0092_0092.jpg 1 66 84 92 92
0558_0237_0078_0196_0196.jpg 1 237 78 196 196
0559_0233_0174_0182_0182.jpg 1 233 174 182 182
0560_0114_0188_0244_0244.jpg 1 114 188 244 244
0561_0135_0073_0110_0110.jpg 1 135 73 110 110
0562_0136_0207_0203_0203.jpg 1 136 207 203 203
0563_0056_0027_0100_0100.jpg 1 56 27 100 100
0564_0070_0114_0244_0244.jpg 1 70 114 244 244
0565_0050_0018_0125_0125.jpg 1 50 18 125 125
0566_0206_0030_0057_0057.jpg 1 206 30 57 57
0567_0080_0113_0090_0090.jpg 1 80 113 90 90
0568_0132_0019_0313_0313.jpg 1 132 19 313 313
0569_0139_0051_0075_0075.jpg 1 139 51 75 75
0570_0217_0245_0181_0181.jpg 1 217 245 181 181
0571_0126_0107_0213_0213.jpg 1 126 107 213 213
0572_0146_0059_0332_0332.jpg 1 146 59 332 332
0573_0079_0023_0110_0110.jpg 1 79 23 110 110
0574_0132_0172_0284_0284.jpg 1 132 172 284 284
0575_0328_0239_0057_0057.jpg 1 328 239 57 57
0576_0128_0089_0055_0055.jpg 1 128 89 55 55
0577_0149_0097_0199_0199.jpg 1 149 97 199 199
0578_0044_0033_0042_0042.jpg 1 44 33 42 42
0579_0259_0157_0301_0301.jpg 1 259 157 301 301
0580_0232_0072_0046_0046.jpg 1 232 72 46 46
0581_0117_0252_0263_0263.jpg 1 117 252 263 263
0582_0086_0045_0147_0147.jpg 1 86 45 147 147
0583_0395_0088_0192_0192.jpg 1 395 88 192 192
0584_0315_0284_0055_0055.jpg 1 315 284 55 55
0585_0080_0049_0174_0174.jpg 1 80 49 174 174
0586_0319_0242_0167_0167.jpg 1 319 242 167 167
0587_0198_0026_0074_0074.jpg 1 198 26 74 74
0588_0213_0058_0074_0074.jpg 1 213 58 74 74
0589_0302_0052_0288_0288.jpg 1 302 52 288 288
0590_0071_0118_0265_0265.jpg 1 71 118 265 265
0591_0326_0040_0214_0214.jpg 1 326 40 214 214
0592_0246_0036_0084_0084.jpg 1 246 36 84 84
0593_0030_0030_0143_0143.jpg 1 30 30 143 143
0594_0450_0166_0094_0094.jpg 1 450 166 94 94
0595_0081_0049_0052_0052.jpg 1 81 49 52 52
0596_0189_0033_0086_0086.jpg 1 189 33 86 86
0597_0233_0060_0031_0031.jpg 1 233 60 31 31
0598_0044_0311_0241_0241.jpg 1 44 311 241 241
0599_0272_0207_0240_0240.jpg 1 272 207 240 240
0600_0047_0146_0051_0051.jpg 1 47 146 51 51
0601_0057_0046_0315_0315.jpg 1 57 46 315 315
0602_0084_0136_0166_0166.jpg 1 84 136 166 166
0603_0076_0108_0218_0218.jpg 1 76 108 218 218
0604_0059_0027_0024_0024.jpg 1 59 27 24 24
0605_0175_0143_0308_0308.jpg 1 175 143 308 308
0606_0086_0085_0086_0086.jpg 1 86 85 86 86
0607_0140_0104_0035_0035.jpg 1 140 104 35 35
0608_0074_0157_0243_0243.jpg 1 74 157 243 243
0609_0080_0068_0148_0148.jpg 1 80 68 148 148
0610_0356_0074_0155_0155.jpg 1 356 74 155 155
0611_0270_0096_0289_0289.jpg 1 270 96 289 289
0612_0057_0037_0100_0100.jpg 1 57 37 100 100
0613_0030_0067_0105_0105.jpg 1 30 67 105 105
0614_0292_0076_0092_0092.jpg 1 292 76 92 92
0615_0086_0032_0108_0108.jpg 1 86 32 108 108
0616_0038_0102_0089_0089.jpg 1 38 102 89 89
0617_0138_0051_0106_0106.jpg 1 138 51 106 106
0618_0077_0026_0163_0163.jpg 1 77 26 163 163
0619_0300_0152_0266_0266.jpg 1 300 152 266 266
0620_0065_0032_0094_0094.jpg 1 65 32 94 94
0621_0314_0082_0102_0102.jpg 1 314 82 102 102
0622_0067_0019_0132_0132.jpg 1 67 19 132 132
0623_0465_0184_0057_0057.jpg 1 465 184 57 57
0624_0133_0144_0079_0079.jpg 1 133 144 79 79
0625_0036_0069_0147_0147.jpg 1 36 69 147 147
0626_0313_0133_0210_0210.jpg 1 313 133 210 210
0627_0119_0068_0092_0092.jpg 1 119 68 92 92
0628_0205_0169_0210_0210.jpg 1 205 169 210 210
0629_0132_0266_0090_0090.jpg 1 132 266 90 90
0630_0039_0062_0092_0092.jpg 1 39 62 92 92
0631_0082_0115_0095_0095.jpg 1 82 115 95 95
0632_0180_0134_0056_0056.jpg 1 180 134 56 56
0633_0108_0078_0091_0091.jpg 1 108 78 91 91
0634_0079_0130_0032_0032.jpg 1 79 130 32 32
0635_0298_0090_0285_0285.jpg 1 298 90 285 285
0636_0073_0053_0127_0127.jpg 1 73 53 127 127
0637_0215_0026_0025_0025.jpg 1 215 26 25 25
0638_0205_0041_0319_0319.jpg 1 205 41 319 319
0639_0018_0090_0082_0082.jpg 1 18 90 82 82
0640_0116_0119_0028_0028.jpg 1 116 119 28 28
0641_0151_0187_0246_0246.jpg 1 151 187 246 246
0642_0322_0082_0243_0243.jpg 1 322 82 243 243
0643_0483_0253_0054_0054.jpg 1 483 253 54 54
0644_0036_0074_0097_0097.jpg 1 36 74 97 97
0645_0024_0094_0133_0133.jpg 1 24 94 133 133
0646_0320_0114_0208_0208.jpg 1 320 114 208 208
0647_0128_0152_0277_0277.jpg 1 128 152 277 277
0648_0347_0126_0205_0205.jpg 1 347 126 205 205
0649_0252_0172_0257_0257.jpg 1 252 172 257 257
0650_0203_0026_0066_0066.jpg 1 203 26 66 66
0651_0049_0062_0120_0120.jpg 1 49 62 120 120
0652_0084_0121_0039_0039.jpg 1 84 121 39 39
0653_0070_0060_0069_0069.jpg 1 70 60 69 69
0654_0036_0086_0123_0123.jpg 1 36 86 123 123
0655_0110_0198_0202_0202.jpg 1 110 198 202 202
0656_0054_0066_0058_0058.jpg 1 54 66 58 58
0657_0092_0016_0324_0324.jpg 1 92 16 324 324
0658_0193_0033_0071_0071.jpg 1 193 33 71 71
0659_0320_0172_0108_0108.jpg 1 320 172 108 108
0660_0277_0191_0245_0245.jpg 1 277 191 245 245
0661_0137_0477_0084_0084.jpg 1 137 477 84 84
0662_0137_0064_0117_0117.jpg 1 137 64 117 117
0663_0161_0113_0084_0084.jpg 1 161 113 84 84
0664_0251_0103_0299_0299.jpg 1 251 103 299 299
0665_0173_0098_0024_0024.jpg 1 173 98 24 24
0666_0348_0120_0121_0121.jpg 1 348 120 121 121
0667_0083_0036_0094_0094.jpg 1 83 36 94 94
0668_0033_0084_0099_0099.jpg 1 33 84 99 99
0669_0095_0020_0118_0118.jpg 1 95 20 118 118
0670_0125_0034_0167_0167.jpg 1 125 34 167 167
0671_0458_0279_0040_0040.jpg 1 458 279 40 40
0672_0047_0061_0076_0076.jpg 1 47 61 76 76
0673_0114_0039_0285_0285.jpg 1 114 39 285 285
0674_0225_0329_0223_0223.jpg 1 225 329 223 223
0675_0138_0027_0083_0083.jpg 1 138 27 83 83
0676_0131_0157_0027_0027.jpg 1 131 157 27 27
0677_0196_0062_0062_0062.jpg 1 196 62 62 62
0678_0151_0044_0274_0274.jpg 1 151 44 274 274
0679_0157_0137_0049_0049.jpg 1 157 137 49 49
0680_0414_0219_0143_0143.jpg 1 414 219 143 143
0681_0290_0339_0048_0048.jpg 1 290 339 48 48
0682_0102_0066_0231_0231.jpg 1 102 66 231 231
0683_0150_0097_0211_0211.jpg 1 150 97 211 211
0684_0162_0099_0106_0106.jpg 1 162 99 106 106
0685_0283_0115_0098_0098.jpg 1 283 115 98 98
0686_0162_0127_0042_0042.jpg 1 162 127 42 42
0687_0242_0051_0315_0315.jpg 1 242 51 315 315
0688_0110_0063_0073_0073.jpg 1 110 63 73 73
0689_0291_0229_0117_0117.jpg 1 291 229 117 117
0690_0162_0135_0255_0255.jpg 1 162 135 255 255
0691_0116_0149_0037_0037.jpg 1 116 149 37 37
0692_0082_0144_0072_0072.jpg 1 82 144 72 72
0693_0090_0066_0098_0098.jpg 1 90 66 98 98
0694_0203_0121_0287_0287.jpg 1 203 121 287 287
0695_0057_0031_0123_0123.jpg 1 57 31 123 123
0696_0058_0131_0057_0057.jpg 1 58 131 57 57
0697_0387_0035_0138_0138.jpg 1 387 35 138 138
0698_0373_0028_0207_0207.jpg 1 373 28 207 207
0699_0178_0372_0099_0099.jpg 1 178 372 99 99
0700_0161_0087_0034_0034.jpg 1 161 87 34 34
0701_0082_0129_0199_0199.jpg 1 82 129 199 199
0702_0096_0041_0088_0088.jpg 1 96 41 88 88
0703_0208_0102_0083_0083.jpg 1 208 102 83 83
0704_0142_0288_0127_0127.jpg 1 142 288 127 127
0705_0050_0163_0047_0047.jpg 1 50 163 47 47
0706_0023_0130_0071_0071.jpg 1 23 130 71 71
0707_0078_0034_0076_0076.jpg 1 78 34 76 76
0708_0083_0062_0303_0303.jpg 1 83 62 303 303
0709_0338_0285_0051_0051.jpg 1 338 285 51 51
0710_0269_0133_0268_0268.jpg 1 269 133 268 268
0711_0071_0060_0115_0115.jpg 1 71 60 115 115
0712_0162_0089_0123_0123.jpg 1 162 89 123 123
0713_0091_0019_0146_0146.jpg 1 91 19 146 146
0714_0037_0106_0102_0102.jpg 1 37 106 102 102
0715_0113_0031_0102_0102.jpg 1 113 31 102 102
0716_0183_0185_0227_0227.jpg 1 183 185 227 227
0717_0020_0029_0121_0121.jpg 1 20 29 121 121
0718_0070_0178_0262_0262.jpg 1 70 178 262 262
0719_0036_0052_0028_0028.jpg 1 36 52 28 28
0720_0069_0051_0074_0074.jpg 1 69 51 74 74
0721_0097_0083_0257_0257.jpg 1 97 83 257 257
0722_0171_0330_0112_0112.jpg 1 171 330 112 112
0723_0099_0432_0032_0032.jpg 1 99 432 32 32
0724_0007_0124_0063_0063.jpg 1 7 124 63 63
0725_0075_0054_0125_0125.jpg 1 75 54 125 125
0726_0088_0066_0072_0072.jpg 1 88 66 72 72
0727_0181_0339_0083_0083.jpg 1 181 339 83 83
0728_0043_0143_0159_0159.jpg 1 43 143 159 159
0729_0047_0141_0056_0056.jpg 1 47 141 56 56
0730_0222_0309_0089_0089.jpg 1 222 309 89 89
0731_0115_0107_0104_0104.jpg 1 115 107 104 104
0732_0155_0053_0114_0114.jpg 1 155 53 114 114
0733_0087_0012_0150_0150.jpg 1 87 12 150 150
0734_0213_0050_0068_0068.jpg 1 213 50 68 68
0735_0102_0049_0142_0142.jpg 1 102 49 142 142
0736_0062_0018_0298_0298.jpg 1 62 18 298 298
0737_0261_0032_0024_0024.jpg 1 261 32 24 24
0738_0135_0087_0096_0096.jpg 1 135 87 96 96
0739_0133_0160_0083_0083.jpg 1 133 160 83 83
0740_0034_0025_0025_0025.jpg 1 34 25 25 25
0741_0081_0092_0117_0117.jpg 1 81 92 117 117
0742_0058_0208_0188_0188.jpg 1 58 208 188 188
0743_0175_0302_0108_0108.jpg 1 175 302 108 108
0744_0225_0081_0062_0062.jpg 1 225 81 62 62
0745_0115_0060_0109_0109.jpg 1 115 60 109 109
0746_0136_0189_0201_0201.jpg 1 136 189 201 201
0747_0083_0021_0140_0140.jpg 1 83 21 140 140
0748_0361_0094_0168_0168.jpg 1 361 94 168 168
0749_0235_0085_0171_0171.jpg 1 235 85 171 171
0750_0123_0057_0157_0157.jpg 1 123 57 157 157
0751_0076_0130_0035_0035.jpg 1 76 130 35 35
0752_0097_0062_0037_0037.jpg 1 97 62 37 37
0753_0049_0020_0081_0081.jpg 1 49 20 81 81
0754_0179_0321_0090_0090.jpg 1 179 321 90 90
0755_0139_0046_0099_0099.jpg 1 139 46 99 99
0756_0180_0026_0065_0065.jpg 1 180 26 65 65
0757_0289_0179_0027_0027.jpg 1 289 179 27 27
0758_0164_0091_0172_0172.jpg 1 164 91 172 172
0759_0088_0013_0142_0142.jpg 1 88 13 142 142
0760_0368_0170_0034_0034.jpg 1 368 170 34 34
0761_0064_0196_0226_0226.jpg 1 64 196 226 226
0762_0231_0041_0268_0268.jpg 1 231 41 268 268
0763_0137_0063_0120_0120.jpg 1 137 63 120 120
0764_0134_0068_0061_0061.jpg 1 134 68 61 61
0765_0410_0160_0082_0082.jpg 1 410 160 82 82
0766_0095_0167_0085_0085.jpg 1 95 167 85 85
0767_0267_0185_0057_0057.jpg 1 267 185 57 57
0768_0370_0064_0203_0203.jpg 1 370 64 203 203
0769_0195_0102_0205_0205.jpg 1 195 102 205 205
0770_0384_0193_0123_0123.jpg 1 384 193 123 123
0771_0138_0120_0186_0186.jpg 1 138 120 186 186
0772_0014_0122_0102_0102.jpg 1 14 122 102 102
0773_0315_0253_0183_0183.jpg 1 315 253 183 183
0774_0152_0095_0027_0027.jpg 1 152 95 27 27
0775_0229_0049_0282_0282.jpg 1 229 49 282 282
0776_0146_0031_0076_0076.jpg 1 146 31 76 76
0777_0059_0051_0231_0231.jpg 1 59 51 231 231
0778_0114_0432_0072_0072.jpg 1 114 432 72 72
0779_0094_0020_0050_0050.jpg 1 94 20 50 50
0780_0171_0038_0030_0030.jpg 1 171 38 30 30
0781_0116_0049_0072_0072.jpg 1 116 49 72 72
0782_0046_0094_0109_0109.jpg 1 46 94 109 109
0783_0078_0071_0106_0106.jpg 1 78 71 106 106
0784_0255_0079_0226_0226.jpg 1 255 79 226 226
0785_0128_0065_0029_0029.jpg 1 128 65 29 29
0786_0380_0116_0078_0078.jpg 1 380 116 78 78
0787_0039_0218_0251_0251.jpg 1 39 218 251 251
0788_0101_0017_0025_0025.jpg 1 101 17 25 25
0789_0156_0338_0222_0222.jpg 1 156 338 222 222
0790_0389_0163_0190_0190.jpg 1 389 163 190 190
0791_0336_0136_0179_0179.jpg 1 336 136 179 179
0792_0165_0259_0050_0050.jpg 1 165 259 50 50
0793_0149_0142_0124_0124.jpg 1 149 142 124 124
0794_0246_0151_0245_0245.jpg 1 246 151 245 245
0795_0199_0317_0105_0105.jpg 1 199 317 105 105
0796_0264_0062_0322_0322.jpg 1 264 62 322 322
0797_0113_0116_0098_0098.jpg 1 113 116 98 98
0798_0100_0019_0123_0123.jpg 1 100 19 123 123
0799_0081_0175_0042_0042.jpg 1 81 175 42 42
0800_0068_0130_0045_0045.jpg 1 68 130 45 45
0801_0386_0061_0130_0130.jpg 1 386 61 130 130
0802_0104_0023_0266_0266.jpg 1 104 23 266 266
0803_0061_0126_0069_0069.jpg 1 61 126 69 69
0804_0091_0112_0048_0048.jpg 1 91 112 48 48
0805_0185_0177_0137_0137.jpg 1 185 177 137 137
0806_0021_0096_0069_0069.jpg 1 21 96 69 69
0807_0033_0016_0086_0086.jpg 1 33 16 86 86
0808_0022_0027_0126_0126.jpg 1 22 27 126 126
0809_0045_0109_0114_0114.jpg 1 45 109 114 114
0810_0169_0063_0123_0123.jpg 1 169 63 123 123
0811_0269_0161_0229_0229.jpg 1 269 161 229 229
0812_0498_0065_0068_0068.jpg 1 498 65 68 68
0813_0386_0295_0039_0039.jpg 1 386 295 39 39
0814_0081_0116_0074_0074.jpg 1 81 116 74 74
0815_0008_0042_0083_0083.jpg 1 8 42 83 83
0816_0048_0041_0291_0291.jpg 1 48 41 291 291
0817_0317_0110_0080_0080.jpg 1 317 110 80 80
0818_0318_0237_0212_0212.jpg 1 318 237 212 212
0819_0226_0365_0105_0105.jpg 1 226 365 105 105
0820_0180_0410_0072_0072.jpg 1 180 410 72 72
0821_0129_0125_0223_0223.jpg 1 129 125 223 223
0822_0094_0082_0188_0188.jpg 1 94 82 188 188
0823_0205_0138_0069_0069.jpg 1 205 138 69 69
0824_0014_0034_0165_0165.jpg 1 14 34 165 165
0825_0265_0147_0248_0248.jpg 1 265 147 248 248
0826_0310_0294_0029_0029.jpg 1 310 294 29 29
0827_0090_0168_0246_0246.jpg 1 90 168 246 246
0828_0277_0511_0031_0031.jpg 1 277 511 31 31
0829_0182_0117_0106_0106.jpg 1 182 117 106 106
0830_0133_0116_0078_0078.jpg 1 133 116 78 78
0831_0054_0020_0095_0095.jpg 1 54 20 95 95
0832_0047_0099_0124_0124.jpg 1 47 99 124 124
0833_0066_0150_0164_0164.jpg 1 66 150 164 164
0834_0339_0220_0058_0058.jpg 1 339 220 58 58
0835_0140_0228_0292_0292.jpg 1 140 228 292 292
0836_0200_0200_0229_0229.jpg 1 200 200 229 229
0837_0186_0380_0024_0024.jpg 1 186 380 24 24
0838_0213_0071_0188_0188.jpg 1 213 71 188 188
0839_0032_0071_0107_0107.jpg 1 32 71 107 107
0840_0349_0184_0074_0074.jpg 1 349 184 74 74
0841_0285_0440_0122_0122.jpg 1 285 440 122 122
0842_0327_0189_0211_0211.jpg 1 327 189 211 211
0843_0155_0029_0127_0127.jpg 1 155 29 127 127
0844_0036_0023_0079_0079.jpg 1 36 23 79 79
0845_0389_0322_0081_0081.jpg 1 389 322 81 81
0846_0045_0082_0305_0305.jpg 1 45 82 305 305
0847_0085_0130_0062_0062.jpg 1 85 130 62 62
0848_0303_0156_0154_0154.jpg 1 303 156 154 154
0849_0395_0083_0149_0149.jpg 1 395 83 149 149
0850_0414_0173_0155_0155.jpg 1 414 173 155 155
0851_0201_0157_0063_0063.jpg 1 201 157 63 63
0852_0074_0138_0068_0068.jpg 1 74 138 68 68
0853_0170_0088_0026_0026.jpg 1 170 88 26 26
0854_0140_0116_0046_0046.jpg 1 140 116 46 46
0855_0154_0085_0308_0308.jpg 1 154 85 308 308
0856_0216_0232_0181_0181.jpg 1 216 232 181 181
0857_0098_0184_0258_0258.jpg 1 98 184 258 258
0858_0327_0068_0093_0093.jpg 1 327 68 93 93
0859_0196_0401_0126_0126.jpg 1 196 401 126 126
0860_0120_0108_0095_0095.jpg 1 120 108 95 95
0861_0283_0158_0068_0068.jpg 1 283 158 68 68
0862_0366_0266_0084_0084.jpg 1 366 266 84 84
0863_0075_0124_0253_0253.jpg 1 75 124 253 253
0864_0256_0362_0040_0040.jpg 1 256 362 40 40
0865_0136_0106_0319_0319.jpg 1 136 106 319 319
0866_0120_0039_0137_0137.jpg 1 120 39 137 137
0867_0088_0110_0073_0073.jpg 1 88 110 73 73
0868_0024_0085_0084_0084.jpg 1 24 85 84 84
0869_0032_0083_0074_0074.jpg 1 32 83 74 74
0870_0029_0137_0083_0083.jpg 1 29 137 83 83
0871_0104_0110_0060_0060.jpg 1 104 110 60 60
0872_0027_0084_0109_0109.jpg 1 27 84 109 109
0873_0074_0021_0279_0279.jpg 1 74 21 279 279
0874_0105_0150_0060_0060.jpg 1 105 150 60 60
0875_0185_0039_0332_0332.jpg 1 185 39 332 332
0876_0254_0092_0027_0027.jpg 1 254 92 27 27
0877_0097_0125_0332_0332.jpg 1 97 125 332 332
0878_0102_0179_0024_0024.jpg 1 102 179 24 24
0879_0054_0275_0292_0292.jpg 1 54 275 292 292
0880_0025_0064_0138_0138.jpg 1 25 64 138 138
0881_0101_0114_0055_0055.jpg 1 101 114 55 55
0882_0109_0032_0033_0033.jpg 1 109 32 33 33
0883_0029_0039_0133_0133.jpg 1 29 39 133 133
0884_0033_0012_0162_0162.jpg 1 33 12 162 162
0885_0376_0071_0140_0140.jpg 1 376 71 140 140
0886_0095_0128_0034_0034.jpg 1 95 128 34 34
0887_0206_0121_0322_0322.jpg 1 206 121 322 322
0888_0442_0035_0129_0129.jpg 1 442 35 129 129
0889_0049_0054_0148_0148.jpg 1 49 54 148 148
0890_0061_0053_0055_0055.jpg 1 61 53 55 55
0891_0128_0025_0155_0155.jpg 1 128 25 155 155
0892_0186_0100_0205_0205.jpg 1 186 100 205 205
0893_0022_0033_0097_0097.jpg 1 22 33 97 97
0894_0246_0144_0078_0078.jpg 1 246 144 78 78
0895_0158_0038_0068_0068.jpg 1 158 38 68 68
0896_0012_0045_0069_0069.jpg 1 12 45 69 69
0897_0199_0422_0071_0071.jpg 1 199 422 71 71
0898_0021_0179_0290_0290.jpg 1 21 179 290 290
0899_0198_0289_0234_0234.jpg 1 198 289 234 234
0900_0067_0033_0121_0121.jpg 1 67 33 121 121
0901_0064_0069_0155_0155.jpg 1 64 69 155 155
0902_0062_0163_0269_0269.jpg 1 62 163 269 269
0903_0050_0113_0322_0322.jpg 1 50 113 322 322
0904_0069_0173_0092_0092.jpg 1 69 173 92 92
0905_0138_0058_0143_0143.jpg 1 138 58 143 143
0906_0151_0209_0162_0162.jpg 1 151 209 162 162
0907_0063_0294_0241_0241.jpg 1 63 294 241 241
0908_0367_0143_0123_0123.jpg 1 367 143 123 123
0909_0103_0187_0233_0233.jpg 1 103 187 233 233
0910_0051_0065_0144_0144.jpg 1 51 65 144 144
0911_0062_0141_0270_0270.jpg 1 62 141 270 270
0912_0080_0170_0335_0335.jpg 1 80 170 335 335
0913_0107_0048_0034_0034.jpg 1 107 48 34 34
0914_0039_0031_0246_0246.jpg 1 39 31 246 246
0915_0063_0127_0113_0113.jpg 1 63 127 113 113
0916_0094_0052_0138_0138.jpg 1 94 52 138 138
0917_0275_0094_0260_0260.jpg 1 275 94 260 260
0918_0008_0058_0100_0100.jpg 1 8 58 100 100
0919_0065_0099_0033_0033.jpg 1 65 99 33 33
0920_0055_0041_0160_0160.jpg 1 55 41 160 160
0921_0148_0049_0108_0108.jpg 1 148 49 108 108
0922_0106_0071_0265_0265.jpg 1 106 71 265 265
0923_0508_0146_0051_0051.jpg 1 508 146 51 51
0924_0132_0054_0117_0117.jpg 1 132 54 117 117
0925_0139_0030_0146_0146.jpg 1 139 30 146 146
0926_0174_0166_0033_0033.jpg 1 174 166 33 33
0927_0064_0044_0081_0081.jpg 1 64 44 81 81
0928_0114_0050_0046_0046.jpg 1 114 50 46 46
0929_0092_0019_0059_0059.jpg 1 92 19 59 59
0930_0321_0102_0176_0176.jpg 1 321 102 176 176
0931_0025_0181_0293_0293.jpg 1 25 181 293 293
0932_0153_0082_0053_0053.jpg 1 153 82 53 53
0933_0221_0221_0180_0180.jpg 1 221 221 180 180
0934_0071_0070_0098_0098.jpg 1 71 70 98 98
0935_0201_0109_0275_0275.jpg 1 201 109 275 275
0936_0164_0225_0064_0064.jpg 1 164 225 64 64
0937_0074_0048_0167_0167.jpg 1 74 48 167 167
0938_0195_0056_0263_0263.jpg 1 195 56 263 263
0939_0168_0217_0075_0075.jpg 1 168 217 75 75
0940_0110_0016_0097_0097.jpg 1 110 16 97 97
0941_0239_0083_0185_0185.jpg 1 239 83 185 185
0942_0034_0054_0092_0092.jpg 1 34 54 92 92
0943_0056_0082_0254_0254.jpg 1 56 82 254 254
0944_0225_0197_0043_0043.jpg 1 225 197 43 43
0945_0264_0142_0206_0206.jpg 1 264 142 206 206
0946_0187_0132_0331_0331.jpg 1 187 132 331 331
0947_0081_0087_0056_0056.jpg 1 81 87 56 56
0948_0131_0095_0069_0069.jpg 1 131 95 69 69
0949_0161_0031_0140_0140.jpg 1 161 31 140 140
0950_0013_0097_0123_0123.jpg 1 13 97 123 123
0951_0042_0020_0164_0164.jpg 1 42 20 164 164
0952_0066_0181_0045_0045.jpg 1 66 181 45 45
0953_0340_0186_0256_0256.jpg 1 340 186 256 256
0954_0187_0215_0211_0211.jpg 1 187 215 211 211
0955_0101_0043_0161_0161.jpg 1 101 43 161 161
0956_0170_0324_0030_0030.jpg 1 170 324 30 30
0957_0169_0062_0076_0076.jpg 1 169 62 76 76
0958_0080_0157_0043_0043.jpg 1 80 157 43 43
0959_0091_0219_0193_0193.jpg 1 91 219 193 193
0960_0102_0276_0223_0223.jpg 1 102 276 223 223
0961_0058_0086_0113_0113.jpg 1 58 86 113 113
0962_0206_0102_0024_0024.jpg 1 206 102 24 24
0963_0274_0120_0255_0255.jpg 1 274 120 255 255
0964_0042_0125_0099_0099.jpg 1 42 125 99 99
0965_0031_0090_0030_0030.jpg 1 31 90 30 30
0966_0081_0065_0161_0161.jpg 1 81 65 161 161
0967_0025_0051_0124_0124.jpg 1 25 51 124 124
0968_0240_0156_0130_0130.jpg 1 240 156 130 130
0969_0051_0018_0047_0047.jpg 1 51 18 47 47
0970_0181_0066_0058_0058.jpg 1 181 66 58 58
0971_0306_0029_0280_0280.jpg 1 306 29 280 280
0972_0278_0120_0059_0059.jpg 1 278 120 59 59
0973_0074_0015_0145_0145.jpg 1 74 15 145 145
0974_0088_0030_0083_0083.jpg 1 88 30 83 83
0975_0282_0161_0267_0267.jpg 1 282 161 267 267
0976_0072_0123_0283_0283.jpg 1 72 123 283 283
0977_0013_0024_0157_0157.jpg 1 13 24 157 157
0978_0447_0246_0138_0138.jpg 1 447 246 138 138
0979_0330_0048_0195_0195.jpg 1 330 48 195 195
0980_0068_0132_0238_0238.jpg 1 68 132 238 238
0981_0147_0023_0108_0108.jpg 1 147 23 108 108
0982_0406_0210_0057_0057.jpg 1 406 210 57 57
0983_0096_0182_0036_0036.jpg 1 96 182 36 36
0984_0164_0089_0277_0277.jpg 1 164 89 277 277
0985_0155_0089_0246_0246.jpg 1 155 89 246 246
0986_0052_0051_0195_0195.jpg 1 52 51 195 195
0987_0311_0152_0047_0047.jpg 1 311 152 47 47
0988_0090_0111_0055_0055.jpg 1 90 111 55 55
0989_0031_0018_0092_0092.jpg 1 31 18 92 92
0990_0158_0249_0281_0281.jpg 1 158 249 281 281
0991_0029_0023_0093_0093.jpg 1 29 23 93 93
0992_0101_0044_0297_0297.jpg 1 101 44 297 297
0993_0148_0066_0041_0041.jpg 1 148 66 41 41
0994_0212_0190_0134_0134.jpg 1 212 190 134 134
0995_0198_0062_0097_0097.jpg 1 198 62 97 97
0996_0237_0050_0327_0327.jpg 1 237 50 327 327
0997_0189_0201_0082_0082.jpg 1 189 201 82 82
0998_0157_0016_0090_0090.jpg 1 157 16 90 90
0999_0253_0024_0294_0294.jpg 1 253 24 294 294
1000_0193_0304_0259_0259.jpg 1 193 304 259 259
