0001_0170_0152_0115_0057.jpg 1 170 152 115 57
0002_0237_0055_0306_0153.jpg 1 237 55 306 153
0003_0389_0263_0170_0085.jpg 1 389 263 170 85
0004_0212_0205_0197_0098.jpg 1 212 205 197 98
0005_0030_0099_0147_0073.jpg 1 30 99 147 73
0006_0023_0161_0104_0052.jpg 1 23 161 104 52
0007_0162_0121_0165_0082.jpg 1 162 121 165 82
0008_0049_0103_0109_0054.jpg 1 49 103 109 54
0009_0078_0138_0133_0066.jpg 1 78 138 133 66
0010_0151_0098_0089_0044.jpg 1 151 98 89 44
0011_0089_0158_0089_0044.jpg 1 89 158 89 44
0012_0050_0470_0222_0111.jpg 1 50 470 222 111
0013_0107_0138_0155_0077.jpg 1 107 138 155 77
0014_0212_0158_0347_0173.jpg 1 212 158 347 173
0015_0030_0085_0099_0049.jpg 1 30 85 99 49
0016_0167_0258_0222_0111.jpg 1 167 258 222 111
0017_0148_0388_0198_0099.jpg 1 148 388 198 99
0018_0007_0030_0131_0065.jpg 1 7 30 131 65
0019_0048_0071_0434_0217.jpg 1 48 71 434 217
0020_0049_0097_0415_0207.jpg 1 49 97 415 207
0021_0194_0330_0262_0131.jpg 1 194 330 262 131
0022_0068_0138_0102_0051.jpg 1 68 138 102 51
0023_0053_0097_0129_0064.jpg 1 53 97 129 64
0024_0040_0019_0124_0062.jpg 1 40 19 124 62
0025_0267_0238_0278_0139.jpg 1 267 238 278 139
0026_0092_0084_0092_0046.jpg 1 92 84 92 46
0027_0083_0205_0330_0165.jpg 1 83 205 330 165
0028_0331_0161_0147_0073.jpg 1 331 161 147 73
0029_0054_0172_0344_0172.jpg 1 54 172 344 172
0030_0033_0022_0217_0108.jpg 1 33 22 217 108
0031_0022_0113_0104_0052.jpg 1 22 113 104 52
0032_0274_0158_0148_0074.jpg 1 274 158 148 74
0033_0244_0199_0299_0149.jpg 1 244 199 299 149
0034_0023_0047_0149_0074.jpg 1 23 47 149 74
0035_0098_0063_0161_0080.jpg 1 98 63 161 80
0036_0191_0152_0351_0175.jpg 1 191 152 351 175
0037_0104_0102_0402_0201.jpg 1 104 102 402 201
0038_0187_0246_0298_0149.jpg 1 187 246 298 149
0039_0036_0143_0092_0046.jpg 1 36 143 92 46
0040_0063_0159_0114_0057.jpg 1 63 159 114 57
0041_0282_0233_0143_0071.jpg 1 282 233 143 71
0042_0005_0083_0092_0046.jpg 1 5 83 92 46
0043_0111_0185_0180_0090.jpg 1 111 185 180 90
0044_0044_0052_0216_0108.jpg 1 44 52 216 108
0045_0216_0059_0273_0136.jpg 1 216 59 273 136
0046_0040_0093_0101_0050.jpg 1 40 93 101 50
0047_0009_0126_0101_0050.jpg 1 9 126 101 50
0048_0046_0048_0189_0094.jpg 1 46 48 189 94
0049_0096_0049_0099_0049.jpg 1 96 49 99 49
0050_0079_0060_0179_0089.jpg 1 79 60 179 89
0051_0139_0115_0118_0059.jpg 1 139 115 118 59
0052_0279_0367_0120_0060.jpg 1 279 367 120 60
0053_0079_0053_0126_0063.jpg 1 79 53 126 63
0054_0081_0027_0164_0082.jpg 1 81 27 164 82
0055_0096_0054_0085_0042.jpg 1 96 54 85 42
0056_0059_0320_0306_0153.jpg 1 59 320 306 153
0057_0020_0119_0182_0091.jpg 1 20 119 182 91
0058_0100_0158_0289_0144.jpg 1 100 158 289 144
0059_0146_0028_0118_0059.jpg 1 146 28 118 59
0060_0019_0101_0082_0041.jpg 1 19 101 82 41
0061_0067_0092_0146_0073.jpg 1 67 92 146 73
0062_0159_0169_0347_0173.jpg 1 159 169 347 173
0063_0062_0100_0133_0066.jpg 1 62 100 133 66
0064_0074_0138_0088_0044.jpg 1 74 138 88 44
0065_0125_0041_0432_0216.jpg 1 125 41 432 216
0066_0113_0056_0192_0096.jpg 1 113 56 192 96
0067_0386_0228_0160_0080.jpg 1 386 228 160 80
0068_0085_0041_0105_0052.jpg 1 85 41 105 52
0069_0135_0042_0444_0222.jpg 1 135 42 444 222
0070_0066_0063_0126_0063.jpg 1 66 63 126 63
0071_0214_0236_0085_0042.jpg 1 214 236 85 42
0072_0208_0090_0388_0194.jpg 1 208 90 388 194
0073_0071_0160_0123_0061.jpg 1 71 160 123 61
0074_0057_0120_0196_0098.jpg 1 57 120 196 98
0075_0230_0042_0142_0071.jpg 1 230 42 142 71
0076_0157_0437_0106_0053.jpg 1 157 437 106 53
0077_0073_0041_0187_0093.jpg 1 73 41 187 93
0078_0066_0091_0090_0045.jpg 1 66 91 90 45
0079_0069_0476_0169_0084.jpg 1 69 476 169 84
0080_0058_0146_0130_0065.jpg 1 58 146 130 65
0081_0036_0129_0138_0069.jpg 1 36 129 138 69
0082_0379_0150_0178_0089.jpg 1 379 150 178 89
0083_0035_0047_0145_0072.jpg 1 35 47 145 72
0084_0333_0173_0185_0092.jpg 1 333 173 185 92
0085_0081_0014_0191_0095.jpg 1 81 14 191 95
0086_0020_0133_0084_0042.jpg 1 20 133 84 42
0087_0039_0117_0285_0142.jpg 1 39 117 285 142
0088_0249_0139_0175_0087.jpg 1 249 139 175 87
0089_0135_0065_0349_0174.jpg 1 135 65 349 174
0090_0061_0288_0225_0112.jpg 1 61 288 225 112
0091_0100_0269_0346_0173.jpg 1 100 269 346 173
0092_0066_0180_0244_0122.jpg 1 66 180 244 122
0093_0014_0073_0088_0044.jpg 1 14 73 88 44
0094_0078_0031_0160_0080.jpg 1 78 31 160 80
0095_0336_0352_0141_0070.jpg 1 336 352 141 70
0096_0098_0059_0087_0043.jpg 1 98 59 87 43
0097_0187_0111_0276_0138.jpg 1 187 111 276 138
0098_0088_0221_0117_0058.jpg 1 88 221 117 58
0099_0148_0052_0426_0213.jpg 1 148 52 426 213
0100_0120_0045_0102_0051.jpg 1 120 45 102 51
0101_0251_0135_0355_0177.jpg 1 251 135 355 177
0102_0101_0243_0357_0178.jpg 1 101 243 357 178
0103_0061_0060_0095_0047.jpg 1 61 60 95 47
0104_0126_0150_0353_0176.jpg 1 126 150 353 176
0105_0171_0290_0219_0109.jpg 1 171 290 219 109
0106_0179_0102_0106_0053.jpg 1 179 102 106 53
0107_0278_0238_0197_0098.jpg 1 278 238 197 98
0108_0009_0053_0097_0048.jpg 1 9 53 97 48
0109_0186_0162_0202_0101.jpg 1 186 162 202 101
0110_0164_0199_0236_0118.jpg 1 164 199 236 118
0111_0068_0132_0154_0077.jpg 1 68 132 154 77
0112_0150_0248_0331_0165.jpg 1 150 248 331 165
0113_0057_0162_0105_0052.jpg 1 57 162 105 52
0114_0058_0168_0100_0050.jpg 1 58 168 100 50
0115_0122_0188_0192_0096.jpg 1 122 188 192 96
0116_0441_0152_0098_0049.jpg 1 441 152 98 49
0117_0045_0031_0127_0063.jpg 1 45 31 127 63
0118_0226_0366_0160_0080.jpg 1 226 366 160 80
0119_0206_0100_0133_0066.jpg 1 206 100 133 66
0120_0084_0150_0082_0041.jpg 1 84 150 82 41
0121_0025_0063_0441_0220.jpg 1 25 63 441 220
0122_0111_0035_0129_0064.jpg 1 111 35 129 64
0123_0105_0168_0430_0215.jpg 1 105 168 430 215
0124_0052_0060_0112_0056.jpg 1 52 60 112 56
0125_0037_0181_0339_0169.jpg 1 37 181 339 169
0126_0127_0072_0117_0058.jpg 1 127 72 117 58
0127_0056_0097_0128_0064.jpg 1 56 97 128 64
0128_0034_0153_0093_0046.jpg 1 34 153 93 46
0129_0300_0109_0294_0147.jpg 1 300 109 294 147
0130_0057_0030_0191_0095.jpg 1 57 30 191 95
0131_0052_0168_0082_0041.jpg 1 52 168 82 41
0132_0142_0138_0235_0117.jpg 1 142 138 235 117
0133_0406_0240_0180_0090.jpg 1 406 240 180 90
0134_0126_0272_0112_0056.jpg 1 126 272 112 56
0135_0170_0085_0446_0223.jpg 1 170 85 446 223
0136_0216_0260_0290_0145.jpg 1 216 260 290 145
0137_0323_0312_0095_0047.jpg 1 323 312 95 47
0138_0013_0087_0108_0054.jpg 1 13 87 108 54
0139_0104_0107_0107_0053.jpg 1 104 107 107 53
0140_0031_0020_0154_0077.jpg 1 31 20 154 77
0141_0392_0382_0089_0044.jpg 1 392 382 89 44
0142_0080_0103_0206_0103.jpg 1 80 103 206 103
0143_0124_0056_0086_0043.jpg 1 124 56 86 43
0144_0040_0153_0128_0064.jpg 1 40 153 128 64
0145_0045_0153_0101_0050.jpg 1 45 153 101 50
0146_0101_0176_0434_0217.jpg 1 101 176 434 217
0147_0258_0060_0226_0113.jpg 1 258 60 226 113
0148_0049_0143_0123_0061.jpg 1 49 143 123 61
0149_0023_0339_0316_0158.jpg 1 23 339 316 158
0150_0136_0195_0415_0207.jpg 1 136 195 415 207
0151_0213_0109_0365_0182.jpg 1 213 109 365 182
0152_0076_0087_0141_0070.jpg 1 76 87 141 70
0153_0120_0071_0112_0056.jpg 1 120 71 112 56
0154_0305_0222_0228_0114.jpg 1 305 222 228 114
0155_0256_0192_0216_0108.jpg 1 256 192 216 108
0156_0187_0025_0090_0045.jpg 1 187 25 90 45
0157_0150_0141_0341_0170.jpg 1 150 141 341 170
0158_0029_0083_0083_0041.jpg 1 29 83 83 41
0159_0216_0182_0327_0163.jpg 1 216 182 327 163
0160_0357_0141_0224_0112.jpg 1 357 141 224 112
0161_0041_0037_0136_0068.jpg 1 41 37 136 68
0162_0019_0031_0213_0106.jpg 1 19 31 213 106
0163_0081_0022_0212_0106.jpg 1 81 22 212 106
0164_0144_0144_0231_0115.jpg 1 144 144 231 115
0165_0077_0176_0085_0042.jpg 1 77 176 85 42
0166_0184_0361_0093_0046.jpg 1 184 361 93 46
0167_0029_0029_0081_0040.jpg 1 29 29 81 40
0168_0113_0243_0253_0126.jpg 1 113 243 253 126
0169_0043_0062_0162_0081.jpg 1 43 62 162 81
0170_0134_0149_0351_0175.jpg 1 134 149 351 175
0171_0170_0248_0128_0064.jpg 1 170 248 128 64
0172_0147_0151_0350_0175.jpg 1 147 151 350 175
0173_0033_0029_0197_0098.jpg 1 33 29 197 98
0174_0024_0033_0171_0085.jpg 1 24 33 171 85
0175_0046_0072_0128_0064.jpg 1 46 72 128 64
0176_0075_0026_0106_0053.jpg 1 75 26 106 53
0177_0301_0263_0116_0058.jpg 1 301 263 116 58
0178_0208_0038_0304_0152.jpg 1 208 38 304 152
0179_0045_0340_0197_0098.jpg 1 45 340 197 98
0180_0032_0134_0109_0054.jpg 1 32 134 109 54
0181_0302_0202_0187_0093.jpg 1 302 202 187 93
0182_0112_0115_0149_0074.jpg 1 112 115 149 74
0183_0092_0104_0229_0114.jpg 1 92 104 229 114
0184_0038_0227_0345_0172.jpg 1 38 227 345 172
0185_0341_0138_0176_0088.jpg 1 341 138 176 88
0186_0165_0309_0100_0050.jpg 1 165 309 100 50
0187_0239_0231_0199_0099.jpg 1 239 231 199 99
0188_0131_0265_0328_0164.jpg 1 131 265 328 164
0189_0150_0233_0205_0102.jpg 1 150 233 205 102
0190_0058_0022_0160_0080.jpg 1 58 22 160 80
0191_0193_0197_0348_0174.jpg 1 193 197 348 174
0192_0284_0071_0091_0045.jpg 1 284 71 91 45
0193_0369_0350_0086_0043.jpg 1 369 350 86 43
0194_0051_0063_0192_0096.jpg 1 51 63 192 96
0195_0063_0035_0211_0105.jpg 1 63 35 211 105
0196_0171_0279_0248_0124.jpg 1 171 279 248 124
0197_0476_0319_0109_0054.jpg 1 476 319 109 54
0198_0429_0255_0100_0050.jpg 1 429 255 100 50
0199_0021_0088_0080_0040.jpg 1 21 88 80 40
0200_0037_0115_0122_0061.jpg 1 37 115 122 61
0201_0026_0148_0143_0071.jpg 1 26 148 143 71
0202_0157_0136_0349_0174.jpg 1 157 136 349 174
0203_0286_0220_0096_0048.jpg 1 286 220 96 48
0204_0109_0036_0120_0060.jpg 1 109 36 120 60
0205_0171_0081_0124_0062.jpg 1 171 81 124 62
0206_0146_0069_0109_0054.jpg 1 146 69 109 54
0207_0051_0101_0140_0070.jpg 1 51 101 140 70
0208_0036_0030_0081_0040.jpg 1 36 30 81 40
0209_0012_0080_0121_0060.jpg 1 12 80 121 60
0210_0079_0103_0099_0049.jpg 1 79 103 99 49
0211_0141_0054_0133_0066.jpg 1 141 54 133 66
0212_0062_0089_0363_0181.jpg 1 62 89 363 181
0213_0173_0249_0176_0088.jpg 1 173 249 176 88
0214_0079_0041_0093_0046.jpg 1 79 41 93 46
0215_0053_0122_0239_0119.jpg 1 53 122 239 119
0216_0037_0179_0081_0040.jpg 1 37 179 81 40
0217_0026_0065_0174_0087.jpg 1 26 65 174 87
0218_0101_0018_0083_0041.jpg 1 101 18 83 41
0219_0167_0471_0178_0089.jpg 1 167 471 178 89
0220_0094_0188_0085_0042.jpg 1 94 188 85 42
0221_0300_0140_0220_0110.jpg 1 300 140 220 110
0222_0038_0142_0102_0051.jpg 1 38 142 102 51
0223_0036_0169_0440_0220.jpg 1 36 169 440 220
0224_0066_0133_0087_0043.jpg 1 66 133 87 43
0225_0367_0088_0202_0101.jpg 1 367 88 202 101
0226_0327_0058_0238_0119.jpg 1 327 58 238 119
0227_0054_0114_0110_0055.jpg 1 54 114 110 55
0228_0033_0057_0141_0070.jpg 1 33 57 141 70
0229_0015_0023_0088_0044.jpg 1 15 23 88 44
0230_0136_0109_0107_0053.jpg 1 136 109 107 53
0231_0043_0050_0090_0045.jpg 1 43 50 90 45
0232_0018_0121_0090_0045.jpg 1 18 121 90 45
0233_0036_0125_0126_0063.jpg 1 36 125 126 63
0234_0031_0365_0308_0154.jpg 1 31 365 308 154
0235_0076_0238_0291_0145.jpg 1 76 238 291 145
0236_0125_0129_0314_0157.jpg 1 125 129 314 157
0237_0086_0167_0298_0149.jpg 1 86 167 298 149
0238_0290_0266_0149_0074.jpg 1 290 266 149 74
0239_0089_0133_0166_0083.jpg 1 89 133 166 83
0240_0056_0147_0431_0215.jpg 1 56 147 431 215
0241_0023_0060_0115_0057.jpg 1 23 60 115 57
0242_0143_0208_0256_0128.jpg 1 143 208 256 128
0243_0076_0094_0114_0057.jpg 1 76 94 114 57
0244_0167_0237_0329_0164.jpg 1 167 237 329 164
0245_0109_0023_0122_0061.jpg 1 109 23 122 61
0246_0177_0095_0081_0040.jpg 1 177 95 81 40
0247_0052_0044_0099_0049.jpg 1 52 44 99 49
0248_0090_0115_0123_0061.jpg 1 90 115 123 61
0249_0021_0054_0201_0100.jpg 1 21 54 201 100
0250_0175_0047_0119_0059.jpg 1 175 47 119 59
0251_0295_0158_0270_0135.jpg 1 295 158 270 135
0252_0051_0085_0095_0047.jpg 1 51 85 95 47
0253_0096_0340_0300_0150.jpg 1 96 340 300 150
0254_0124_0290_0298_0149.jpg 1 124 290 298 149
0255_0030_0081_0426_0213.jpg 1 30 81 426 213
0256_0123_0041_0101_0050.jpg 1 123 41 101 50
0257_0160_0279_0184_0092.jpg 1 160 279 184 92
0258_0026_0024_0175_0087.jpg 1 26 24 175 87
0259_0216_0234_0234_0117.jpg 1 216 234 234 117
0260_0121_0098_0304_0152.jpg 1 121 98 304 152
0261_0213_0305_0155_0077.jpg 1 213 305 155 77
0262_0124_0274_0278_0139.jpg 1 124 274 278 139
0263_0039_0075_0178_0089.jpg 1 39 75 178 89
0264_0072_0169_0100_0050.jpg 1 72 169 100 50
0265_0061_0051_0176_0088.jpg 1 61 51 176 88
0266_0047_0037_0098_0049.jpg 1 47 37 98 49
0267_0096_0044_0169_0084.jpg 1 96 44 169 84
0268_0116_0037_0104_0052.jpg 1 116 37 104 52
0269_0055_0064_0086_0043.jpg 1 55 64 86 43
0270_0068_0253_0300_0150.jpg 1 68 253 300 150
0271_0160_0066_0241_0120.jpg 1 160 66 241 120
0272_0028_0107_0174_0087.jpg 1 28 107 174 87
0273_0071_0140_0356_0178.jpg 1 71 140 356 178
0274_0163_0127_0189_0094.jpg 1 163 127 189 94
0275_0249_0268_0269_0134.jpg 1 249 268 269 134
0276_0304_0437_0129_0064.jpg 1 304 437 129 64
0277_0341_0234_0092_0046.jpg 1 341 234 92 46
0278_0250_0183_0301_0150.jpg 1 250 183 301 150
0279_0120_0262_0254_0127.jpg 1 120 262 254 127
0280_0048_0163_0103_0051.jpg 1 48 163 103 51
0281_0319_0391_0087_0043.jpg 1 319 391 87 43
0282_0055_0166_0086_0043.jpg 1 55 166 86 43
0283_0245_0218_0168_0084.jpg 1 245 218 168 84
0284_0444_0338_0145_0072.jpg 1 444 338 145 72
0285_0079_0067_0080_0040.jpg 1 79 67 80 40
0286_0221_0218_0144_0072.jpg 1 221 218 144 72
0287_0144_0036_0155_0077.jpg 1 144 36 155 77
0288_0188_0180_0410_0205.jpg 1 188 180 410 205
0289_0340_0186_0118_0059.jpg 1 340 186 118 59
0290_0150_0025_0131_0065.jpg 1 150 25 131 65
0291_0084_0106_0387_0193.jpg 1 84 106 387 193
0292_0078_0088_0089_0044.jpg 1 78 88 89 44
0293_0163_0140_0128_0064.jpg 1 163 140 128 64
0294_0152_0107_0089_0044.jpg 1 152 107 89 44
0295_0045_0189_0306_0153.jpg 1 45 189 306 153
0296_0042_0104_0203_0101.jpg 1 42 104 203 101
0297_0126_0147_0314_0157.jpg 1 126 147 314 157
0298_0036_0131_0111_0055.jpg 1 36 131 111 55
0299_0214_0223_0280_0140.jpg 1 214 223 280 140
0300_0053_0142_0107_0053.jpg 1 53 142 107 53
0301_0344_0206_0140_0070.jpg 1 344 206 140 70
0302_0372_0336_0202_0101.jpg 1 372 336 202 101
0303_0147_0160_0248_0124.jpg 1 147 160 248 124
0304_0041_0146_0123_0061.jpg 1 41 146 123 61
0305_0076_0181_0372_0186.jpg 1 76 181 372 186
0306_0322_0125_0185_0092.jpg 1 322 125 185 92
0307_0010_0141_0133_0066.jpg 1 10 141 133 66
0308_0057_0074_0134_0067.jpg 1 57 74 134 67
0309_0041_0084_0118_0059.jpg 1 41 84 118 59
0310_0131_0216_0348_0174.jpg 1 131 216 348 174
0311_0160_0051_0207_0103.jpg 1 160 51 207 103
0312_0028_0163_0085_0042.jpg 1 28 163 85 42
0313_0297_0075_0244_0122.jpg 1 297 75 244 122
0314_0097_0076_0184_0092.jpg 1 97 76 184 92
0315_0075_0038_0105_0052.jpg 1 75 38 105 52
0316_0170_0117_0130_0065.jpg 1 170 117 130 65
0317_0031_0089_0112_0056.jpg 1 31 89 112 56
0318_0322_0081_0093_0046.jpg 1 322 81 93 46
0319_0041_0163_0117_0058.jpg 1 41 163 117 58
0320_0033_0092_0083_0041.jpg 1 33 92 83 41
0321_0083_0071_0110_0055.jpg 1 83 71 110 55
0322_0061_0319_0322_0161.jpg 1 61 319 322 161
0323_0225_0184_0387_0193.jpg 1 225 184 387 193
0324_0300_0175_0186_0093.jpg 1 300 175 186 93
0325_0218_0079_0293_0146.jpg 1 218 79 293 146
0326_0018_0152_0131_0065.jpg 1 18 152 131 65
0327_0101_0165_0212_0106.jpg 1 101 165 212 106
0328_0044_0201_0379_0189.jpg 1 44 201 379 189
0329_0133_0073_0392_0196.jpg 1 133 73 392 196
0330_0033_0106_0097_0048.jpg 1 33 106 97 48
0331_0055_0033_0214_0107.jpg 1 55 33 214 107
0332_0137_0027_0160_0080.jpg 1 137 27 160 80
0333_0284_0132_0318_0159.jpg 1 284 132 318 159
0334_0151_0090_0100_0050.jpg 1 151 90 100 50
0335_0037_0066_0085_0042.jpg 1 37 66 85 42
0336_0101_0076_0080_0040.jpg 1 101 76 80 40
0337_0406_0060_0136_0068.jpg 1 406 60 136 68
0338_0044_0066_0081_0040.jpg 1 44 66 81 40
0339_0165_0075_0116_0058.jpg 1 165 75 116 58
0340_0021_0043_0102_0051.jpg 1 21 43 102 51
0341_0025_0127_0096_0048.jpg 1 25 127 96 48
0342_0354_0267_0195_0097.jpg 1 354 267 195 97
0343_0104_0048_0096_0048.jpg 1 104 48 96 48
0344_0132_0189_0402_0201.jpg 1 132 189 402 201
0345_0079_0122_0162_0081.jpg 1 79 122 162 81
0346_0166_0180_0367_0183.jpg 1 166 180 367 183
0347_0118_0061_0104_0052.jpg 1 118 61 104 52
0348_0143_0089_0414_0207.jpg 1 143 89 414 207
0349_0221_0196_0386_0193.jpg 1 221 196 386 193
0350_0083_0140_0135_0067.jpg 1 83 140 135 67
0351_0271_0317_0107_0053.jpg 1 271 317 107 53
0352_0073_0015_0214_0107.jpg 1 73 15 214 107
0353_0046_0170_0081_0040.jpg 1 46 170 81 40
0354_0103_0093_0150_0075.jpg 1 103 93 150 75
0355_0111_0064_0209_0104.jpg 1 111 64 209 104
0356_0166_0067_0121_0060.jpg 1 166 67 121 60
0357_0123_0103_0137_0068.jpg 1 123 103 137 68
0358_0064_0261_0261_0130.jpg 1 64 261 261 130
0359_0073_0260_0308_0154.jpg 1 73 260 308 154
0360_0341_0072_0237_0118.jpg 1 341 72 237 118
0361_0084_0016_0148_0074.jpg 1 84 16 148 74
0362_0166_0119_0371_0185.jpg 1 166 119 371 185
0363_0113_0033_0165_0082.jpg 1 113 33 165 82
0364_0023_0107_0086_0043.jpg 1 23 107 86 43
0365_0208_0142_0247_0123.jpg 1 208 142 247 123
0366_0064_0129_0149_0074.jpg 1 64 129 149 74
0367_0062_0257_0086_0043.jpg 1 62 257 86 43
0368_0143_0085_0221_0110.jpg 1 143 85 221 110
0369_0133_0221_0268_0134.jpg 1 133 221 268 134
0370_0337_0277_0135_0067.jpg 1 337 277 135 67
0371_0288_0036_0243_0121.jpg 1 288 36 243 121
0372_0011_0047_0158_0079.jpg 1 11 47 158 79
0373_0101_0021_0105_0052.jpg 1 101 21 105 52
0374_0181_0109_0080_0040.jpg 1 181 109 80 40
0375_0038_0259_0281_0140.jpg 1 38 259 281 140
0376_0179_0119_0320_0160.jpg 1 179 119 320 160
0377_0017_0111_0104_0052.jpg 1 17 111 104 52
0378_0229_0494_0125_0062.jpg 1 229 494 125 62
0379_0006_0037_0086_0043.jpg 1 6 37 86 43
0380_0065_0167_0296_0148.jpg 1 65 167 296 148
0381_0353_0069_0234_0117.jpg 1 353 69 234 117
0382_0050_0041_0091_0045.jpg 1 50 41 91 45
0383_0009_0121_0084_0042.jpg 1 9 121 84 42
0384_0378_0046_0083_0041.jpg 1 378 46 83 41
0385_0086_0082_0396_0198.jpg 1 86 82 396 198
0386_0454_0382_0090_0045.jpg 1 454 382 90 45
0387_0216_0076_0346_0173.jpg 1 216 76 346 173
0388_0133_0074_0121_0060.jpg 1 133 74 121 60
0389_0142_0080_0442_0221.jpg 1 142 80 442 221
0390_0023_0024_0096_0048.jpg 1 23 24 96 48
0391_0166_0172_0269_0134.jpg 1 166 172 269 134
0392_0078_0189_0332_0166.jpg 1 78 189 332 166
0393_0122_0135_0080_0040.jpg 1 122 135 80 40
0394_0077_0092_0120_0060.jpg 1 77 92 120 60
0395_0014_0060_0121_0060.jpg 1 14 60 121 60
0396_0075_0406_0161_0080.jpg 1 75 406 161 80
0397_0122_0042_0136_0068.jpg 1 122 42 136 68
0398_0078_0206_0342_0171.jpg 1 78 206 342 171
0399_0330_0104_0236_0118.jpg 1 330 104 236 118
0400_0183_0144_0288_0144.jpg 1 183 144 288 144
0401_0056_0121_0204_0102.jpg 1 56 121 204 102
0402_0178_0281_0211_0105.jpg 1 178 281 211 105
0403_0019_0044_0169_0084.jpg 1 19 44 169 84
0404_0162_0165_0275_0137.jpg 1 162 165 275 137
0405_0037_0068_0090_0045.jpg 1 37 68 90 45
0406_0119_0261_0156_0078.jpg 1 119 261 156 78
0407_0258_0051_0227_0113.jpg 1 258 51 227 113
0408_0041_0150_0432_0216.jpg 1 41 150 432 216
0409_0127_0284_0133_0066.jpg 1 127 284 133 66
0410_0245_0277_0206_0103.jpg 1 245 277 206 103
0411_0038_0107_0143_0071.jpg 1 38 107 143 71
0412_0108_0237_0270_0135.jpg 1 108 237 270 135
0413_0283_0247_0224_0112.jpg 1 283 247 224 112
0414_0021_0429_0306_0153.jpg 1 21 429 306 153
0415_0099_0161_0278_0139.jpg 1 99 161 278 139
0416_0092_0283_0085_0042.jpg 1 92 283 85 42
0417_0078_0144_0393_0196.jpg 1 78 144 393 196
0418_0172_0070_0108_0054.jpg 1 172 70 108 54
0419_0172_0145_0374_0187.jpg 1 172 145 374 187
0420_0027_0069_0138_0069.jpg 1 27 69 138 69
0421_0035_0018_0197_0098.jpg 1 35 18 197 98
0422_0052_0035_0157_0078.jpg 1 52 35 157 78
0423_0070_0086_0092_0046.jpg 1 70 86 92 46
0424_0340_0253_0130_0065.jpg 1 340 253 130 65
0425_0185_0035_0099_0049.jpg 1 185 35 99 49
0426_0332_0155_0092_0046.jpg 1 332 155 92 46
0427_0064_0055_0105_0052.jpg 1 64 55 105 52
0428_0024_0029_0205_0102.jpg 1 24 29 205 102
0429_0277_0421_0165_0082.jpg 1 277 421 165 82
0430_0046_0111_0220_0110.jpg 1 46 111 220 110
0431_0026_0117_0211_0105.jpg 1 26 117 211 105
0432_0029_0073_0101_0050.jpg 1 29 73 101 50
0433_0088_0019_0179_0089.jpg 1 88 19 179 89
0434_0054_0125_0092_0046.jpg 1 54 125 92 46
0435_0065_0205_0118_0059.jpg 1 65 205 118 59
0436_0011_0103_0123_0061.jpg 1 11 103 123 61
0437_0128_0114_0115_0057.jpg 1 128 114 115 57
0438_0059_0050_0083_0041.jpg 1 59 50 83 41
0439_0045_0087_0200_0100.jpg 1 45 87 200 100
0440_0121_0273_0188_0094.jpg 1 121 273 188 94
0441_0078_0131_0121_0060.jpg 1 78 131 121 60
0442_0166_0046_0424_0212.jpg 1 166 46 424 212
0443_0132_0069_0115_0057.jpg 1 132 69 115 57
0444_0065_0053_0097_0048.jpg 1 65 53 97 48
0445_0197_0144_0233_0116.jpg 1 197 144 233 116
0446_0306_0409_0122_0061.jpg 1 306 409 122 61
0447_0244_0205_0221_0110.jpg 1 244 205 221 110
0448_0084_0006_0113_0056.jpg 1 84 6 113 56
0449_0111_0085_0093_0046.jpg 1 111 85 93 46
0450_0175_0203_0395_0197.jpg 1 175 203 395 197
0451_0061_0055_0209_0104.jpg 1 61 55 209 104
0452_0190_0367_0130_0065.jpg 1 190 367 130 65
0453_0232_0262_0138_0069.jpg 1 232 262 138 69
0454_0042_0022_0188_0094.jpg 1 42 22 188 94
0455_0025_0072_0092_0046.jpg 1 25 72 92 46
0456_0151_0096_0134_0067.jpg 1 151 96 134 67
0457_0179_0061_0310_0155.jpg 1 179 61 310 155
0458_0151_0185_0205_0102.jpg 1 151 185 205 102
0459_0052_0008_0215_0107.jpg 1 52 8 215 107
0460_0351_0130_0105_0052.jpg 1 351 130 105 52
0461_0153_0255_0177_0088.jpg 1 153 255 177 88
0462_0014_0084_0094_0047.jpg 1 14 84 94 47
0463_0048_0099_0115_0057.jpg 1 48 99 115 57
0464_0092_0039_0119_0059.jpg 1 92 39 119 59
0465_0189_0154_0424_0212.jpg 1 189 154 424 212
0466_0059_0059_0089_0044.jpg 1 59 59 89 44
0467_0095_0142_0111_0055.jpg 1 95 142 111 55
0468_0019_0063_0222_0111.jpg 1 19 63 222 111
0469_0077_0144_0260_0130.jpg 1 77 144 260 130
0470_0098_0103_0091_0045.jpg 1 98 103 91 45
0471_0177_0152_0201_0100.jpg 1 177 152 201 100
0472_0066_0020_0206_0103.jpg 1 66 20 206 103
0473_0083_0053_0179_0089.jpg 1 83 53 179 89
0474_0051_0120_0094_0047.jpg 1 51 120 94 47
0475_0186_0143_0145_0072.jpg 1 186 143 145 72
0476_0076_0176_0367_0183.jpg 1 76 176 367 183
0477_0104_0029_0081_0040.jpg 1 104 29 81 40
0478_0048_0100_0124_0062.jpg 1 48 100 124 62
0479_0021_0159_0116_0058.jpg 1 21 159 116 58
0480_0166_0255_0364_0182.jpg 1 166 255 364 182
0481_0055_0062_0284_0142.jpg 1 55 62 284 142
0482_0056_0102_0135_0067.jpg 1 56 102 135 67
0483_0223_0038_0339_0169.jpg 1 223 38 339 169
0484_0432_0169_0108_0054.jpg 1 432 169 108 54
0485_0071_0230_0165_0082.jpg 1 71 230 165 82
0486_0050_0215_0350_0175.jpg 1 50 215 350 175
0487_0096_0077_0176_0088.jpg 1 96 77 176 88
0488_0064_0192_0129_0064.jpg 1 64 192 129 64
0489_0018_0053_0133_0066.jpg 1 18 53 133 66
0490_0009_0100_0111_0055.jpg 1 9 100 111 55
0491_0040_0098_0115_0057.jpg 1 40 98 115 57
0492_0051_0129_0081_0040.jpg 1 51 129 81 40
0493_0048_0137_0133_0066.jpg 1 48 137 133 66
0494_0187_0061_0398_0199.jpg 1 187 61 398 199
0495_0133_0064_0256_0128.jpg 1 133 64 256 128
0496_0095_0040_0315_0157.jpg 1 95 40 315 157
0497_0141_0165_0156_0078.jpg 1 141 165 156 78
0498_0319_0071_0281_0140.jpg 1 319 71 281 140
0499_0050_0064_0096_0048.jpg 1 50 64 96 48
0500_0032_0121_0195_0097.jpg 1 32 121 195 97
0501_0328_0099_0212_0106.jpg 1 328 99 212 106
0502_0163_0243_0265_0132.jpg 1 163 243 265 132
0503_0033_0080_0258_0129.jpg 1 33 80 258 129
0504_0291_0161_0268_0134.jpg 1 291 161 268 134
0505_0127_0234_0276_0138.jpg 1 127 234 276 138
0506_0015_0134_0135_0067.jpg 1 15 134 135 67
0507_0098_0053_0090_0045.jpg 1 98 53 90 45
0508_0129_0058_0101_0050.jpg 1 129 58 101 50
0509_0336_0206_0228_0114.jpg 1 336 206 228 114
0510_0013_0024_0188_0094.jpg 1 13 24 188 94
0511_0040_0081_0104_0052.jpg 1 40 81 104 52
0512_0020_0051_0114_0057.jpg 1 20 51 114 57
0513_0150_0158_0447_0223.jpg 1 150 158 447 223
0514_0251_0247_0167_0083.jpg 1 251 247 167 83
0515_0106_0120_0215_0107.jpg 1 106 120 215 107
0516_0365_0267_0103_0051.jpg 1 365 267 103 51
0517_0158_0319_0226_0113.jpg 1 158 319 226 113
0518_0091_0019_0116_0058.jpg 1 91 19 116 58
0519_0011_0164_0094_0047.jpg 1 11 164 94 47
0520_0160_0041_0396_0198.jpg 1 160 41 396 198
0521_0027_0121_0104_0052.jpg 1 27 121 104 52
0522_0049_0366_0172_0086.jpg 1 49 366 172 86
0523_0141_0091_0162_0081.jpg 1 141 91 162 81
0524_0035_0501_0132_0066.jpg 1 35 501 132 66
0525_0014_0141_0094_0047.jpg 1 14 141 94 47
0526_0100_0316_0277_0138.jpg 1 100 316 277 138
0527_0385_0235_0163_0081.jpg 1 385 235 163 81
0528_0064_0152_0133_0066.jpg 1 64 152 133 66
0529_0190_0226_0219_0109.jpg 1 190 226 219 109
0530_0034_0042_0197_0098.jpg 1 34 42 197 98
0531_0029_0098_0087_0043.jpg 1 29 98 87 43
0532_0112_0249_0397_0198.jpg 1 112 249 397 198
0533_0210_0067_0222_0111.jpg 1 210 67 222 111
0534_0139_0172_0293_0146.jpg 1 139 172 293 146
0535_0114_0185_0309_0154.jpg 1 114 185 309 154
0536_0123_0034_0340_0170.jpg 1 123 34 340 170
0537_0037_0137_0140_0070.jpg 1 37 137 140 70
0538_0244_0170_0364_0182.jpg 1 244 170 364 182
0539_0122_0020_0134_0067.jpg 1 122 20 134 67
0540_0336_0206_0208_0104.jpg 1 336 206 208 104
0541_0031_0061_0146_0073.jpg 1 31 61 146 73
0542_0023_0037_0203_0101.jpg 1 23 37 203 101
0543_0034_0170_0084_0042.jpg 1 34 170 84 42
0544_0279_0271_0086_0043.jpg 1 279 271 86 43
0545_0079_0069_0217_0108.jpg 1 79 69 217 108
0546_0166_0033_0444_0222.jpg 1 166 33 444 222
0547_0038_0148_0105_0052.jpg 1 38 148 105 52
0548_0179_0110_0098_0049.jpg 1 179 110 98 49
0549_0032_0118_0132_0066.jpg 1 32 118 132 66
0550_0253_0051_0098_0049.jpg 1 253 51 98 49
0551_0074_0094_0384_0192.jpg 1 74 94 384 192
0552_0112_0301_0265_0132.jpg 1 112 301 265 132
0553_0196_0238_0384_0192.jpg 1 196 238 384 192
0554_0261_0126_0273_0136.jpg 1 261 126 273 136
0555_0265_0097_0128_0064.jpg 1 265 97 128 64
0556_0095_0256_0388_0194.jpg 1 95 256 388 194
0557_0091_0288_0105_0052.jpg 1 91 288 105 52
0558_0011_0035_0176_0088.jpg 1 11 35 176 88
0559_0007_0063_0121_0060.jpg 1 7 63 121 60
0560_0174_0257_0296_0148.jpg 1 174 257 296 148
0561_0248_0052_0362_0181.jpg 1 248 52 362 181
0562_0062_0027_0149_0074.jpg 1 62 27 149 74
0563_0045_0105_0085_0042.jpg 1 45 105 85 42
0564_0076_0081_0095_0047.jpg 1 76 81 95 47
0565_0067_0035_0125_0062.jpg 1 67 35 125 62
0566_0051_0018_0167_0083.jpg 1 51 18 167 83
0567_0483_0066_0088_0044.jpg 1 483 66 88 44
0568_0024_0042_0120_0060.jpg 1 24 42 120 60
0569_0147_0054_0124_0062.jpg 1 147 54 124 62
0570_0068_0140_0150_0075.jpg 1 68 140 150 75
0571_0076_0013_0167_0083.jpg 1 76 13 167 83
0572_0065_0110_0082_0041.jpg 1 65 110 82 41
0573_0024_0104_0151_0075.jpg 1 24 104 151 75
0574_0145_0209_0315_0157.jpg 1 145 209 315 157
0575_0034_0077_0119_0059.jpg 1 34 77 119 59
0576_0217_0270_0093_0046.jpg 1 217 270 93 46
0577_0157_0439_0283_0141.jpg 1 157 439 283 141
0578_0036_0033_0214_0107.jpg 1 36 33 214 107
0579_0019_0094_0174_0087.jpg 1 19 94 174 87
0580_0274_0521_0080_0040.jpg 1 274 521 80 40
0581_0146_0089_0146_0073.jpg 1 146 89 146 73
0582_0025_0077_0198_0099.jpg 1 25 77 198 99
0583_0082_0163_0262_0131.jpg 1 82 163 262 131
0584_0159_0115_0294_0147.jpg 1 159 115 294 147
0585_0079_0157_0222_0111.jpg 1 79 157 222 111
0586_0383_0212_0091_0045.jpg 1 383 212 91 45
0587_0099_0069_0160_0080.jpg 1 99 69 160 80
0588_0095_0128_0300_0150.jpg 1 95 128 300 150
0589_0152_0392_0236_0118.jpg 1 152 392 236 118
0590_0035_0024_0146_0073.jpg 1 35 24 146 73
0591_0013_0069_0142_0071.jpg 1 13 69 142 71
0592_0081_0123_0332_0166.jpg 1 81 123 332 166
0593_0029_0072_0124_0062.jpg 1 29 72 124 62
0594_0020_0032_0149_0074.jpg 1 20 32 149 74
0595_0346_0048_0181_0090.jpg 1 346 48 181 90
0596_0033_0087_0104_0052.jpg 1 33 87 104 52
0597_0110_0079_0082_0041.jpg 1 110 79 82 41
0598_0038_0114_0106_0053.jpg 1 38 114 106 53
0599_0115_0155_0287_0143.jpg 1 115 155 287 143
0600_0115_0087_0435_0217.jpg 1 115 87 435 217
0601_0048_0409_0112_0056.jpg 1 48 409 112 56
0602_0219_0195_0118_0059.jpg 1 219 195 118 59
0603_0307_0268_0090_0045.jpg 1 307 268 90 45
0604_0081_0030_0158_0079.jpg 1 81 30 158 79
0605_0229_0287_0221_0110.jpg 1 229 287 221 110
0606_0439_0108_0107_0053.jpg 1 439 108 107 53
0607_0058_0258_0264_0132.jpg 1 58 258 264 132
0608_0186_0024_0095_0047.jpg 1 186 24 95 47
0609_0034_0137_0413_0206.jpg 1 34 137 413 206
0610_0054_0161_0203_0101.jpg 1 54 161 203 101
0611_0108_0124_0347_0173.jpg 1 108 124 347 173
0612_0117_0062_0117_0058.jpg 1 117 62 117 58
0613_0374_0259_0152_0076.jpg 1 374 259 152 76
0614_0098_0260_0184_0092.jpg 1 98 260 184 92
0615_0037_0126_0142_0071.jpg 1 37 126 142 71
0616_0133_0103_0430_0215.jpg 1 133 103 430 215
0617_0032_0099_0084_0042.jpg 1 32 99 84 42
0618_0129_0123_0169_0084.jpg 1 129 123 169 84
0619_0260_0071_0255_0127.jpg 1 260 71 255 127
0620_0119_0031_0168_0084.jpg 1 119 31 168 84
0621_0108_0150_0214_0107.jpg 1 108 150 214 107
0622_0053_0073_0150_0075.jpg 1 53 73 150 75
0623_0038_0065_0129_0064.jpg 1 38 65 129 64
0624_0113_0035_0141_0070.jpg 1 113 35 141 70
0625_0083_0200_0387_0193.jpg 1 83 200 387 193
0626_0073_0065_0272_0136.jpg 1 73 65 272 136
0627_0051_0069_0201_0100.jpg 1 51 69 201 100
0628_0128_0117_0407_0203.jpg 1 128 117 407 203
0629_0056_0069_0198_0099.jpg 1 56 69 198 99
0630_0082_0031_0385_0192.jpg 1 82 31 385 192
0631_0090_0157_0334_0167.jpg 1 90 157 334 167
0632_0233_0415_0091_0045.jpg 1 233 415 91 45
0633_0045_0144_0099_0049.jpg 1 45 144 99 49
0634_0079_0089_0126_0063.jpg 1 79 89 126 63
0635_0094_0032_0157_0078.jpg 1 94 32 157 78
0636_0255_0207_0287_0143.jpg 1 255 207 287 143
0637_0043_0095_0080_0040.jpg 1 43 95 80 40
0638_0148_0262_0369_0184.jpg 1 148 262 369 184
0639_0337_0225_0084_0042.jpg 1 337 225 84 42
0640_0021_0055_0112_0056.jpg 1 21 55 112 56
0641_0087_0018_0220_0110.jpg 1 87 18 220 110
0642_0061_0244_0270_0135.jpg 1 61 244 270 135
0643_0191_0042_0097_0048.jpg 1 191 42 97 48
0644_0240_0091_0232_0116.jpg 1 240 91 232 116
0645_0160_0117_0107_0053.jpg 1 160 117 107 53
0646_0071_0106_0083_0041.jpg 1 71 106 83 41
0647_0135_0094_0111_0055.jpg 1 135 94 111 55
0648_0042_0041_0099_0049.jpg 1 42 41 99 49
0649_0069_0250_0159_0079.jpg 1 69 250 159 79
0650_0100_0028_0121_0060.jpg 1 100 28 121 60
0651_0099_0104_0121_0060.jpg 1 99 104 121 60
0652_0034_0150_0127_0063.jpg 1 34 150 127 63
0653_0059_0030_0121_0060.jpg 1 59 30 121 60
0654_0115_0052_0175_0087.jpg 1 115 52 175 87
0655_0217_0434_0085_0042.jpg 1 217 434 85 42
0656_0175_0160_0387_0193.jpg 1 175 160 387 193
0657_0036_0094_0095_0047.jpg 1 36 94 95 47
0658_0055_0101_0322_0161.jpg 1 55 101 322 161
0659_0029_0096_0166_0083.jpg 1 29 96 166 83
0660_0067_0128_0167_0083.jpg 1 67 128 167 83
0661_0066_0097_0114_0057.jpg 1 66 97 114 57
0662_0266_0235_0110_0055.jpg 1 266 235 110 55
0663_0057_0435_0266_0133.jpg 1 57 435 266 133
0664_0115_0053_0099_0049.jpg 1 115 53 99 49
0665_0179_0073_0392_0196.jpg 1 179 73 392 196
0666_0058_0019_0195_0097.jpg 1 58 19 195 97
0667_0437_0217_0125_0062.jpg 1 437 217 125 62
0668_0091_0071_0196_0098.jpg 1 91 71 196 98
0669_0145_0099_0344_0172.jpg 1 145 99 344 172
0670_0066_0068_0182_0091.jpg 1 66 68 182 91
0671_0178_0351_0099_0049.jpg 1 178 351 99 49
0672_0116_0311_0172_0086.jpg 1 116 311 172 86
0673_0056_0047_0434_0217.jpg 1 56 47 434 217
0674_0044_0066_0080_0040.jpg 1 44 66 80 40
0675_0083_0045_0124_0062.jpg 1 83 45 124 62
0676_0229_0188_0149_0074.jpg 1 229 188 149 74
0677_0069_0091_0181_0090.jpg 1 69 91 181 90
0678_0434_0081_0100_0050.jpg 1 434 81 100 50
0679_0207_0305_0280_0140.jpg 1 207 305 280 140
0680_0245_0070_0134_0067.jpg 1 245 70 134 67
0681_0197_0333_0204_0102.jpg 1 197 333 204 102
0682_0349_0243_0174_0087.jpg 1 349 243 174 87
0683_0089_0309_0154_0077.jpg 1 89 309 154 77
0684_0179_0068_0118_0059.jpg 1 179 68 118 59
0685_0071_0393_0312_0156.jpg 1 71 393 312 156
0686_0076_0022_0096_0048.jpg 1 76 22 96 48
0687_0051_0094_0127_0063.jpg 1 51 94 127 63
0688_0039_0112_0117_0058.jpg 1 39 112 117 58
0689_0051_0042_0129_0064.jpg 1 51 42 129 64
0690_0028_0139_0288_0144.jpg 1 28 139 288 144
0691_0081_0013_0201_0100.jpg 1 81 13 201 100
0692_0180_0513_0135_0067.jpg 1 180 513 135 67
0693_0064_0021_0205_0102.jpg 1 64 21 205 102
0694_0167_0152_0333_0166.jpg 1 167 152 333 166
0695_0080_0163_0097_0048.jpg 1 80 163 97 48
0696_0090_0017_0196_0098.jpg 1 90 17 196 98
0697_0124_0163_0090_0045.jpg 1 124 163 90 45
0698_0059_0055_0118_0059.jpg 1 59 55 118 59
0699_0269_0243_0200_0100.jpg 1 269 243 200 100
0700_0262_0149_0231_0115.jpg 1 262 149 231 115
0701_0050_0040_0150_0075.jpg 1 50 40 150 75
0702_0175_0171_0386_0193.jpg 1 175 171 386 193
0703_0169_0223_0221_0110.jpg 1 169 223 221 110
0704_0089_0030_0125_0062.jpg 1 89 30 125 62
0705_0225_0261_0173_0086.jpg 1 225 261 173 86
0706_0142_0277_0283_0141.jpg 1 142 277 283 141
0707_0081_0023_0134_0067.jpg 1 81 23 134 67
0708_0029_0444_0261_0130.jpg 1 29 444 261 130
0709_0135_0163_0245_0122.jpg 1 135 163 245 122
0710_0114_0138_0116_0058.jpg 1 114 138 116 58
0711_0087_0199_0156_0078.jpg 1 87 199 156 78
0712_0051_0115_0154_0077.jpg 1 51 115 154 77
0713_0393_0383_0100_0050.jpg 1 393 383 100 50
0714_0051_0165_0110_0055.jpg 1 51 165 110 55
0715_0062_0036_0127_0063.jpg 1 62 36 127 63
0716_0049_0204_0354_0177.jpg 1 49 204 354 177
0717_0063_0095_0187_0093.jpg 1 63 95 187 93
0718_0427_0379_0095_0047.jpg 1 427 379 95 47
0719_0106_0067_0209_0104.jpg 1 106 67 209 104
0720_0330_0363_0119_0059.jpg 1 330 363 119 59
0721_0043_0223_0332_0166.jpg 1 43 223 332 166
0722_0092_0182_0338_0169.jpg 1 92 182 338 169
0723_0014_0154_0089_0044.jpg 1 14 154 89 44
0724_0303_0115_0299_0149.jpg 1 303 115 299 149
0725_0158_0297_0157_0078.jpg 1 158 297 157 78
0726_0017_0036_0081_0040.jpg 1 17 36 81 40
0727_0054_0154_0127_0063.jpg 1 54 154 127 63
0728_0018_0151_0124_0062.jpg 1 18 151 124 62
0729_0059_0364_0094_0047.jpg 1 59 364 94 47
0730_0033_0046_0162_0081.jpg 1 33 46 162 81
0731_0087_0028_0211_0105.jpg 1 87 28 211 105
0732_0197_0205_0232_0116.jpg 1 197 205 232 116
0733_0079_0013_0215_0107.jpg 1 79 13 215 107
0734_0212_0129_0210_0105.jpg 1 212 129 210 105
0735_0120_0114_0143_0071.jpg 1 120 114 143 71
0736_0217_0171_0108_0054.jpg 1 217 171 108 54
0737_0175_0061_0249_0124.jpg 1 175 61 249 124
0738_0141_0103_0137_0068.jpg 1 141 103 137 68
0739_0216_0215_0276_0138.jpg 1 216 215 276 138
0740_0047_0037_0130_0065.jpg 1 47 37 130 65
0741_0081_0322_0102_0051.jpg 1 81 322 102 51
0742_0344_0099_0249_0124.jpg 1 344 99 249 124
0743_0044_0084_0087_0043.jpg 1 44 84 87 43
0744_0191_0105_0103_0051.jpg 1 191 105 103 51
0745_0074_0341_0176_0088.jpg 1 74 341 176 88
0746_0086_0030_0083_0041.jpg 1 86 30 83 41
0747_0017_0062_0161_0080.jpg 1 17 62 161 80
0748_0251_0182_0209_0104.jpg 1 251 182 209 104
0749_0044_0140_0167_0083.jpg 1 44 140 167 83
0750_0036_0139_0121_0060.jpg 1 36 139 121 60
0751_0028_0105_0207_0103.jpg 1 28 105 207 103
0752_0088_0071_0177_0088.jpg 1 88 71 177 88
0753_0122_0125_0217_0108.jpg 1 122 125 217 108
0754_0251_0207_0274_0137.jpg 1 251 207 274 137
0755_0112_0206_0273_0136.jpg 1 112 206 273 136
0756_0022_0087_0311_0155.jpg 1 22 87 311 155
0757_0074_0248_0253_0126.jpg 1 74 248 253 126
0758_0060_0114_0141_0070.jpg 1 60 114 141 70
0759_0054_0179_0442_0221.jpg 1 54 179 442 221
0760_0041_0233_0408_0204.jpg 1 41 233 408 204
0761_0293_0302_0215_0107.jpg 1 293 302 215 107
0762_0051_0089_0134_0067.jpg 1 51 89 134 67
0763_0281_0183_0141_0070.jpg 1 281 183 141 70
0764_0121_0028_0161_0080.jpg 1 121 28 161 80
0765_0026_0100_0154_0077.jpg 1 26 100 154 77
0766_0372_0136_0103_0051.jpg 1 372 136 103 51
0767_0434_0146_0130_0065.jpg 1 434 146 130 65
0768_0121_0081_0147_0073.jpg 1 121 81 147 73
0769_0207_0300_0260_0130.jpg 1 207 300 260 130
0770_0057_0058_0235_0117.jpg 1 57 58 235 117
0771_0218_0319_0183_0091.jpg 1 218 319 183 91
0772_0043_0407_0101_0050.jpg 1 43 407 101 50
0773_0289_0078_0123_0061.jpg 1 289 78 123 61
0774_0140_0168_0208_0104.jpg 1 140 168 208 104
0775_0065_0082_0150_0075.jpg 1 65 82 150 75
0776_0146_0183_0134_0067.jpg 1 146 183 134 67
0777_0134_0158_0265_0132.jpg 1 134 158 265 132
0778_0155_0146_0437_0218.jpg 1 155 146 437 218
0779_0202_0226_0401_0200.jpg 1 202 226 401 200
0780_0053_0107_0127_0063.jpg 1 53 107 127 63
0781_0021_0081_0120_0060.jpg 1 21 81 120 60
0782_0110_0257_0365_0182.jpg 1 110 257 365 182
0783_0216_0141_0160_0080.jpg 1 216 141 160 80
0784_0251_0042_0128_0064.jpg 1 251 42 128 64
0785_0036_0131_0094_0047.jpg 1 36 131 94 47
0786_0062_0228_0438_0219.jpg 1 62 228 438 219
0787_0266_0270_0337_0168.jpg 1 266 270 337 168
0788_0052_0262_0362_0181.jpg 1 52 262 362 181
0789_0162_0230_0264_0132.jpg 1 162 230 264 132
0790_0154_0047_0425_0212.jpg 1 154 47 425 212
0791_0255_0227_0161_0080.jpg 1 255 227 161 80
0792_0091_0067_0439_0219.jpg 1 91 67 439 219
0793_0033_0393_0192_0096.jpg 1 33 393 192 96
0794_0126_0052_0295_0147.jpg 1 126 52 295 147
0795_0430_0183_0116_0058.jpg 1 430 183 116 58
0796_0034_0118_0168_0084.jpg 1 34 118 168 84
0797_0021_0127_0122_0061.jpg 1 21 127 122 61
0798_0125_0239_0316_0158.jpg 1 125 239 316 158
0799_0233_0183_0348_0174.jpg 1 233 183 348 174
0800_0049_0153_0121_0060.jpg 1 49 153 121 60
0801_0071_0216_0430_0215.jpg 1 71 216 430 215
0802_0337_0098_0167_0083.jpg 1 337 98 167 83
0803_0076_0324_0302_0151.jpg 1 76 324 302 151
0804_0131_0184_0209_0104.jpg 1 131 184 209 104
0805_0138_0219_0129_0064.jpg 1 138 219 129 64
0806_0109_0039_0111_0055.jpg 1 109 39 111 55
0807_0214_0084_0171_0085.jpg 1 214 84 171 85
0808_0057_0110_0133_0066.jpg 1 57 110 133 66
0809_0017_0087_0115_0057.jpg 1 17 87 115 57
0810_0040_0086_0158_0079.jpg 1 40 86 158 79
0811_0174_0351_0081_0040.jpg 1 174 351 81 40
0812_0034_0081_0120_0060.jpg 1 34 81 120 60
0813_0267_0326_0157_0078.jpg 1 267 326 157 78
0814_0136_0110_0441_0220.jpg 1 136 110 441 220
0815_0130_0107_0321_0160.jpg 1 130 107 321 160
0816_0182_0163_0147_0073.jpg 1 182 163 147 73
0817_0128_0114_0419_0209.jpg 1 128 114 419 209
0818_0059_0102_0385_0192.jpg 1 59 102 385 192
0819_0035_0041_0439_0219.jpg 1 35 41 439 219
0820_0020_0038_0107_0053.jpg 1 20 38 107 53
0821_0041_0139_0120_0060.jpg 1 41 139 120 60
0822_0077_0015_0202_0101.jpg 1 77 15 202 101
0823_0212_0529_0084_0042.jpg 1 212 529 84 42
0824_0055_0173_0289_0144.jpg 1 55 173 289 144
0825_0018_0105_0122_0061.jpg 1 18 105 122 61
0826_0030_0030_0393_0196.jpg 1 30 30 393 196
0827_0115_0030_0427_0213.jpg 1 115 30 427 213
0828_0087_0034_0220_0110.jpg 1 87 34 220 110
0829_0020_0155_0120_0060.jpg 1 20 155 120 60
0830_0074_0103_0123_0061.jpg 1 74 103 123 61
0831_0157_0143_0222_0111.jpg 1 157 143 222 111
0832_0153_0256_0233_0116.jpg 1 153 256 233 116
0833_0014_0052_0101_0050.jpg 1 14 52 101 50
0834_0141_0141_0119_0059.jpg 1 141 141 119 59
0835_0088_0017_0221_0110.jpg 1 88 17 221 110
0836_0095_0076_0140_0070.jpg 1 95 76 140 70
0837_0121_0147_0424_0212.jpg 1 121 147 424 212
0838_0214_0082_0150_0075.jpg 1 214 82 150 75
0839_0115_0293_0189_0094.jpg 1 115 293 189 94
0840_0068_0049_0095_0047.jpg 1 68 49 95 47
0841_0125_0088_0107_0053.jpg 1 125 88 107 53
0842_0062_0160_0301_0150.jpg 1 62 160 301 150
0843_0238_0043_0204_0102.jpg 1 238 43 204 102
0844_0246_0222_0228_0114.jpg 1 246 222 228 114
0845_0302_0290_0173_0086.jpg 1 302 290 173 86
0846_0079_0120_0136_0068.jpg 1 79 120 136 68
0847_0156_0023_0099_0049.jpg 1 156 23 99 49
0848_0134_0042_0103_0051.jpg 1 134 42 103 51
0849_0144_0233_0439_0219.jpg 1 144 233 439 219
0850_0139_0375_0320_0160.jpg 1 139 375 320 160
0851_0079_0065_0121_0060.jpg 1 79 65 121 60
0852_0123_0059_0101_0050.jpg 1 123 59 101 50
0853_0032_0041_0206_0103.jpg 1 32 41 206 103
0854_0163_0090_0263_0131.jpg 1 163 90 263 131
0855_0208_0193_0264_0132.jpg 1 208 193 264 132
0856_0056_0162_0104_0052.jpg 1 56 162 104 52
0857_0049_0047_0085_0042.jpg 1 49 47 85 42
0858_0093_0020_0118_0059.jpg 1 93 20 118 59
0859_0072_0059_0160_0080.jpg 1 72 59 160 80
0860_0199_0162_0226_0113.jpg 1 199 162 226 113
0861_0119_0053_0384_0192.jpg 1 119 53 384 192
0862_0176_0050_0416_0208.jpg 1 176 50 416 208
0863_0124_0130_0149_0074.jpg 1 124 130 149 74
0864_0033_0092_0401_0200.jpg 1 33 92 401 200
0865_0037_0197_0438_0219.jpg 1 37 197 438 219
0866_0118_0195_0349_0174.jpg 1 118 195 349 174
0867_0077_0057_0185_0092.jpg 1 77 57 185 92
0868_0116_0256_0299_0149.jpg 1 116 256 299 149
0869_0145_0146_0446_0223.jpg 1 145 146 446 223
0870_0416_0294_0117_0058.jpg 1 416 294 117 58
0871_0020_0052_0104_0052.jpg 1 20 52 104 52
0872_0090_0148_0406_0203.jpg 1 90 148 406 203
0873_0198_0076_0109_0054.jpg 1 198 76 109 54
0874_0043_0093_0182_0091.jpg 1 43 93 182 91
0875_0181_0147_0114_0057.jpg 1 181 147 114 57
0876_0172_0214_0301_0150.jpg 1 172 214 301 150
0877_0017_0038_0108_0054.jpg 1 17 38 108 54
0878_0080_0030_0221_0110.jpg 1 80 30 221 110
0879_0045_0268_0180_0090.jpg 1 45 268 180 90
0880_0096_0039_0185_0092.jpg 1 96 39 185 92
0881_0234_0303_0081_0040.jpg 1 234 303 81 40
0882_0157_0149_0145_0072.jpg 1 157 149 145 72
0883_0022_0111_0096_0048.jpg 1 22 111 96 48
0884_0200_0147_0357_0178.jpg 1 200 147 357 178
0885_0057_0083_0135_0067.jpg 1 57 83 135 67
0886_0139_0121_0126_0063.jpg 1 139 121 126 63
0887_0077_0181_0347_0173.jpg 1 77 181 347 173
0888_0056_0038_0166_0083.jpg 1 56 38 166 83
0889_0039_0121_0140_0070.jpg 1 39 121 140 70
0890_0156_0403_0210_0105.jpg 1 156 403 210 105
0891_0055_0039_0220_0110.jpg 1 55 39 220 110
0892_0027_0056_0153_0076.jpg 1 27 56 153 76
0893_0402_0047_0151_0075.jpg 1 402 47 151 75
0894_0098_0099_0202_0101.jpg 1 98 99 202 101
0895_0043_0200_0309_0154.jpg 1 43 200 309 154
0896_0135_0059_0138_0069.jpg 1 135 59 138 69
0897_0100_0096_0101_0050.jpg 1 100 96 101 50
0898_0062_0271_0139_0069.jpg 1 62 271 139 69
0899_0028_0066_0121_0060.jpg 1 28 66 121 60
0900_0170_0196_0405_0202.jpg 1 170 196 405 202
0901_0061_0049_0112_0056.jpg 1 61 49 112 56
0902_0151_0064_0125_0062.jpg 1 151 64 125 62
0903_0068_0016_0203_0101.jpg 1 68 16 203 101
0904_0123_0420_0119_0059.jpg 1 123 420 119 59
0905_0076_0429_0264_0132.jpg 1 76 429 264 132
0906_0098_0036_0140_0070.jpg 1 98 36 140 70
0907_0306_0379_0105_0052.jpg 1 306 379 105 52
0908_0080_0047_0139_0069.jpg 1 80 47 139 69
0909_0009_0076_0084_0042.jpg 1 9 76 84 42
0910_0018_0032_0205_0102.jpg 1 18 32 205 102
0911_0107_0163_0097_0048.jpg 1 107 163 97 48
0912_0245_0121_0174_0087.jpg 1 245 121 174 87
0913_0199_0257_0363_0181.jpg 1 199 257 363 181
0914_0433_0161_0128_0064.jpg 1 433 161 128 64
0915_0092_0059_0111_0055.jpg 1 92 59 111 55
0916_0053_0048_0166_0083.jpg 1 53 48 166 83
0917_0265_0087_0250_0125.jpg 1 265 87 250 125
0918_0181_0162_0405_0202.jpg 1 181 162 405 202
0919_0066_0059_0225_0112.jpg 1 66 59 225 112
0920_0139_0047_0169_0084.jpg 1 139 47 169 84
0921_0087_0226_0103_0051.jpg 1 87 226 103 51
0922_0164_0116_0331_0165.jpg 1 164 116 331 165
0923_0146_0231_0326_0163.jpg 1 146 231 326 163
0924_0216_0355_0146_0073.jpg 1 216 355 146 73
0925_0026_0163_0117_0058.jpg 1 26 163 117 58
0926_0196_0053_0304_0152.jpg 1 196 53 304 152
0927_0262_0039_0273_0136.jpg 1 262 39 273 136
0928_0094_0094_0122_0061.jpg 1 94 94 122 61
0929_0100_0039_0205_0102.jpg 1 100 39 205 102
0930_0018_0050_0107_0053.jpg 1 18 50 107 53
0931_0358_0092_0134_0067.jpg 1 358 92 134 67
0932_0133_0168_0311_0155.jpg 1 133 168 311 155
0933_0137_0321_0175_0087.jpg 1 137 321 175 87
0934_0175_0376_0282_0141.jpg 1 175 376 282 141
0935_0172_0120_0251_0125.jpg 1 172 120 251 125
0936_0067_0027_0115_0057.jpg 1 67 27 115 57
0937_0028_0080_0296_0148.jpg 1 28 80 296 148
0938_0087_0451_0113_0056.jpg 1 87 451 113 56
0939_0039_0170_0088_0044.jpg 1 39 170 88 44
0940_0015_0148_0104_0052.jpg 1 15 148 104 52
0941_0236_0096_0081_0040.jpg 1 236 96 81 40
0942_0240_0046_0322_0161.jpg 1 240 46 322 161
0943_0073_0325_0161_0080.jpg 1 73 325 161 80
0944_0187_0128_0106_0053.jpg 1 187 128 106 53
0945_0103_0045_0195_0097.jpg 1 103 45 195 97
0946_0232_0105_0263_0131.jpg 1 232 105 263 131
0947_0093_0058_0104_0052.jpg 1 93 58 104 52
0948_0043_0429_0267_0133.jpg 1 43 429 267 133
0949_0122_0063_0171_0085.jpg 1 122 63 171 85
0950_0329_0234_0269_0134.jpg 1 329 234 269 134
0951_0028_0235_0372_0186.jpg 1 28 235 372 186
0952_0080_0317_0258_0129.jpg 1 80 317 258 129
0953_0246_0309_0166_0083.jpg 1 246 309 166 83
0954_0199_0113_0359_0179.jpg 1 199 113 359 179
0955_0074_0130_0106_0053.jpg 1 74 130 106 53
0956_0032_0021_0198_0099.jpg 1 32 21 198 99
0957_0040_0250_0330_0165.jpg 1 40 250 330 165
0958_0121_0141_0192_0096.jpg 1 121 141 192 96
0959_0057_0124_0083_0041.jpg 1 57 124 83 41
0960_0118_0059_0092_0046.jpg 1 118 59 92 46
0961_0183_0272_0253_0126.jpg 1 183 272 253 126
0962_0029_0082_0080_0040.jpg 1 29 82 80 40
0963_0196_0063_0116_0058.jpg 1 196 63 116 58
0964_0033_0144_0375_0187.jpg 1 33 144 375 187
0965_0040_0162_0100_0050.jpg 1 40 162 100 50
0966_0218_0033_0389_0194.jpg 1 218 33 389 194
0967_0142_0069_0358_0179.jpg 1 142 69 358 179
0968_0331_0285_0101_0050.jpg 1 331 285 101 50
0969_0017_0137_0169_0084.jpg 1 17 137 169 84
0970_0085_0137_0164_0082.jpg 1 85 137 164 82
0971_0151_0134_0258_0129.jpg 1 151 134 258 129
0972_0392_0361_0095_0047.jpg 1 392 361 95 47
0973_0281_0170_0280_0140.jpg 1 281 170 280 140
0974_0259_0292_0296_0148.jpg 1 259 292 296 148
0975_0130_0075_0132_0066.jpg 1 130 75 132 66
0976_0120_0135_0189_0094.jpg 1 120 135 189 94
0977_0090_0133_0413_0206.jpg 1 90 133 413 206
0978_0089_0166_0428_0214.jpg 1 89 166 428 214
0979_0046_0149_0106_0053.jpg 1 46 149 106 53
0980_0321_0143_0277_0138.jpg 1 321 143 277 138
0981_0018_0083_0106_0053.jpg 1 18 83 106 53
0982_0114_0052_0116_0058.jpg 1 114 52 116 58
0983_0046_0110_0128_0064.jpg 1 46 110 128 64
0984_0104_0073_0104_0052.jpg 1 104 73 104 52
0985_0143_0031_0111_0055.jpg 1 143 31 111 55
0986_0120_0209_0383_0191.jpg 1 120 209 383 191
0987_0195_0137_0310_0155.jpg 1 195 137 310 155
0988_0046_0126_0132_0066.jpg 1 46 126 132 66
0989_0270_0280_0203_0101.jpg 1 270 280 203 101
0990_0087_0099_0080_0040.jpg 1 87 99 80 40
0991_0208_0256_0225_0112.jpg 1 208 256 225 112
0992_0217_0085_0166_0083.jpg 1 217 85 166 83
0993_0055_0053_0091_0045.jpg 1 55 53 91 45
0994_0153_0254_0390_0195.jpg 1 153 254 390 195
0995_0049_0442_0293_0146.jpg 1 49 442 293 146
0996_0036_0073_0217_0108.jpg 1 36 73 217 108
0997_0112_0026_0160_0080.jpg 1 112 26 160 80
0998_0329_0070_0230_0115.jpg 1 329 70 230 115
0999_0106_0050_0181_0090.jpg 1 106 50 181 90
1000_0262_0274_0197_0098.jpg 1 262 274 197 98
